INFO - 2023-03-17 08:03:23 --> Session: Class initialized using 'CodeIgniter\Session\Handlers\FileHandler' driver.
INFO - 2023-03-17 08:04:56 --> CSRF token verified.
INFO - 2023-03-17 08:04:56 --> Session: Class initialized using 'CodeIgniter\Session\Handlers\FileHandler' driver.
INFO - 2023-03-17 08:04:56 --> Session: Class initialized using 'CodeIgniter\Session\Handlers\FileHandler' driver.
INFO - 2023-03-17 08:08:50 --> Session: Class initialized using 'CodeIgniter\Session\Handlers\FileHandler' driver.
INFO - 2023-03-17 08:08:52 --> CSRF token verified.
INFO - 2023-03-17 08:08:52 --> Session: Class initialized using 'CodeIgniter\Session\Handlers\FileHandler' driver.
INFO - 2023-03-17 08:14:31 --> Session: Class initialized using 'CodeIgniter\Session\Handlers\FileHandler' driver.
INFO - 2023-03-17 08:14:43 --> CSRF token verified.
INFO - 2023-03-17 08:14:43 --> Session: Class initialized using 'CodeIgniter\Session\Handlers\FileHandler' driver.
INFO - 2023-03-17 08:16:16 --> Session: Class initialized using 'CodeIgniter\Session\Handlers\FileHandler' driver.
INFO - 2023-03-17 08:17:00 --> Session: Class initialized using 'CodeIgniter\Session\Handlers\FileHandler' driver.
INFO - 2023-03-17 08:17:04 --> CSRF token verified.
INFO - 2023-03-17 08:17:04 --> Session: Class initialized using 'CodeIgniter\Session\Handlers\FileHandler' driver.
INFO - 2023-03-17 08:17:46 --> Session: Class initialized using 'CodeIgniter\Session\Handlers\FileHandler' driver.
INFO - 2023-03-17 08:19:15 --> Session: Class initialized using 'CodeIgniter\Session\Handlers\FileHandler' driver.
INFO - 2023-03-17 08:19:17 --> CSRF token verified.
INFO - 2023-03-17 08:19:17 --> Session: Class initialized using 'CodeIgniter\Session\Handlers\FileHandler' driver.
INFO - 2023-03-17 08:19:58 --> Session: Class initialized using 'CodeIgniter\Session\Handlers\FileHandler' driver.
INFO - 2023-03-17 08:20:05 --> Session: Class initialized using 'CodeIgniter\Session\Handlers\FileHandler' driver.
INFO - 2023-03-17 08:21:27 --> Session: Class initialized using 'CodeIgniter\Session\Handlers\FileHandler' driver.
INFO - 2023-03-17 08:21:37 --> Session: Class initialized using 'CodeIgniter\Session\Handlers\FileHandler' driver.
INFO - 2023-03-17 08:21:46 --> Session: Class initialized using 'CodeIgniter\Session\Handlers\FileHandler' driver.
INFO - 2023-03-17 08:22:05 --> Session: Class initialized using 'CodeIgniter\Session\Handlers\FileHandler' driver.
INFO - 2023-03-17 08:22:17 --> Session: Class initialized using 'CodeIgniter\Session\Handlers\FileHandler' driver.
INFO - 2023-03-17 08:22:30 --> Session: Class initialized using 'CodeIgniter\Session\Handlers\FileHandler' driver.
INFO - 2023-03-17 08:22:42 --> Session: Class initialized using 'CodeIgniter\Session\Handlers\FileHandler' driver.
INFO - 2023-03-17 08:23:39 --> Session: Class initialized using 'CodeIgniter\Session\Handlers\FileHandler' driver.
INFO - 2023-03-17 08:23:40 --> Session: Class initialized using 'CodeIgniter\Session\Handlers\FileHandler' driver.
INFO - 2023-03-17 08:23:41 --> Session: Class initialized using 'CodeIgniter\Session\Handlers\FileHandler' driver.
INFO - 2023-03-17 08:23:45 --> CSRF token verified.
INFO - 2023-03-17 08:23:45 --> Session: Class initialized using 'CodeIgniter\Session\Handlers\FileHandler' driver.
INFO - 2023-03-17 08:24:43 --> Session: Class initialized using 'CodeIgniter\Session\Handlers\FileHandler' driver.
INFO - 2023-03-17 08:25:30 --> CSRF token verified.
INFO - 2023-03-17 08:25:30 --> Session: Class initialized using 'CodeIgniter\Session\Handlers\FileHandler' driver.
INFO - 2023-03-17 08:26:30 --> Session: Class initialized using 'CodeIgniter\Session\Handlers\FileHandler' driver.
INFO - 2023-03-17 08:26:34 --> CSRF token verified.
INFO - 2023-03-17 08:26:34 --> Session: Class initialized using 'CodeIgniter\Session\Handlers\FileHandler' driver.
INFO - 2023-03-17 08:27:05 --> Session: Class initialized using 'CodeIgniter\Session\Handlers\FileHandler' driver.
INFO - 2023-03-17 08:27:26 --> Session: Class initialized using 'CodeIgniter\Session\Handlers\FileHandler' driver.
INFO - 2023-03-17 08:29:19 --> Session: Class initialized using 'CodeIgniter\Session\Handlers\FileHandler' driver.
INFO - 2023-03-17 08:29:55 --> Session: Class initialized using 'CodeIgniter\Session\Handlers\FileHandler' driver.
INFO - 2023-03-17 08:30:00 --> CSRF token verified.
INFO - 2023-03-17 08:30:00 --> Session: Class initialized using 'CodeIgniter\Session\Handlers\FileHandler' driver.
INFO - 2023-03-17 08:33:29 --> Session: Class initialized using 'CodeIgniter\Session\Handlers\FileHandler' driver.
INFO - 2023-03-17 08:33:33 --> CSRF token verified.
INFO - 2023-03-17 08:33:33 --> Session: Class initialized using 'CodeIgniter\Session\Handlers\FileHandler' driver.
INFO - 2023-03-17 08:35:20 --> Session: Class initialized using 'CodeIgniter\Session\Handlers\FileHandler' driver.
INFO - 2023-03-17 08:35:24 --> CSRF token verified.
INFO - 2023-03-17 08:35:24 --> Session: Class initialized using 'CodeIgniter\Session\Handlers\FileHandler' driver.
INFO - 2023-03-17 08:37:05 --> Session: Class initialized using 'CodeIgniter\Session\Handlers\FileHandler' driver.
INFO - 2023-03-17 08:37:08 --> CSRF token verified.
INFO - 2023-03-17 08:37:08 --> Session: Class initialized using 'CodeIgniter\Session\Handlers\FileHandler' driver.
INFO - 2023-03-17 08:37:44 --> Session: Class initialized using 'CodeIgniter\Session\Handlers\FileHandler' driver.
INFO - 2023-03-17 08:37:47 --> CSRF token verified.
INFO - 2023-03-17 08:37:47 --> Session: Class initialized using 'CodeIgniter\Session\Handlers\FileHandler' driver.
INFO - 2023-03-17 08:38:26 --> Session: Class initialized using 'CodeIgniter\Session\Handlers\FileHandler' driver.
INFO - 2023-03-17 08:38:29 --> CSRF token verified.
INFO - 2023-03-17 08:38:29 --> Session: Class initialized using 'CodeIgniter\Session\Handlers\FileHandler' driver.
INFO - 2023-03-17 08:53:15 --> Session: Class initialized using 'CodeIgniter\Session\Handlers\FileHandler' driver.
INFO - 2023-03-17 08:53:19 --> CSRF token verified.
INFO - 2023-03-17 08:53:19 --> Session: Class initialized using 'CodeIgniter\Session\Handlers\FileHandler' driver.
INFO - 2023-03-17 08:58:34 --> Session: Class initialized using 'CodeIgniter\Session\Handlers\FileHandler' driver.
INFO - 2023-03-17 08:58:36 --> Session: Class initialized using 'CodeIgniter\Session\Handlers\FileHandler' driver.
INFO - 2023-03-17 08:58:42 --> CSRF token verified.
INFO - 2023-03-17 08:58:42 --> Session: Class initialized using 'CodeIgniter\Session\Handlers\FileHandler' driver.
INFO - 2023-03-17 08:58:48 --> Session: Class initialized using 'CodeIgniter\Session\Handlers\FileHandler' driver.
INFO - 2023-03-17 08:58:50 --> Session: Class initialized using 'CodeIgniter\Session\Handlers\FileHandler' driver.
INFO - 2023-03-17 09:01:10 --> Session: Class initialized using 'CodeIgniter\Session\Handlers\FileHandler' driver.
INFO - 2023-03-17 09:01:14 --> CSRF token verified.
INFO - 2023-03-17 09:01:14 --> Session: Class initialized using 'CodeIgniter\Session\Handlers\FileHandler' driver.
CRITICAL - 2023-03-17 09:01:44 --> The action you requested is not allowed.
in SYSTEMPATH/Security/Security.php on line 306.
 1 SYSTEMPATH/Security/Security.php(306): CodeIgniter\Security\Exceptions\SecurityException::forDisallowedAction()
 2 SYSTEMPATH/Filters/CSRF.php(55): CodeIgniter\Security\Security->verify()
 3 SYSTEMPATH/Filters/Filters.php(173): CodeIgniter\Filters\CSRF->before()
 4 SYSTEMPATH/CodeIgniter.php(473): CodeIgniter\Filters\Filters->run()
 5 SYSTEMPATH/CodeIgniter.php(368): CodeIgniter\CodeIgniter->handleRequest()
 6 FCPATH/index.php(67): CodeIgniter\CodeIgniter->run()
INFO - 2023-03-17 09:01:49 --> Session: Class initialized using 'CodeIgniter\Session\Handlers\FileHandler' driver.
INFO - 2023-03-17 09:01:51 --> CSRF token verified.
INFO - 2023-03-17 09:01:51 --> Session: Class initialized using 'CodeIgniter\Session\Handlers\FileHandler' driver.
INFO - 2023-03-17 09:03:15 --> Session: Class initialized using 'CodeIgniter\Session\Handlers\FileHandler' driver.
INFO - 2023-03-17 09:03:20 --> CSRF token verified.
INFO - 2023-03-17 09:03:20 --> Session: Class initialized using 'CodeIgniter\Session\Handlers\FileHandler' driver.
INFO - 2023-03-17 09:05:59 --> CSRF token verified.
INFO - 2023-03-17 09:05:59 --> Session: Class initialized using 'CodeIgniter\Session\Handlers\FileHandler' driver.
INFO - 2023-03-17 09:05:59 --> Session: Class initialized using 'CodeIgniter\Session\Handlers\FileHandler' driver.
INFO - 2023-03-17 09:07:28 --> Session: Class initialized using 'CodeIgniter\Session\Handlers\FileHandler' driver.
INFO - 2023-03-17 09:08:36 --> CSRF token verified.
INFO - 2023-03-17 09:08:36 --> Session: Class initialized using 'CodeIgniter\Session\Handlers\FileHandler' driver.
INFO - 2023-03-17 09:08:36 --> Session: Class initialized using 'CodeIgniter\Session\Handlers\FileHandler' driver.
INFO - 2023-03-17 09:11:32 --> Session: Class initialized using 'CodeIgniter\Session\Handlers\FileHandler' driver.
INFO - 2023-03-17 09:11:35 --> Session: Class initialized using 'CodeIgniter\Session\Handlers\FileHandler' driver.
INFO - 2023-03-17 09:12:49 --> Session: Class initialized using 'CodeIgniter\Session\Handlers\FileHandler' driver.
INFO - 2023-03-17 09:14:09 --> Session: Class initialized using 'CodeIgniter\Session\Handlers\FileHandler' driver.
INFO - 2023-03-17 09:14:33 --> CSRF token verified.
INFO - 2023-03-17 09:14:33 --> Session: Class initialized using 'CodeIgniter\Session\Handlers\FileHandler' driver.
INFO - 2023-03-17 09:14:33 --> Session: Class initialized using 'CodeIgniter\Session\Handlers\FileHandler' driver.
INFO - 2023-03-17 09:14:37 --> Session: Class initialized using 'CodeIgniter\Session\Handlers\FileHandler' driver.
INFO - 2023-03-17 09:18:19 --> CSRF token verified.
INFO - 2023-03-17 09:18:19 --> Session: Class initialized using 'CodeIgniter\Session\Handlers\FileHandler' driver.
INFO - 2023-03-17 10:07:20 --> Session: Class initialized using 'CodeIgniter\Session\Handlers\FileHandler' driver.
INFO - 2023-03-17 10:07:24 --> CSRF token verified.
INFO - 2023-03-17 10:07:24 --> Session: Class initialized using 'CodeIgniter\Session\Handlers\FileHandler' driver.
INFO - 2023-03-17 10:19:37 --> Session: Class initialized using 'CodeIgniter\Session\Handlers\FileHandler' driver.
INFO - 2023-03-17 10:19:43 --> CSRF token verified.
INFO - 2023-03-17 10:19:43 --> Session: Class initialized using 'CodeIgniter\Session\Handlers\FileHandler' driver.
CRITICAL - 2023-03-17 10:19:43 --> date(): Argument #2 ($timestamp) must be of type ?int, bool given
in SYSTEMPATH/ThirdParty/Kint/Zval/Representation/SplFileInfoRepresentation.php on line 185.
 1 SYSTEMPATH/ThirdParty/Kint/Zval/Representation/SplFileInfoRepresentation.php(185): date()
 2 SYSTEMPATH/ThirdParty/Kint/Zval/Representation/SplFileInfoRepresentation.php(151): Kint\Zval\Representation\SplFileInfoRepresentation->getMTime()
 3 SYSTEMPATH/ThirdParty/Kint/Parser/SplFileInfoPlugin.php(53): Kint\Zval\Representation\SplFileInfoRepresentation->__construct()
 4 SYSTEMPATH/ThirdParty/Kint/Parser/Parser.php(632): Kint\Parser\SplFileInfoPlugin->parse()
 5 SYSTEMPATH/ThirdParty/Kint/Parser/Parser.php(427): Kint\Parser\Parser->applyPlugins()
 6 SYSTEMPATH/ThirdParty/Kint/Parser/Parser.php(138): Kint\Parser\Parser->parseObject()
 7 SYSTEMPATH/ThirdParty/Kint/Parser/Parser.php(383): Kint\Parser\Parser->parse()
 8 SYSTEMPATH/ThirdParty/Kint/Parser/Parser.php(131): Kint\Parser\Parser->parseArray()
 9 SYSTEMPATH/ThirdParty/Kint/Parser/Parser.php(565): Kint\Parser\Parser->parse()
10 SYSTEMPATH/ThirdParty/Kint/Parser/Parser.php(138): Kint\Parser\Parser->parseObject()
11 SYSTEMPATH/ThirdParty/Kint/Parser/Parser.php(565): Kint\Parser\Parser->parse()
12 SYSTEMPATH/ThirdParty/Kint/Parser/Parser.php(138): Kint\Parser\Parser->parseObject()
13 SYSTEMPATH/ThirdParty/Kint/Parser/Parser.php(565): Kint\Parser\Parser->parse()
14 SYSTEMPATH/ThirdParty/Kint/Parser/Parser.php(138): Kint\Parser\Parser->parseObject()
15 SYSTEMPATH/ThirdParty/Kint/Parser/Parser.php(383): Kint\Parser\Parser->parse()
16 SYSTEMPATH/ThirdParty/Kint/Parser/Parser.php(131): Kint\Parser\Parser->parseArray()
17 SYSTEMPATH/ThirdParty/Kint/Parser/Parser.php(565): Kint\Parser\Parser->parse()
18 SYSTEMPATH/ThirdParty/Kint/Parser/Parser.php(138): Kint\Parser\Parser->parseObject()
19 SYSTEMPATH/ThirdParty/Kint/Kint.php(285): Kint\Parser\Parser->parse()
20 SYSTEMPATH/ThirdParty/Kint/Kint.php(268): Kint\Kint->dumpVar()
21 SYSTEMPATH/ThirdParty/Kint/Kint.php(575): Kint\Kint->dumpAll()
22 SYSTEMPATH/Debug/Toolbar.php(110): Kint\Kint::dump()
23 SYSTEMPATH/Debug/Toolbar.php(371): CodeIgniter\Debug\Toolbar->run()
24 SYSTEMPATH/Filters/DebugToolbar.php(40): CodeIgniter\Debug\Toolbar->prepare()
25 SYSTEMPATH/Filters/Filters.php(196): CodeIgniter\Filters\DebugToolbar->after()
26 SYSTEMPATH/CodeIgniter.php(519): CodeIgniter\Filters\Filters->run()
27 SYSTEMPATH/CodeIgniter.php(368): CodeIgniter\CodeIgniter->handleRequest()
28 FCPATH/index.php(67): CodeIgniter\CodeIgniter->run()
INFO - 2023-03-17 10:19:57 --> Session: Class initialized using 'CodeIgniter\Session\Handlers\FileHandler' driver.
INFO - 2023-03-17 10:20:42 --> Session: Class initialized using 'CodeIgniter\Session\Handlers\FileHandler' driver.
INFO - 2023-03-17 10:20:45 --> CSRF token verified.
INFO - 2023-03-17 10:20:45 --> Session: Class initialized using 'CodeIgniter\Session\Handlers\FileHandler' driver.
CRITICAL - 2023-03-17 10:20:45 --> date(): Argument #2 ($timestamp) must be of type ?int, bool given
in SYSTEMPATH/ThirdParty/Kint/Zval/Representation/SplFileInfoRepresentation.php on line 185.
 1 SYSTEMPATH/ThirdParty/Kint/Zval/Representation/SplFileInfoRepresentation.php(185): date()
 2 SYSTEMPATH/ThirdParty/Kint/Zval/Representation/SplFileInfoRepresentation.php(151): Kint\Zval\Representation\SplFileInfoRepresentation->getMTime()
 3 SYSTEMPATH/ThirdParty/Kint/Parser/SplFileInfoPlugin.php(53): Kint\Zval\Representation\SplFileInfoRepresentation->__construct()
 4 SYSTEMPATH/ThirdParty/Kint/Parser/Parser.php(632): Kint\Parser\SplFileInfoPlugin->parse()
 5 SYSTEMPATH/ThirdParty/Kint/Parser/Parser.php(427): Kint\Parser\Parser->applyPlugins()
 6 SYSTEMPATH/ThirdParty/Kint/Parser/Parser.php(138): Kint\Parser\Parser->parseObject()
 7 SYSTEMPATH/ThirdParty/Kint/Parser/Parser.php(383): Kint\Parser\Parser->parse()
 8 SYSTEMPATH/ThirdParty/Kint/Parser/Parser.php(131): Kint\Parser\Parser->parseArray()
 9 SYSTEMPATH/ThirdParty/Kint/Parser/Parser.php(565): Kint\Parser\Parser->parse()
10 SYSTEMPATH/ThirdParty/Kint/Parser/Parser.php(138): Kint\Parser\Parser->parseObject()
11 SYSTEMPATH/ThirdParty/Kint/Parser/Parser.php(565): Kint\Parser\Parser->parse()
12 SYSTEMPATH/ThirdParty/Kint/Parser/Parser.php(138): Kint\Parser\Parser->parseObject()
13 SYSTEMPATH/ThirdParty/Kint/Parser/Parser.php(565): Kint\Parser\Parser->parse()
14 SYSTEMPATH/ThirdParty/Kint/Parser/Parser.php(138): Kint\Parser\Parser->parseObject()
15 SYSTEMPATH/ThirdParty/Kint/Parser/Parser.php(383): Kint\Parser\Parser->parse()
16 SYSTEMPATH/ThirdParty/Kint/Parser/Parser.php(131): Kint\Parser\Parser->parseArray()
17 SYSTEMPATH/ThirdParty/Kint/Parser/Parser.php(565): Kint\Parser\Parser->parse()
18 SYSTEMPATH/ThirdParty/Kint/Parser/Parser.php(138): Kint\Parser\Parser->parseObject()
19 SYSTEMPATH/ThirdParty/Kint/Kint.php(285): Kint\Parser\Parser->parse()
20 SYSTEMPATH/ThirdParty/Kint/Kint.php(268): Kint\Kint->dumpVar()
21 SYSTEMPATH/ThirdParty/Kint/Kint.php(575): Kint\Kint->dumpAll()
22 SYSTEMPATH/Debug/Toolbar.php(110): Kint\Kint::dump()
23 SYSTEMPATH/Debug/Toolbar.php(371): CodeIgniter\Debug\Toolbar->run()
24 SYSTEMPATH/Filters/DebugToolbar.php(40): CodeIgniter\Debug\Toolbar->prepare()
25 SYSTEMPATH/Filters/Filters.php(196): CodeIgniter\Filters\DebugToolbar->after()
26 SYSTEMPATH/CodeIgniter.php(519): CodeIgniter\Filters\Filters->run()
27 SYSTEMPATH/CodeIgniter.php(368): CodeIgniter\CodeIgniter->handleRequest()
28 FCPATH/index.php(67): CodeIgniter\CodeIgniter->run()
INFO - 2023-03-17 10:20:49 --> Session: Class initialized using 'CodeIgniter\Session\Handlers\FileHandler' driver.
INFO - 2023-03-17 10:39:21 --> Session: Class initialized using 'CodeIgniter\Session\Handlers\FileHandler' driver.
INFO - 2023-03-17 10:39:29 --> CSRF token verified.
INFO - 2023-03-17 10:39:29 --> Session: Class initialized using 'CodeIgniter\Session\Handlers\FileHandler' driver.
CRITICAL - 2023-03-17 10:39:29 --> date(): Argument #2 ($timestamp) must be of type ?int, bool given
in SYSTEMPATH/ThirdParty/Kint/Zval/Representation/SplFileInfoRepresentation.php on line 185.
 1 SYSTEMPATH/ThirdParty/Kint/Zval/Representation/SplFileInfoRepresentation.php(185): date()
 2 SYSTEMPATH/ThirdParty/Kint/Zval/Representation/SplFileInfoRepresentation.php(151): Kint\Zval\Representation\SplFileInfoRepresentation->getMTime()
 3 SYSTEMPATH/ThirdParty/Kint/Parser/SplFileInfoPlugin.php(53): Kint\Zval\Representation\SplFileInfoRepresentation->__construct()
 4 SYSTEMPATH/ThirdParty/Kint/Parser/Parser.php(632): Kint\Parser\SplFileInfoPlugin->parse()
 5 SYSTEMPATH/ThirdParty/Kint/Parser/Parser.php(427): Kint\Parser\Parser->applyPlugins()
 6 SYSTEMPATH/ThirdParty/Kint/Parser/Parser.php(138): Kint\Parser\Parser->parseObject()
 7 SYSTEMPATH/ThirdParty/Kint/Parser/Parser.php(383): Kint\Parser\Parser->parse()
 8 SYSTEMPATH/ThirdParty/Kint/Parser/Parser.php(131): Kint\Parser\Parser->parseArray()
 9 SYSTEMPATH/ThirdParty/Kint/Parser/Parser.php(565): Kint\Parser\Parser->parse()
10 SYSTEMPATH/ThirdParty/Kint/Parser/Parser.php(138): Kint\Parser\Parser->parseObject()
11 SYSTEMPATH/ThirdParty/Kint/Parser/Parser.php(565): Kint\Parser\Parser->parse()
12 SYSTEMPATH/ThirdParty/Kint/Parser/Parser.php(138): Kint\Parser\Parser->parseObject()
13 SYSTEMPATH/ThirdParty/Kint/Parser/Parser.php(565): Kint\Parser\Parser->parse()
14 SYSTEMPATH/ThirdParty/Kint/Parser/Parser.php(138): Kint\Parser\Parser->parseObject()
15 SYSTEMPATH/ThirdParty/Kint/Parser/Parser.php(383): Kint\Parser\Parser->parse()
16 SYSTEMPATH/ThirdParty/Kint/Parser/Parser.php(131): Kint\Parser\Parser->parseArray()
17 SYSTEMPATH/ThirdParty/Kint/Parser/Parser.php(565): Kint\Parser\Parser->parse()
18 SYSTEMPATH/ThirdParty/Kint/Parser/Parser.php(138): Kint\Parser\Parser->parseObject()
19 SYSTEMPATH/ThirdParty/Kint/Kint.php(285): Kint\Parser\Parser->parse()
20 SYSTEMPATH/ThirdParty/Kint/Kint.php(268): Kint\Kint->dumpVar()
21 SYSTEMPATH/ThirdParty/Kint/Kint.php(575): Kint\Kint->dumpAll()
22 SYSTEMPATH/Debug/Toolbar.php(110): Kint\Kint::dump()
23 SYSTEMPATH/Debug/Toolbar.php(371): CodeIgniter\Debug\Toolbar->run()
24 SYSTEMPATH/Filters/DebugToolbar.php(40): CodeIgniter\Debug\Toolbar->prepare()
25 SYSTEMPATH/Filters/Filters.php(196): CodeIgniter\Filters\DebugToolbar->after()
26 SYSTEMPATH/CodeIgniter.php(519): CodeIgniter\Filters\Filters->run()
27 SYSTEMPATH/CodeIgniter.php(368): CodeIgniter\CodeIgniter->handleRequest()
28 FCPATH/index.php(67): CodeIgniter\CodeIgniter->run()
INFO - 2023-03-17 10:39:36 --> CSRF token verified.
INFO - 2023-03-17 10:39:36 --> Session: Class initialized using 'CodeIgniter\Session\Handlers\FileHandler' driver.
CRITICAL - 2023-03-17 10:39:36 --> date(): Argument #2 ($timestamp) must be of type ?int, bool given
in SYSTEMPATH/ThirdParty/Kint/Zval/Representation/SplFileInfoRepresentation.php on line 185.
 1 SYSTEMPATH/ThirdParty/Kint/Zval/Representation/SplFileInfoRepresentation.php(185): date()
 2 SYSTEMPATH/ThirdParty/Kint/Zval/Representation/SplFileInfoRepresentation.php(151): Kint\Zval\Representation\SplFileInfoRepresentation->getMTime()
 3 SYSTEMPATH/ThirdParty/Kint/Parser/SplFileInfoPlugin.php(53): Kint\Zval\Representation\SplFileInfoRepresentation->__construct()
 4 SYSTEMPATH/ThirdParty/Kint/Parser/Parser.php(632): Kint\Parser\SplFileInfoPlugin->parse()
 5 SYSTEMPATH/ThirdParty/Kint/Parser/Parser.php(427): Kint\Parser\Parser->applyPlugins()
 6 SYSTEMPATH/ThirdParty/Kint/Parser/Parser.php(138): Kint\Parser\Parser->parseObject()
 7 SYSTEMPATH/ThirdParty/Kint/Parser/Parser.php(383): Kint\Parser\Parser->parse()
 8 SYSTEMPATH/ThirdParty/Kint/Parser/Parser.php(131): Kint\Parser\Parser->parseArray()
 9 SYSTEMPATH/ThirdParty/Kint/Parser/Parser.php(565): Kint\Parser\Parser->parse()
10 SYSTEMPATH/ThirdParty/Kint/Parser/Parser.php(138): Kint\Parser\Parser->parseObject()
11 SYSTEMPATH/ThirdParty/Kint/Parser/Parser.php(565): Kint\Parser\Parser->parse()
12 SYSTEMPATH/ThirdParty/Kint/Parser/Parser.php(138): Kint\Parser\Parser->parseObject()
13 SYSTEMPATH/ThirdParty/Kint/Parser/Parser.php(565): Kint\Parser\Parser->parse()
14 SYSTEMPATH/ThirdParty/Kint/Parser/Parser.php(138): Kint\Parser\Parser->parseObject()
15 SYSTEMPATH/ThirdParty/Kint/Parser/Parser.php(383): Kint\Parser\Parser->parse()
16 SYSTEMPATH/ThirdParty/Kint/Parser/Parser.php(131): Kint\Parser\Parser->parseArray()
17 SYSTEMPATH/ThirdParty/Kint/Parser/Parser.php(565): Kint\Parser\Parser->parse()
18 SYSTEMPATH/ThirdParty/Kint/Parser/Parser.php(138): Kint\Parser\Parser->parseObject()
19 SYSTEMPATH/ThirdParty/Kint/Kint.php(285): Kint\Parser\Parser->parse()
20 SYSTEMPATH/ThirdParty/Kint/Kint.php(268): Kint\Kint->dumpVar()
21 SYSTEMPATH/ThirdParty/Kint/Kint.php(575): Kint\Kint->dumpAll()
22 SYSTEMPATH/Debug/Toolbar.php(110): Kint\Kint::dump()
23 SYSTEMPATH/Debug/Toolbar.php(371): CodeIgniter\Debug\Toolbar->run()
24 SYSTEMPATH/Filters/DebugToolbar.php(40): CodeIgniter\Debug\Toolbar->prepare()
25 SYSTEMPATH/Filters/Filters.php(196): CodeIgniter\Filters\DebugToolbar->after()
26 SYSTEMPATH/CodeIgniter.php(519): CodeIgniter\Filters\Filters->run()
27 SYSTEMPATH/CodeIgniter.php(368): CodeIgniter\CodeIgniter->handleRequest()
28 FCPATH/index.php(67): CodeIgniter\CodeIgniter->run()
INFO - 2023-03-17 10:41:04 --> Session: Class initialized using 'CodeIgniter\Session\Handlers\FileHandler' driver.
INFO - 2023-03-17 10:41:06 --> Session: Class initialized using 'CodeIgniter\Session\Handlers\FileHandler' driver.
INFO - 2023-03-17 10:41:12 --> CSRF token verified.
INFO - 2023-03-17 10:41:12 --> Session: Class initialized using 'CodeIgniter\Session\Handlers\FileHandler' driver.
CRITICAL - 2023-03-17 10:41:12 --> Undefined array key "avatar"
in APPPATH/Models/MembreModel.php on line 57.
 1 APPPATH/Models/MembreModel.php(57): CodeIgniter\Debug\Exceptions->errorHandler()
 2 APPPATH/Controllers/Membre.php(91): App\Models\MembreModel->modifierAvatar()
 3 SYSTEMPATH/CodeIgniter.php(934): App\Controllers\Membre->compteMembre()
 4 SYSTEMPATH/CodeIgniter.php(499): CodeIgniter\CodeIgniter->runController()
 5 SYSTEMPATH/CodeIgniter.php(368): CodeIgniter\CodeIgniter->handleRequest()
 6 FCPATH/index.php(67): CodeIgniter\CodeIgniter->run()
INFO - 2023-03-17 10:43:24 --> Session: Class initialized using 'CodeIgniter\Session\Handlers\FileHandler' driver.
INFO - 2023-03-17 10:43:25 --> Session: Class initialized using 'CodeIgniter\Session\Handlers\FileHandler' driver.
INFO - 2023-03-17 10:43:31 --> CSRF token verified.
INFO - 2023-03-17 10:43:31 --> Session: Class initialized using 'CodeIgniter\Session\Handlers\FileHandler' driver.
INFO - 2023-03-17 10:43:45 --> CSRF token verified.
INFO - 2023-03-17 10:43:45 --> Session: Class initialized using 'CodeIgniter\Session\Handlers\FileHandler' driver.
INFO - 2023-03-17 10:43:45 --> Session: Class initialized using 'CodeIgniter\Session\Handlers\FileHandler' driver.
INFO - 2023-03-17 10:47:03 --> Session: Class initialized using 'CodeIgniter\Session\Handlers\FileHandler' driver.
INFO - 2023-03-17 10:47:06 --> CSRF token verified.
INFO - 2023-03-17 10:47:06 --> Session: Class initialized using 'CodeIgniter\Session\Handlers\FileHandler' driver.
CRITICAL - 2023-03-17 10:47:06 --> Undefined array key "avatar"
in APPPATH/Models/MembreModel.php on line 57.
 1 APPPATH/Models/MembreModel.php(57): CodeIgniter\Debug\Exceptions->errorHandler()
 2 APPPATH/Controllers/Membre.php(93): App\Models\MembreModel->modifierAvatar()
 3 SYSTEMPATH/CodeIgniter.php(934): App\Controllers\Membre->compteMembre()
 4 SYSTEMPATH/CodeIgniter.php(499): CodeIgniter\CodeIgniter->runController()
 5 SYSTEMPATH/CodeIgniter.php(368): CodeIgniter\CodeIgniter->handleRequest()
 6 FCPATH/index.php(67): CodeIgniter\CodeIgniter->run()
INFO - 2023-03-17 10:47:15 --> Session: Class initialized using 'CodeIgniter\Session\Handlers\FileHandler' driver.
INFO - 2023-03-17 10:47:18 --> Session: Class initialized using 'CodeIgniter\Session\Handlers\FileHandler' driver.
INFO - 2023-03-17 10:47:18 --> Session: Class initialized using 'CodeIgniter\Session\Handlers\FileHandler' driver.
INFO - 2023-03-17 10:47:19 --> Session: Class initialized using 'CodeIgniter\Session\Handlers\FileHandler' driver.
INFO - 2023-03-17 10:47:30 --> CSRF token verified.
INFO - 2023-03-17 10:47:30 --> Session: Class initialized using 'CodeIgniter\Session\Handlers\FileHandler' driver.
INFO - 2023-03-17 10:47:30 --> Session: Class initialized using 'CodeIgniter\Session\Handlers\FileHandler' driver.
INFO - 2023-03-17 10:47:35 --> Session: Class initialized using 'CodeIgniter\Session\Handlers\FileHandler' driver.
INFO - 2023-03-17 10:47:55 --> CSRF token verified.
INFO - 2023-03-17 10:47:55 --> Session: Class initialized using 'CodeIgniter\Session\Handlers\FileHandler' driver.
INFO - 2023-03-17 10:47:55 --> Session: Class initialized using 'CodeIgniter\Session\Handlers\FileHandler' driver.
INFO - 2023-03-17 10:48:03 --> Session: Class initialized using 'CodeIgniter\Session\Handlers\FileHandler' driver.
INFO - 2023-03-17 10:48:03 --> Session: Class initialized using 'CodeIgniter\Session\Handlers\FileHandler' driver.
INFO - 2023-03-17 10:48:04 --> Session: Class initialized using 'CodeIgniter\Session\Handlers\FileHandler' driver.
INFO - 2023-03-17 10:48:17 --> CSRF token verified.
INFO - 2023-03-17 10:48:17 --> Session: Class initialized using 'CodeIgniter\Session\Handlers\FileHandler' driver.
INFO - 2023-03-17 10:48:18 --> Session: Class initialized using 'CodeIgniter\Session\Handlers\FileHandler' driver.
INFO - 2023-03-17 10:49:05 --> Session: Class initialized using 'CodeIgniter\Session\Handlers\FileHandler' driver.
INFO - 2023-03-17 10:49:05 --> Session: Class initialized using 'CodeIgniter\Session\Handlers\FileHandler' driver.
INFO - 2023-03-17 11:55:28 --> Session: Class initialized using 'CodeIgniter\Session\Handlers\FileHandler' driver.
INFO - 2023-03-17 12:10:09 --> Session: Class initialized using 'CodeIgniter\Session\Handlers\FileHandler' driver.
INFO - 2023-03-17 12:10:17 --> CSRF token verified.
INFO - 2023-03-17 12:10:17 --> Session: Class initialized using 'CodeIgniter\Session\Handlers\FileHandler' driver.
INFO - 2023-03-17 12:10:18 --> Session: Class initialized using 'CodeIgniter\Session\Handlers\FileHandler' driver.
INFO - 2023-03-17 12:10:21 --> Session: Class initialized using 'CodeIgniter\Session\Handlers\FileHandler' driver.
INFO - 2023-03-17 12:10:24 --> CSRF token verified.
INFO - 2023-03-17 12:10:24 --> Session: Class initialized using 'CodeIgniter\Session\Handlers\FileHandler' driver.
CRITICAL - 2023-03-17 12:10:24 --> date(): Argument #2 ($timestamp) must be of type ?int, bool given
in SYSTEMPATH/ThirdParty/Kint/Zval/Representation/SplFileInfoRepresentation.php on line 185.
 1 SYSTEMPATH/ThirdParty/Kint/Zval/Representation/SplFileInfoRepresentation.php(185): date()
 2 SYSTEMPATH/ThirdParty/Kint/Zval/Representation/SplFileInfoRepresentation.php(151): Kint\Zval\Representation\SplFileInfoRepresentation->getMTime()
 3 SYSTEMPATH/ThirdParty/Kint/Parser/SplFileInfoPlugin.php(53): Kint\Zval\Representation\SplFileInfoRepresentation->__construct()
 4 SYSTEMPATH/ThirdParty/Kint/Parser/Parser.php(632): Kint\Parser\SplFileInfoPlugin->parse()
 5 SYSTEMPATH/ThirdParty/Kint/Parser/Parser.php(427): Kint\Parser\Parser->applyPlugins()
 6 SYSTEMPATH/ThirdParty/Kint/Parser/Parser.php(138): Kint\Parser\Parser->parseObject()
 7 SYSTEMPATH/ThirdParty/Kint/Parser/Parser.php(383): Kint\Parser\Parser->parse()
 8 SYSTEMPATH/ThirdParty/Kint/Parser/Parser.php(131): Kint\Parser\Parser->parseArray()
 9 SYSTEMPATH/ThirdParty/Kint/Parser/Parser.php(565): Kint\Parser\Parser->parse()
10 SYSTEMPATH/ThirdParty/Kint/Parser/Parser.php(138): Kint\Parser\Parser->parseObject()
11 SYSTEMPATH/ThirdParty/Kint/Parser/Parser.php(565): Kint\Parser\Parser->parse()
12 SYSTEMPATH/ThirdParty/Kint/Parser/Parser.php(138): Kint\Parser\Parser->parseObject()
13 SYSTEMPATH/ThirdParty/Kint/Parser/Parser.php(565): Kint\Parser\Parser->parse()
14 SYSTEMPATH/ThirdParty/Kint/Parser/Parser.php(138): Kint\Parser\Parser->parseObject()
15 SYSTEMPATH/ThirdParty/Kint/Parser/Parser.php(383): Kint\Parser\Parser->parse()
16 SYSTEMPATH/ThirdParty/Kint/Parser/Parser.php(131): Kint\Parser\Parser->parseArray()
17 SYSTEMPATH/ThirdParty/Kint/Parser/Parser.php(565): Kint\Parser\Parser->parse()
18 SYSTEMPATH/ThirdParty/Kint/Parser/Parser.php(138): Kint\Parser\Parser->parseObject()
19 SYSTEMPATH/ThirdParty/Kint/Kint.php(285): Kint\Parser\Parser->parse()
20 SYSTEMPATH/ThirdParty/Kint/Kint.php(268): Kint\Kint->dumpVar()
21 SYSTEMPATH/ThirdParty/Kint/Kint.php(575): Kint\Kint->dumpAll()
22 SYSTEMPATH/Debug/Toolbar.php(110): Kint\Kint::dump()
23 SYSTEMPATH/Debug/Toolbar.php(371): CodeIgniter\Debug\Toolbar->run()
24 SYSTEMPATH/Filters/DebugToolbar.php(40): CodeIgniter\Debug\Toolbar->prepare()
25 SYSTEMPATH/Filters/Filters.php(196): CodeIgniter\Filters\DebugToolbar->after()
26 SYSTEMPATH/CodeIgniter.php(519): CodeIgniter\Filters\Filters->run()
27 SYSTEMPATH/CodeIgniter.php(368): CodeIgniter\CodeIgniter->handleRequest()
28 FCPATH/index.php(67): CodeIgniter\CodeIgniter->run()
INFO - 2023-03-17 12:12:28 --> Session: Class initialized using 'CodeIgniter\Session\Handlers\FileHandler' driver.
INFO - 2023-03-17 12:14:18 --> CSRF token verified.
INFO - 2023-03-17 12:14:18 --> Session: Class initialized using 'CodeIgniter\Session\Handlers\FileHandler' driver.
CRITICAL - 2023-03-17 12:14:18 --> date(): Argument #2 ($timestamp) must be of type ?int, bool given
in SYSTEMPATH/ThirdParty/Kint/Zval/Representation/SplFileInfoRepresentation.php on line 185.
 1 SYSTEMPATH/ThirdParty/Kint/Zval/Representation/SplFileInfoRepresentation.php(185): date()
 2 SYSTEMPATH/ThirdParty/Kint/Zval/Representation/SplFileInfoRepresentation.php(151): Kint\Zval\Representation\SplFileInfoRepresentation->getMTime()
 3 SYSTEMPATH/ThirdParty/Kint/Parser/SplFileInfoPlugin.php(53): Kint\Zval\Representation\SplFileInfoRepresentation->__construct()
 4 SYSTEMPATH/ThirdParty/Kint/Parser/Parser.php(632): Kint\Parser\SplFileInfoPlugin->parse()
 5 SYSTEMPATH/ThirdParty/Kint/Parser/Parser.php(427): Kint\Parser\Parser->applyPlugins()
 6 SYSTEMPATH/ThirdParty/Kint/Parser/Parser.php(138): Kint\Parser\Parser->parseObject()
 7 SYSTEMPATH/ThirdParty/Kint/Parser/Parser.php(383): Kint\Parser\Parser->parse()
 8 SYSTEMPATH/ThirdParty/Kint/Parser/Parser.php(131): Kint\Parser\Parser->parseArray()
 9 SYSTEMPATH/ThirdParty/Kint/Parser/Parser.php(565): Kint\Parser\Parser->parse()
10 SYSTEMPATH/ThirdParty/Kint/Parser/Parser.php(138): Kint\Parser\Parser->parseObject()
11 SYSTEMPATH/ThirdParty/Kint/Parser/Parser.php(565): Kint\Parser\Parser->parse()
12 SYSTEMPATH/ThirdParty/Kint/Parser/Parser.php(138): Kint\Parser\Parser->parseObject()
13 SYSTEMPATH/ThirdParty/Kint/Parser/Parser.php(565): Kint\Parser\Parser->parse()
14 SYSTEMPATH/ThirdParty/Kint/Parser/Parser.php(138): Kint\Parser\Parser->parseObject()
15 SYSTEMPATH/ThirdParty/Kint/Parser/Parser.php(383): Kint\Parser\Parser->parse()
16 SYSTEMPATH/ThirdParty/Kint/Parser/Parser.php(131): Kint\Parser\Parser->parseArray()
17 SYSTEMPATH/ThirdParty/Kint/Parser/Parser.php(565): Kint\Parser\Parser->parse()
18 SYSTEMPATH/ThirdParty/Kint/Parser/Parser.php(138): Kint\Parser\Parser->parseObject()
19 SYSTEMPATH/ThirdParty/Kint/Kint.php(285): Kint\Parser\Parser->parse()
20 SYSTEMPATH/ThirdParty/Kint/Kint.php(268): Kint\Kint->dumpVar()
21 SYSTEMPATH/ThirdParty/Kint/Kint.php(575): Kint\Kint->dumpAll()
22 SYSTEMPATH/Debug/Toolbar.php(110): Kint\Kint::dump()
23 SYSTEMPATH/Debug/Toolbar.php(371): CodeIgniter\Debug\Toolbar->run()
24 SYSTEMPATH/Filters/DebugToolbar.php(40): CodeIgniter\Debug\Toolbar->prepare()
25 SYSTEMPATH/Filters/Filters.php(196): CodeIgniter\Filters\DebugToolbar->after()
26 SYSTEMPATH/CodeIgniter.php(519): CodeIgniter\Filters\Filters->run()
27 SYSTEMPATH/CodeIgniter.php(368): CodeIgniter\CodeIgniter->handleRequest()
28 FCPATH/index.php(67): CodeIgniter\CodeIgniter->run()
INFO - 2023-03-17 12:19:38 --> Session: Class initialized using 'CodeIgniter\Session\Handlers\FileHandler' driver.
INFO - 2023-03-17 12:19:40 --> Session: Class initialized using 'CodeIgniter\Session\Handlers\FileHandler' driver.
INFO - 2023-03-17 12:19:46 --> CSRF token verified.
INFO - 2023-03-17 12:19:46 --> Session: Class initialized using 'CodeIgniter\Session\Handlers\FileHandler' driver.
CRITICAL - 2023-03-17 12:19:46 --> date(): Argument #2 ($timestamp) must be of type ?int, bool given
in SYSTEMPATH/ThirdParty/Kint/Zval/Representation/SplFileInfoRepresentation.php on line 185.
 1 SYSTEMPATH/ThirdParty/Kint/Zval/Representation/SplFileInfoRepresentation.php(185): date()
 2 SYSTEMPATH/ThirdParty/Kint/Zval/Representation/SplFileInfoRepresentation.php(151): Kint\Zval\Representation\SplFileInfoRepresentation->getMTime()
 3 SYSTEMPATH/ThirdParty/Kint/Parser/SplFileInfoPlugin.php(53): Kint\Zval\Representation\SplFileInfoRepresentation->__construct()
 4 SYSTEMPATH/ThirdParty/Kint/Parser/Parser.php(632): Kint\Parser\SplFileInfoPlugin->parse()
 5 SYSTEMPATH/ThirdParty/Kint/Parser/Parser.php(427): Kint\Parser\Parser->applyPlugins()
 6 SYSTEMPATH/ThirdParty/Kint/Parser/Parser.php(138): Kint\Parser\Parser->parseObject()
 7 SYSTEMPATH/ThirdParty/Kint/Parser/Parser.php(383): Kint\Parser\Parser->parse()
 8 SYSTEMPATH/ThirdParty/Kint/Parser/Parser.php(131): Kint\Parser\Parser->parseArray()
 9 SYSTEMPATH/ThirdParty/Kint/Parser/Parser.php(565): Kint\Parser\Parser->parse()
10 SYSTEMPATH/ThirdParty/Kint/Parser/Parser.php(138): Kint\Parser\Parser->parseObject()
11 SYSTEMPATH/ThirdParty/Kint/Parser/Parser.php(565): Kint\Parser\Parser->parse()
12 SYSTEMPATH/ThirdParty/Kint/Parser/Parser.php(138): Kint\Parser\Parser->parseObject()
13 SYSTEMPATH/ThirdParty/Kint/Parser/Parser.php(565): Kint\Parser\Parser->parse()
14 SYSTEMPATH/ThirdParty/Kint/Parser/Parser.php(138): Kint\Parser\Parser->parseObject()
15 SYSTEMPATH/ThirdParty/Kint/Parser/Parser.php(383): Kint\Parser\Parser->parse()
16 SYSTEMPATH/ThirdParty/Kint/Parser/Parser.php(131): Kint\Parser\Parser->parseArray()
17 SYSTEMPATH/ThirdParty/Kint/Parser/Parser.php(565): Kint\Parser\Parser->parse()
18 SYSTEMPATH/ThirdParty/Kint/Parser/Parser.php(138): Kint\Parser\Parser->parseObject()
19 SYSTEMPATH/ThirdParty/Kint/Kint.php(285): Kint\Parser\Parser->parse()
20 SYSTEMPATH/ThirdParty/Kint/Kint.php(268): Kint\Kint->dumpVar()
21 SYSTEMPATH/ThirdParty/Kint/Kint.php(575): Kint\Kint->dumpAll()
22 SYSTEMPATH/Debug/Toolbar.php(110): Kint\Kint::dump()
23 SYSTEMPATH/Debug/Toolbar.php(371): CodeIgniter\Debug\Toolbar->run()
24 SYSTEMPATH/Filters/DebugToolbar.php(40): CodeIgniter\Debug\Toolbar->prepare()
25 SYSTEMPATH/Filters/Filters.php(196): CodeIgniter\Filters\DebugToolbar->after()
26 SYSTEMPATH/CodeIgniter.php(519): CodeIgniter\Filters\Filters->run()
27 SYSTEMPATH/CodeIgniter.php(368): CodeIgniter\CodeIgniter->handleRequest()
28 FCPATH/index.php(67): CodeIgniter\CodeIgniter->run()
INFO - 2023-03-17 12:19:49 --> Session: Class initialized using 'CodeIgniter\Session\Handlers\FileHandler' driver.
INFO - 2023-03-17 12:19:51 --> Session: Class initialized using 'CodeIgniter\Session\Handlers\FileHandler' driver.
INFO - 2023-03-17 12:19:55 --> CSRF token verified.
INFO - 2023-03-17 12:19:55 --> Session: Class initialized using 'CodeIgniter\Session\Handlers\FileHandler' driver.
CRITICAL - 2023-03-17 12:19:55 --> date(): Argument #2 ($timestamp) must be of type ?int, bool given
in SYSTEMPATH/ThirdParty/Kint/Zval/Representation/SplFileInfoRepresentation.php on line 185.
 1 SYSTEMPATH/ThirdParty/Kint/Zval/Representation/SplFileInfoRepresentation.php(185): date()
 2 SYSTEMPATH/ThirdParty/Kint/Zval/Representation/SplFileInfoRepresentation.php(151): Kint\Zval\Representation\SplFileInfoRepresentation->getMTime()
 3 SYSTEMPATH/ThirdParty/Kint/Parser/SplFileInfoPlugin.php(53): Kint\Zval\Representation\SplFileInfoRepresentation->__construct()
 4 SYSTEMPATH/ThirdParty/Kint/Parser/Parser.php(632): Kint\Parser\SplFileInfoPlugin->parse()
 5 SYSTEMPATH/ThirdParty/Kint/Parser/Parser.php(427): Kint\Parser\Parser->applyPlugins()
 6 SYSTEMPATH/ThirdParty/Kint/Parser/Parser.php(138): Kint\Parser\Parser->parseObject()
 7 SYSTEMPATH/ThirdParty/Kint/Parser/Parser.php(383): Kint\Parser\Parser->parse()
 8 SYSTEMPATH/ThirdParty/Kint/Parser/Parser.php(131): Kint\Parser\Parser->parseArray()
 9 SYSTEMPATH/ThirdParty/Kint/Parser/Parser.php(565): Kint\Parser\Parser->parse()
10 SYSTEMPATH/ThirdParty/Kint/Parser/Parser.php(138): Kint\Parser\Parser->parseObject()
11 SYSTEMPATH/ThirdParty/Kint/Parser/Parser.php(565): Kint\Parser\Parser->parse()
12 SYSTEMPATH/ThirdParty/Kint/Parser/Parser.php(138): Kint\Parser\Parser->parseObject()
13 SYSTEMPATH/ThirdParty/Kint/Parser/Parser.php(565): Kint\Parser\Parser->parse()
14 SYSTEMPATH/ThirdParty/Kint/Parser/Parser.php(138): Kint\Parser\Parser->parseObject()
15 SYSTEMPATH/ThirdParty/Kint/Parser/Parser.php(383): Kint\Parser\Parser->parse()
16 SYSTEMPATH/ThirdParty/Kint/Parser/Parser.php(131): Kint\Parser\Parser->parseArray()
17 SYSTEMPATH/ThirdParty/Kint/Parser/Parser.php(565): Kint\Parser\Parser->parse()
18 SYSTEMPATH/ThirdParty/Kint/Parser/Parser.php(138): Kint\Parser\Parser->parseObject()
19 SYSTEMPATH/ThirdParty/Kint/Kint.php(285): Kint\Parser\Parser->parse()
20 SYSTEMPATH/ThirdParty/Kint/Kint.php(268): Kint\Kint->dumpVar()
21 SYSTEMPATH/ThirdParty/Kint/Kint.php(575): Kint\Kint->dumpAll()
22 SYSTEMPATH/Debug/Toolbar.php(110): Kint\Kint::dump()
23 SYSTEMPATH/Debug/Toolbar.php(371): CodeIgniter\Debug\Toolbar->run()
24 SYSTEMPATH/Filters/DebugToolbar.php(40): CodeIgniter\Debug\Toolbar->prepare()
25 SYSTEMPATH/Filters/Filters.php(196): CodeIgniter\Filters\DebugToolbar->after()
26 SYSTEMPATH/CodeIgniter.php(519): CodeIgniter\Filters\Filters->run()
27 SYSTEMPATH/CodeIgniter.php(368): CodeIgniter\CodeIgniter->handleRequest()
28 FCPATH/index.php(67): CodeIgniter\CodeIgniter->run()
INFO - 2023-03-17 12:21:38 --> CSRF token verified.
INFO - 2023-03-17 12:21:38 --> Session: Class initialized using 'CodeIgniter\Session\Handlers\FileHandler' driver.
CRITICAL - 2023-03-17 12:21:38 --> Undefined array key "avatar"
in APPPATH/Models/MembreModel.php on line 57.
 1 APPPATH/Models/MembreModel.php(57): CodeIgniter\Debug\Exceptions->errorHandler()
 2 APPPATH/Controllers/Membre.php(93): App\Models\MembreModel->modifierAvatar()
 3 SYSTEMPATH/CodeIgniter.php(934): App\Controllers\Membre->compteMembre()
 4 SYSTEMPATH/CodeIgniter.php(499): CodeIgniter\CodeIgniter->runController()
 5 SYSTEMPATH/CodeIgniter.php(368): CodeIgniter\CodeIgniter->handleRequest()
 6 FCPATH/index.php(67): CodeIgniter\CodeIgniter->run()
INFO - 2023-03-17 12:24:07 --> Session: Class initialized using 'CodeIgniter\Session\Handlers\FileHandler' driver.
INFO - 2023-03-17 12:24:12 --> Session: Class initialized using 'CodeIgniter\Session\Handlers\FileHandler' driver.
INFO - 2023-03-17 12:24:20 --> CSRF token verified.
INFO - 2023-03-17 12:24:20 --> Session: Class initialized using 'CodeIgniter\Session\Handlers\FileHandler' driver.
CRITICAL - 2023-03-17 12:24:20 --> date(): Argument #2 ($timestamp) must be of type ?int, bool given
in SYSTEMPATH/ThirdParty/Kint/Zval/Representation/SplFileInfoRepresentation.php on line 185.
 1 SYSTEMPATH/ThirdParty/Kint/Zval/Representation/SplFileInfoRepresentation.php(185): date()
 2 SYSTEMPATH/ThirdParty/Kint/Zval/Representation/SplFileInfoRepresentation.php(151): Kint\Zval\Representation\SplFileInfoRepresentation->getMTime()
 3 SYSTEMPATH/ThirdParty/Kint/Parser/SplFileInfoPlugin.php(53): Kint\Zval\Representation\SplFileInfoRepresentation->__construct()
 4 SYSTEMPATH/ThirdParty/Kint/Parser/Parser.php(632): Kint\Parser\SplFileInfoPlugin->parse()
 5 SYSTEMPATH/ThirdParty/Kint/Parser/Parser.php(427): Kint\Parser\Parser->applyPlugins()
 6 SYSTEMPATH/ThirdParty/Kint/Parser/Parser.php(138): Kint\Parser\Parser->parseObject()
 7 SYSTEMPATH/ThirdParty/Kint/Parser/Parser.php(383): Kint\Parser\Parser->parse()
 8 SYSTEMPATH/ThirdParty/Kint/Parser/Parser.php(131): Kint\Parser\Parser->parseArray()
 9 SYSTEMPATH/ThirdParty/Kint/Parser/Parser.php(565): Kint\Parser\Parser->parse()
10 SYSTEMPATH/ThirdParty/Kint/Parser/Parser.php(138): Kint\Parser\Parser->parseObject()
11 SYSTEMPATH/ThirdParty/Kint/Parser/Parser.php(565): Kint\Parser\Parser->parse()
12 SYSTEMPATH/ThirdParty/Kint/Parser/Parser.php(138): Kint\Parser\Parser->parseObject()
13 SYSTEMPATH/ThirdParty/Kint/Parser/Parser.php(565): Kint\Parser\Parser->parse()
14 SYSTEMPATH/ThirdParty/Kint/Parser/Parser.php(138): Kint\Parser\Parser->parseObject()
15 SYSTEMPATH/ThirdParty/Kint/Parser/Parser.php(383): Kint\Parser\Parser->parse()
16 SYSTEMPATH/ThirdParty/Kint/Parser/Parser.php(131): Kint\Parser\Parser->parseArray()
17 SYSTEMPATH/ThirdParty/Kint/Parser/Parser.php(565): Kint\Parser\Parser->parse()
18 SYSTEMPATH/ThirdParty/Kint/Parser/Parser.php(138): Kint\Parser\Parser->parseObject()
19 SYSTEMPATH/ThirdParty/Kint/Kint.php(285): Kint\Parser\Parser->parse()
20 SYSTEMPATH/ThirdParty/Kint/Kint.php(268): Kint\Kint->dumpVar()
21 SYSTEMPATH/ThirdParty/Kint/Kint.php(575): Kint\Kint->dumpAll()
22 SYSTEMPATH/Debug/Toolbar.php(110): Kint\Kint::dump()
23 SYSTEMPATH/Debug/Toolbar.php(371): CodeIgniter\Debug\Toolbar->run()
24 SYSTEMPATH/Filters/DebugToolbar.php(40): CodeIgniter\Debug\Toolbar->prepare()
25 SYSTEMPATH/Filters/Filters.php(196): CodeIgniter\Filters\DebugToolbar->after()
26 SYSTEMPATH/CodeIgniter.php(519): CodeIgniter\Filters\Filters->run()
27 SYSTEMPATH/CodeIgniter.php(368): CodeIgniter\CodeIgniter->handleRequest()
28 FCPATH/index.php(67): CodeIgniter\CodeIgniter->run()
INFO - 2023-03-17 12:35:52 --> Session: Class initialized using 'CodeIgniter\Session\Handlers\FileHandler' driver.
INFO - 2023-03-17 12:35:55 --> Session: Class initialized using 'CodeIgniter\Session\Handlers\FileHandler' driver.
INFO - 2023-03-17 12:36:02 --> CSRF token verified.
INFO - 2023-03-17 12:36:02 --> Session: Class initialized using 'CodeIgniter\Session\Handlers\FileHandler' driver.
CRITICAL - 2023-03-17 12:36:02 --> Undefined array key "avatar"
in APPPATH/Models/MembreModel.php on line 57.
 1 APPPATH/Models/MembreModel.php(57): CodeIgniter\Debug\Exceptions->errorHandler()
 2 APPPATH/Controllers/Membre.php(93): App\Models\MembreModel->modifierAvatar()
 3 SYSTEMPATH/CodeIgniter.php(934): App\Controllers\Membre->compteMembre()
 4 SYSTEMPATH/CodeIgniter.php(499): CodeIgniter\CodeIgniter->runController()
 5 SYSTEMPATH/CodeIgniter.php(368): CodeIgniter\CodeIgniter->handleRequest()
 6 FCPATH/index.php(67): CodeIgniter\CodeIgniter->run()
INFO - 2023-03-17 12:36:06 --> Session: Class initialized using 'CodeIgniter\Session\Handlers\FileHandler' driver.
INFO - 2023-03-17 12:36:21 --> Session: Class initialized using 'CodeIgniter\Session\Handlers\FileHandler' driver.
INFO - 2023-03-17 12:36:24 --> CSRF token verified.
INFO - 2023-03-17 12:36:24 --> Session: Class initialized using 'CodeIgniter\Session\Handlers\FileHandler' driver.
CRITICAL - 2023-03-17 12:36:24 --> date(): Argument #2 ($timestamp) must be of type ?int, bool given
in SYSTEMPATH/ThirdParty/Kint/Zval/Representation/SplFileInfoRepresentation.php on line 185.
 1 SYSTEMPATH/ThirdParty/Kint/Zval/Representation/SplFileInfoRepresentation.php(185): date()
 2 SYSTEMPATH/ThirdParty/Kint/Zval/Representation/SplFileInfoRepresentation.php(151): Kint\Zval\Representation\SplFileInfoRepresentation->getMTime()
 3 SYSTEMPATH/ThirdParty/Kint/Parser/SplFileInfoPlugin.php(53): Kint\Zval\Representation\SplFileInfoRepresentation->__construct()
 4 SYSTEMPATH/ThirdParty/Kint/Parser/Parser.php(632): Kint\Parser\SplFileInfoPlugin->parse()
 5 SYSTEMPATH/ThirdParty/Kint/Parser/Parser.php(427): Kint\Parser\Parser->applyPlugins()
 6 SYSTEMPATH/ThirdParty/Kint/Parser/Parser.php(138): Kint\Parser\Parser->parseObject()
 7 SYSTEMPATH/ThirdParty/Kint/Parser/Parser.php(383): Kint\Parser\Parser->parse()
 8 SYSTEMPATH/ThirdParty/Kint/Parser/Parser.php(131): Kint\Parser\Parser->parseArray()
 9 SYSTEMPATH/ThirdParty/Kint/Parser/Parser.php(565): Kint\Parser\Parser->parse()
10 SYSTEMPATH/ThirdParty/Kint/Parser/Parser.php(138): Kint\Parser\Parser->parseObject()
11 SYSTEMPATH/ThirdParty/Kint/Parser/Parser.php(565): Kint\Parser\Parser->parse()
12 SYSTEMPATH/ThirdParty/Kint/Parser/Parser.php(138): Kint\Parser\Parser->parseObject()
13 SYSTEMPATH/ThirdParty/Kint/Parser/Parser.php(565): Kint\Parser\Parser->parse()
14 SYSTEMPATH/ThirdParty/Kint/Parser/Parser.php(138): Kint\Parser\Parser->parseObject()
15 SYSTEMPATH/ThirdParty/Kint/Parser/Parser.php(383): Kint\Parser\Parser->parse()
16 SYSTEMPATH/ThirdParty/Kint/Parser/Parser.php(131): Kint\Parser\Parser->parseArray()
17 SYSTEMPATH/ThirdParty/Kint/Parser/Parser.php(565): Kint\Parser\Parser->parse()
18 SYSTEMPATH/ThirdParty/Kint/Parser/Parser.php(138): Kint\Parser\Parser->parseObject()
19 SYSTEMPATH/ThirdParty/Kint/Kint.php(285): Kint\Parser\Parser->parse()
20 SYSTEMPATH/ThirdParty/Kint/Kint.php(268): Kint\Kint->dumpVar()
21 SYSTEMPATH/ThirdParty/Kint/Kint.php(575): Kint\Kint->dumpAll()
22 SYSTEMPATH/Debug/Toolbar.php(110): Kint\Kint::dump()
23 SYSTEMPATH/Debug/Toolbar.php(371): CodeIgniter\Debug\Toolbar->run()
24 SYSTEMPATH/Filters/DebugToolbar.php(40): CodeIgniter\Debug\Toolbar->prepare()
25 SYSTEMPATH/Filters/Filters.php(196): CodeIgniter\Filters\DebugToolbar->after()
26 SYSTEMPATH/CodeIgniter.php(519): CodeIgniter\Filters\Filters->run()
27 SYSTEMPATH/CodeIgniter.php(368): CodeIgniter\CodeIgniter->handleRequest()
28 FCPATH/index.php(67): CodeIgniter\CodeIgniter->run()
INFO - 2023-03-17 12:36:27 --> Session: Class initialized using 'CodeIgniter\Session\Handlers\FileHandler' driver.
INFO - 2023-03-17 12:36:33 --> CSRF token verified.
INFO - 2023-03-17 12:36:33 --> Session: Class initialized using 'CodeIgniter\Session\Handlers\FileHandler' driver.
INFO - 2023-03-17 12:37:55 --> Session: Class initialized using 'CodeIgniter\Session\Handlers\FileHandler' driver.
INFO - 2023-03-17 12:37:57 --> Session: Class initialized using 'CodeIgniter\Session\Handlers\FileHandler' driver.
INFO - 2023-03-17 12:37:59 --> CSRF token verified.
INFO - 2023-03-17 12:37:59 --> Session: Class initialized using 'CodeIgniter\Session\Handlers\FileHandler' driver.
INFO - 2023-03-17 12:38:08 --> CSRF token verified.
INFO - 2023-03-17 12:38:08 --> Session: Class initialized using 'CodeIgniter\Session\Handlers\FileHandler' driver.
INFO - 2023-03-17 12:38:15 --> CSRF token verified.
INFO - 2023-03-17 12:38:15 --> Session: Class initialized using 'CodeIgniter\Session\Handlers\FileHandler' driver.
CRITICAL - 2023-03-17 12:38:15 --> date(): Argument #2 ($timestamp) must be of type ?int, bool given
in SYSTEMPATH/ThirdParty/Kint/Zval/Representation/SplFileInfoRepresentation.php on line 185.
 1 SYSTEMPATH/ThirdParty/Kint/Zval/Representation/SplFileInfoRepresentation.php(185): date()
 2 SYSTEMPATH/ThirdParty/Kint/Zval/Representation/SplFileInfoRepresentation.php(151): Kint\Zval\Representation\SplFileInfoRepresentation->getMTime()
 3 SYSTEMPATH/ThirdParty/Kint/Parser/SplFileInfoPlugin.php(53): Kint\Zval\Representation\SplFileInfoRepresentation->__construct()
 4 SYSTEMPATH/ThirdParty/Kint/Parser/Parser.php(632): Kint\Parser\SplFileInfoPlugin->parse()
 5 SYSTEMPATH/ThirdParty/Kint/Parser/Parser.php(427): Kint\Parser\Parser->applyPlugins()
 6 SYSTEMPATH/ThirdParty/Kint/Parser/Parser.php(138): Kint\Parser\Parser->parseObject()
 7 SYSTEMPATH/ThirdParty/Kint/Parser/Parser.php(383): Kint\Parser\Parser->parse()
 8 SYSTEMPATH/ThirdParty/Kint/Parser/Parser.php(131): Kint\Parser\Parser->parseArray()
 9 SYSTEMPATH/ThirdParty/Kint/Parser/Parser.php(565): Kint\Parser\Parser->parse()
10 SYSTEMPATH/ThirdParty/Kint/Parser/Parser.php(138): Kint\Parser\Parser->parseObject()
11 SYSTEMPATH/ThirdParty/Kint/Parser/Parser.php(565): Kint\Parser\Parser->parse()
12 SYSTEMPATH/ThirdParty/Kint/Parser/Parser.php(138): Kint\Parser\Parser->parseObject()
13 SYSTEMPATH/ThirdParty/Kint/Parser/Parser.php(565): Kint\Parser\Parser->parse()
14 SYSTEMPATH/ThirdParty/Kint/Parser/Parser.php(138): Kint\Parser\Parser->parseObject()
15 SYSTEMPATH/ThirdParty/Kint/Parser/Parser.php(383): Kint\Parser\Parser->parse()
16 SYSTEMPATH/ThirdParty/Kint/Parser/Parser.php(131): Kint\Parser\Parser->parseArray()
17 SYSTEMPATH/ThirdParty/Kint/Parser/Parser.php(565): Kint\Parser\Parser->parse()
18 SYSTEMPATH/ThirdParty/Kint/Parser/Parser.php(138): Kint\Parser\Parser->parseObject()
19 SYSTEMPATH/ThirdParty/Kint/Kint.php(285): Kint\Parser\Parser->parse()
20 SYSTEMPATH/ThirdParty/Kint/Kint.php(268): Kint\Kint->dumpVar()
21 SYSTEMPATH/ThirdParty/Kint/Kint.php(575): Kint\Kint->dumpAll()
22 SYSTEMPATH/Debug/Toolbar.php(110): Kint\Kint::dump()
23 SYSTEMPATH/Debug/Toolbar.php(371): CodeIgniter\Debug\Toolbar->run()
24 SYSTEMPATH/Filters/DebugToolbar.php(40): CodeIgniter\Debug\Toolbar->prepare()
25 SYSTEMPATH/Filters/Filters.php(196): CodeIgniter\Filters\DebugToolbar->after()
26 SYSTEMPATH/CodeIgniter.php(519): CodeIgniter\Filters\Filters->run()
27 SYSTEMPATH/CodeIgniter.php(368): CodeIgniter\CodeIgniter->handleRequest()
28 FCPATH/index.php(67): CodeIgniter\CodeIgniter->run()
INFO - 2023-03-17 12:40:25 --> Session: Class initialized using 'CodeIgniter\Session\Handlers\FileHandler' driver.
INFO - 2023-03-17 12:40:28 --> CSRF token verified.
INFO - 2023-03-17 12:40:28 --> Session: Class initialized using 'CodeIgniter\Session\Handlers\FileHandler' driver.
CRITICAL - 2023-03-17 12:40:28 --> date(): Argument #2 ($timestamp) must be of type ?int, bool given
in SYSTEMPATH/ThirdParty/Kint/Zval/Representation/SplFileInfoRepresentation.php on line 185.
 1 SYSTEMPATH/ThirdParty/Kint/Zval/Representation/SplFileInfoRepresentation.php(185): date()
 2 SYSTEMPATH/ThirdParty/Kint/Zval/Representation/SplFileInfoRepresentation.php(151): Kint\Zval\Representation\SplFileInfoRepresentation->getMTime()
 3 SYSTEMPATH/ThirdParty/Kint/Parser/SplFileInfoPlugin.php(53): Kint\Zval\Representation\SplFileInfoRepresentation->__construct()
 4 SYSTEMPATH/ThirdParty/Kint/Parser/Parser.php(632): Kint\Parser\SplFileInfoPlugin->parse()
 5 SYSTEMPATH/ThirdParty/Kint/Parser/Parser.php(427): Kint\Parser\Parser->applyPlugins()
 6 SYSTEMPATH/ThirdParty/Kint/Parser/Parser.php(138): Kint\Parser\Parser->parseObject()
 7 SYSTEMPATH/ThirdParty/Kint/Parser/Parser.php(383): Kint\Parser\Parser->parse()
 8 SYSTEMPATH/ThirdParty/Kint/Parser/Parser.php(131): Kint\Parser\Parser->parseArray()
 9 SYSTEMPATH/ThirdParty/Kint/Parser/Parser.php(565): Kint\Parser\Parser->parse()
10 SYSTEMPATH/ThirdParty/Kint/Parser/Parser.php(138): Kint\Parser\Parser->parseObject()
11 SYSTEMPATH/ThirdParty/Kint/Parser/Parser.php(565): Kint\Parser\Parser->parse()
12 SYSTEMPATH/ThirdParty/Kint/Parser/Parser.php(138): Kint\Parser\Parser->parseObject()
13 SYSTEMPATH/ThirdParty/Kint/Parser/Parser.php(565): Kint\Parser\Parser->parse()
14 SYSTEMPATH/ThirdParty/Kint/Parser/Parser.php(138): Kint\Parser\Parser->parseObject()
15 SYSTEMPATH/ThirdParty/Kint/Parser/Parser.php(383): Kint\Parser\Parser->parse()
16 SYSTEMPATH/ThirdParty/Kint/Parser/Parser.php(131): Kint\Parser\Parser->parseArray()
17 SYSTEMPATH/ThirdParty/Kint/Parser/Parser.php(565): Kint\Parser\Parser->parse()
18 SYSTEMPATH/ThirdParty/Kint/Parser/Parser.php(138): Kint\Parser\Parser->parseObject()
19 SYSTEMPATH/ThirdParty/Kint/Kint.php(285): Kint\Parser\Parser->parse()
20 SYSTEMPATH/ThirdParty/Kint/Kint.php(268): Kint\Kint->dumpVar()
21 SYSTEMPATH/ThirdParty/Kint/Kint.php(575): Kint\Kint->dumpAll()
22 SYSTEMPATH/Debug/Toolbar.php(110): Kint\Kint::dump()
23 SYSTEMPATH/Debug/Toolbar.php(371): CodeIgniter\Debug\Toolbar->run()
24 SYSTEMPATH/Filters/DebugToolbar.php(40): CodeIgniter\Debug\Toolbar->prepare()
25 SYSTEMPATH/Filters/Filters.php(196): CodeIgniter\Filters\DebugToolbar->after()
26 SYSTEMPATH/CodeIgniter.php(519): CodeIgniter\Filters\Filters->run()
27 SYSTEMPATH/CodeIgniter.php(368): CodeIgniter\CodeIgniter->handleRequest()
28 FCPATH/index.php(67): CodeIgniter\CodeIgniter->run()
INFO - 2023-03-17 12:49:33 --> Session: Class initialized using 'CodeIgniter\Session\Handlers\FileHandler' driver.
INFO - 2023-03-17 12:49:35 --> Session: Class initialized using 'CodeIgniter\Session\Handlers\FileHandler' driver.
INFO - 2023-03-17 12:49:40 --> Session: Class initialized using 'CodeIgniter\Session\Handlers\FileHandler' driver.
INFO - 2023-03-17 12:49:43 --> CSRF token verified.
INFO - 2023-03-17 12:49:43 --> Session: Class initialized using 'CodeIgniter\Session\Handlers\FileHandler' driver.
INFO - 2023-03-17 12:49:45 --> CSRF token verified.
INFO - 2023-03-17 12:49:45 --> Session: Class initialized using 'CodeIgniter\Session\Handlers\FileHandler' driver.
INFO - 2023-03-17 12:50:14 --> CSRF token verified.
INFO - 2023-03-17 12:50:14 --> Session: Class initialized using 'CodeIgniter\Session\Handlers\FileHandler' driver.
CRITICAL - 2023-03-17 12:50:14 --> date(): Argument #2 ($timestamp) must be of type ?int, bool given
in SYSTEMPATH/ThirdParty/Kint/Zval/Representation/SplFileInfoRepresentation.php on line 185.
 1 SYSTEMPATH/ThirdParty/Kint/Zval/Representation/SplFileInfoRepresentation.php(185): date()
 2 SYSTEMPATH/ThirdParty/Kint/Zval/Representation/SplFileInfoRepresentation.php(151): Kint\Zval\Representation\SplFileInfoRepresentation->getMTime()
 3 SYSTEMPATH/ThirdParty/Kint/Parser/SplFileInfoPlugin.php(53): Kint\Zval\Representation\SplFileInfoRepresentation->__construct()
 4 SYSTEMPATH/ThirdParty/Kint/Parser/Parser.php(632): Kint\Parser\SplFileInfoPlugin->parse()
 5 SYSTEMPATH/ThirdParty/Kint/Parser/Parser.php(427): Kint\Parser\Parser->applyPlugins()
 6 SYSTEMPATH/ThirdParty/Kint/Parser/Parser.php(138): Kint\Parser\Parser->parseObject()
 7 SYSTEMPATH/ThirdParty/Kint/Parser/Parser.php(383): Kint\Parser\Parser->parse()
 8 SYSTEMPATH/ThirdParty/Kint/Parser/Parser.php(131): Kint\Parser\Parser->parseArray()
 9 SYSTEMPATH/ThirdParty/Kint/Parser/Parser.php(565): Kint\Parser\Parser->parse()
10 SYSTEMPATH/ThirdParty/Kint/Parser/Parser.php(138): Kint\Parser\Parser->parseObject()
11 SYSTEMPATH/ThirdParty/Kint/Parser/Parser.php(565): Kint\Parser\Parser->parse()
12 SYSTEMPATH/ThirdParty/Kint/Parser/Parser.php(138): Kint\Parser\Parser->parseObject()
13 SYSTEMPATH/ThirdParty/Kint/Parser/Parser.php(565): Kint\Parser\Parser->parse()
14 SYSTEMPATH/ThirdParty/Kint/Parser/Parser.php(138): Kint\Parser\Parser->parseObject()
15 SYSTEMPATH/ThirdParty/Kint/Parser/Parser.php(383): Kint\Parser\Parser->parse()
16 SYSTEMPATH/ThirdParty/Kint/Parser/Parser.php(131): Kint\Parser\Parser->parseArray()
17 SYSTEMPATH/ThirdParty/Kint/Parser/Parser.php(565): Kint\Parser\Parser->parse()
18 SYSTEMPATH/ThirdParty/Kint/Parser/Parser.php(138): Kint\Parser\Parser->parseObject()
19 SYSTEMPATH/ThirdParty/Kint/Kint.php(285): Kint\Parser\Parser->parse()
20 SYSTEMPATH/ThirdParty/Kint/Kint.php(268): Kint\Kint->dumpVar()
21 SYSTEMPATH/ThirdParty/Kint/Kint.php(575): Kint\Kint->dumpAll()
22 SYSTEMPATH/Debug/Toolbar.php(110): Kint\Kint::dump()
23 SYSTEMPATH/Debug/Toolbar.php(371): CodeIgniter\Debug\Toolbar->run()
24 SYSTEMPATH/Filters/DebugToolbar.php(40): CodeIgniter\Debug\Toolbar->prepare()
25 SYSTEMPATH/Filters/Filters.php(196): CodeIgniter\Filters\DebugToolbar->after()
26 SYSTEMPATH/CodeIgniter.php(519): CodeIgniter\Filters\Filters->run()
27 SYSTEMPATH/CodeIgniter.php(368): CodeIgniter\CodeIgniter->handleRequest()
28 FCPATH/index.php(67): CodeIgniter\CodeIgniter->run()
INFO - 2023-03-17 12:50:54 --> Session: Class initialized using 'CodeIgniter\Session\Handlers\FileHandler' driver.
INFO - 2023-03-17 12:50:57 --> Session: Class initialized using 'CodeIgniter\Session\Handlers\FileHandler' driver.
INFO - 2023-03-17 12:51:07 --> Session: Class initialized using 'CodeIgniter\Session\Handlers\FileHandler' driver.
INFO - 2023-03-17 12:51:10 --> CSRF token verified.
INFO - 2023-03-17 12:51:10 --> Session: Class initialized using 'CodeIgniter\Session\Handlers\FileHandler' driver.
INFO - 2023-03-17 12:51:47 --> Session: Class initialized using 'CodeIgniter\Session\Handlers\FileHandler' driver.
INFO - 2023-03-17 12:51:50 --> CSRF token verified.
INFO - 2023-03-17 12:51:50 --> Session: Class initialized using 'CodeIgniter\Session\Handlers\FileHandler' driver.
INFO - 2023-03-17 12:52:21 --> Session: Class initialized using 'CodeIgniter\Session\Handlers\FileHandler' driver.
INFO - 2023-03-17 12:52:23 --> Session: Class initialized using 'CodeIgniter\Session\Handlers\FileHandler' driver.
INFO - 2023-03-17 12:52:28 --> CSRF token verified.
INFO - 2023-03-17 12:52:28 --> Session: Class initialized using 'CodeIgniter\Session\Handlers\FileHandler' driver.
CRITICAL - 2023-03-17 12:52:28 --> date(): Argument #2 ($timestamp) must be of type ?int, bool given
in SYSTEMPATH/ThirdParty/Kint/Zval/Representation/SplFileInfoRepresentation.php on line 185.
 1 SYSTEMPATH/ThirdParty/Kint/Zval/Representation/SplFileInfoRepresentation.php(185): date()
 2 SYSTEMPATH/ThirdParty/Kint/Zval/Representation/SplFileInfoRepresentation.php(151): Kint\Zval\Representation\SplFileInfoRepresentation->getMTime()
 3 SYSTEMPATH/ThirdParty/Kint/Parser/SplFileInfoPlugin.php(53): Kint\Zval\Representation\SplFileInfoRepresentation->__construct()
 4 SYSTEMPATH/ThirdParty/Kint/Parser/Parser.php(632): Kint\Parser\SplFileInfoPlugin->parse()
 5 SYSTEMPATH/ThirdParty/Kint/Parser/Parser.php(427): Kint\Parser\Parser->applyPlugins()
 6 SYSTEMPATH/ThirdParty/Kint/Parser/Parser.php(138): Kint\Parser\Parser->parseObject()
 7 SYSTEMPATH/ThirdParty/Kint/Parser/Parser.php(383): Kint\Parser\Parser->parse()
 8 SYSTEMPATH/ThirdParty/Kint/Parser/Parser.php(131): Kint\Parser\Parser->parseArray()
 9 SYSTEMPATH/ThirdParty/Kint/Parser/Parser.php(565): Kint\Parser\Parser->parse()
10 SYSTEMPATH/ThirdParty/Kint/Parser/Parser.php(138): Kint\Parser\Parser->parseObject()
11 SYSTEMPATH/ThirdParty/Kint/Parser/Parser.php(565): Kint\Parser\Parser->parse()
12 SYSTEMPATH/ThirdParty/Kint/Parser/Parser.php(138): Kint\Parser\Parser->parseObject()
13 SYSTEMPATH/ThirdParty/Kint/Parser/Parser.php(565): Kint\Parser\Parser->parse()
14 SYSTEMPATH/ThirdParty/Kint/Parser/Parser.php(138): Kint\Parser\Parser->parseObject()
15 SYSTEMPATH/ThirdParty/Kint/Parser/Parser.php(383): Kint\Parser\Parser->parse()
16 SYSTEMPATH/ThirdParty/Kint/Parser/Parser.php(131): Kint\Parser\Parser->parseArray()
17 SYSTEMPATH/ThirdParty/Kint/Parser/Parser.php(565): Kint\Parser\Parser->parse()
18 SYSTEMPATH/ThirdParty/Kint/Parser/Parser.php(138): Kint\Parser\Parser->parseObject()
19 SYSTEMPATH/ThirdParty/Kint/Kint.php(285): Kint\Parser\Parser->parse()
20 SYSTEMPATH/ThirdParty/Kint/Kint.php(268): Kint\Kint->dumpVar()
21 SYSTEMPATH/ThirdParty/Kint/Kint.php(575): Kint\Kint->dumpAll()
22 SYSTEMPATH/Debug/Toolbar.php(110): Kint\Kint::dump()
23 SYSTEMPATH/Debug/Toolbar.php(371): CodeIgniter\Debug\Toolbar->run()
24 SYSTEMPATH/Filters/DebugToolbar.php(40): CodeIgniter\Debug\Toolbar->prepare()
25 SYSTEMPATH/Filters/Filters.php(196): CodeIgniter\Filters\DebugToolbar->after()
26 SYSTEMPATH/CodeIgniter.php(519): CodeIgniter\Filters\Filters->run()
27 SYSTEMPATH/CodeIgniter.php(368): CodeIgniter\CodeIgniter->handleRequest()
28 FCPATH/index.php(67): CodeIgniter\CodeIgniter->run()
INFO - 2023-03-17 12:52:45 --> Session: Class initialized using 'CodeIgniter\Session\Handlers\FileHandler' driver.
INFO - 2023-03-17 12:52:48 --> CSRF token verified.
INFO - 2023-03-17 12:52:48 --> Session: Class initialized using 'CodeIgniter\Session\Handlers\FileHandler' driver.
INFO - 2023-03-17 12:53:20 --> Session: Class initialized using 'CodeIgniter\Session\Handlers\FileHandler' driver.
INFO - 2023-03-17 12:53:23 --> CSRF token verified.
INFO - 2023-03-17 12:53:23 --> Session: Class initialized using 'CodeIgniter\Session\Handlers\FileHandler' driver.
INFO - 2023-03-17 12:54:29 --> CSRF token verified.
INFO - 2023-03-17 12:54:29 --> Session: Class initialized using 'CodeIgniter\Session\Handlers\FileHandler' driver.
INFO - 2023-03-17 12:56:12 --> CSRF token verified.
INFO - 2023-03-17 12:56:12 --> Session: Class initialized using 'CodeIgniter\Session\Handlers\FileHandler' driver.
INFO - 2023-03-17 12:56:31 --> CSRF token verified.
INFO - 2023-03-17 12:56:31 --> Session: Class initialized using 'CodeIgniter\Session\Handlers\FileHandler' driver.
INFO - 2023-03-17 12:57:48 --> CSRF token verified.
INFO - 2023-03-17 12:57:48 --> Session: Class initialized using 'CodeIgniter\Session\Handlers\FileHandler' driver.
INFO - 2023-03-17 12:59:03 --> Session: Class initialized using 'CodeIgniter\Session\Handlers\FileHandler' driver.
CRITICAL - 2023-03-17 12:59:03 --> Undefined variable $erreurObjet
in APPPATH/Views/template/pageCompte.php on line 128.
 1 APPPATH/Views/template/pageCompte.php(128): CodeIgniter\Debug\Exceptions->errorHandler()
 2 SYSTEMPATH/View/View.php(213): include('APPPATH/Views/template/pageCompte.php')
 3 SYSTEMPATH/View/View.php(216): CodeIgniter\View\View->CodeIgniter\View\{closure}()
 4 SYSTEMPATH/Common.php(1177): CodeIgniter\View\View->render()
 5 APPPATH/Controllers/Membre.php(102): view()
 6 SYSTEMPATH/CodeIgniter.php(934): App\Controllers\Membre->compteMembre()
 7 SYSTEMPATH/CodeIgniter.php(499): CodeIgniter\CodeIgniter->runController()
 8 SYSTEMPATH/CodeIgniter.php(368): CodeIgniter\CodeIgniter->handleRequest()
 9 FCPATH/index.php(67): CodeIgniter\CodeIgniter->run()
INFO - 2023-03-17 12:59:05 --> Session: Class initialized using 'CodeIgniter\Session\Handlers\FileHandler' driver.
INFO - 2023-03-17 12:59:09 --> Session: Class initialized using 'CodeIgniter\Session\Handlers\FileHandler' driver.
CRITICAL - 2023-03-17 12:59:09 --> Undefined variable $erreurObjet
in APPPATH/Views/template/pageCompte.php on line 128.
 1 APPPATH/Views/template/pageCompte.php(128): CodeIgniter\Debug\Exceptions->errorHandler()
 2 SYSTEMPATH/View/View.php(213): include('APPPATH/Views/template/pageCompte.php')
 3 SYSTEMPATH/View/View.php(216): CodeIgniter\View\View->CodeIgniter\View\{closure}()
 4 SYSTEMPATH/Common.php(1177): CodeIgniter\View\View->render()
 5 APPPATH/Controllers/Membre.php(102): view()
 6 SYSTEMPATH/CodeIgniter.php(934): App\Controllers\Membre->compteMembre()
 7 SYSTEMPATH/CodeIgniter.php(499): CodeIgniter\CodeIgniter->runController()
 8 SYSTEMPATH/CodeIgniter.php(368): CodeIgniter\CodeIgniter->handleRequest()
 9 FCPATH/index.php(67): CodeIgniter\CodeIgniter->run()
INFO - 2023-03-17 12:59:18 --> Session: Class initialized using 'CodeIgniter\Session\Handlers\FileHandler' driver.
INFO - 2023-03-17 12:59:21 --> CSRF token verified.
INFO - 2023-03-17 12:59:21 --> Session: Class initialized using 'CodeIgniter\Session\Handlers\FileHandler' driver.
CRITICAL - 2023-03-17 12:59:21 --> date(): Argument #2 ($timestamp) must be of type ?int, bool given
in SYSTEMPATH/ThirdParty/Kint/Zval/Representation/SplFileInfoRepresentation.php on line 185.
 1 SYSTEMPATH/ThirdParty/Kint/Zval/Representation/SplFileInfoRepresentation.php(185): date()
 2 SYSTEMPATH/ThirdParty/Kint/Zval/Representation/SplFileInfoRepresentation.php(151): Kint\Zval\Representation\SplFileInfoRepresentation->getMTime()
 3 SYSTEMPATH/ThirdParty/Kint/Parser/SplFileInfoPlugin.php(53): Kint\Zval\Representation\SplFileInfoRepresentation->__construct()
 4 SYSTEMPATH/ThirdParty/Kint/Parser/Parser.php(632): Kint\Parser\SplFileInfoPlugin->parse()
 5 SYSTEMPATH/ThirdParty/Kint/Parser/Parser.php(427): Kint\Parser\Parser->applyPlugins()
 6 SYSTEMPATH/ThirdParty/Kint/Parser/Parser.php(138): Kint\Parser\Parser->parseObject()
 7 SYSTEMPATH/ThirdParty/Kint/Parser/Parser.php(383): Kint\Parser\Parser->parse()
 8 SYSTEMPATH/ThirdParty/Kint/Parser/Parser.php(131): Kint\Parser\Parser->parseArray()
 9 SYSTEMPATH/ThirdParty/Kint/Parser/Parser.php(565): Kint\Parser\Parser->parse()
10 SYSTEMPATH/ThirdParty/Kint/Parser/Parser.php(138): Kint\Parser\Parser->parseObject()
11 SYSTEMPATH/ThirdParty/Kint/Parser/Parser.php(565): Kint\Parser\Parser->parse()
12 SYSTEMPATH/ThirdParty/Kint/Parser/Parser.php(138): Kint\Parser\Parser->parseObject()
13 SYSTEMPATH/ThirdParty/Kint/Parser/Parser.php(565): Kint\Parser\Parser->parse()
14 SYSTEMPATH/ThirdParty/Kint/Parser/Parser.php(138): Kint\Parser\Parser->parseObject()
15 SYSTEMPATH/ThirdParty/Kint/Parser/Parser.php(383): Kint\Parser\Parser->parse()
16 SYSTEMPATH/ThirdParty/Kint/Parser/Parser.php(131): Kint\Parser\Parser->parseArray()
17 SYSTEMPATH/ThirdParty/Kint/Parser/Parser.php(565): Kint\Parser\Parser->parse()
18 SYSTEMPATH/ThirdParty/Kint/Parser/Parser.php(138): Kint\Parser\Parser->parseObject()
19 SYSTEMPATH/ThirdParty/Kint/Kint.php(285): Kint\Parser\Parser->parse()
20 SYSTEMPATH/ThirdParty/Kint/Kint.php(268): Kint\Kint->dumpVar()
21 SYSTEMPATH/ThirdParty/Kint/Kint.php(575): Kint\Kint->dumpAll()
22 SYSTEMPATH/Debug/Toolbar.php(110): Kint\Kint::dump()
23 SYSTEMPATH/Debug/Toolbar.php(371): CodeIgniter\Debug\Toolbar->run()
24 SYSTEMPATH/Filters/DebugToolbar.php(40): CodeIgniter\Debug\Toolbar->prepare()
25 SYSTEMPATH/Filters/Filters.php(196): CodeIgniter\Filters\DebugToolbar->after()
26 SYSTEMPATH/CodeIgniter.php(519): CodeIgniter\Filters\Filters->run()
27 SYSTEMPATH/CodeIgniter.php(368): CodeIgniter\CodeIgniter->handleRequest()
28 FCPATH/index.php(67): CodeIgniter\CodeIgniter->run()
INFO - 2023-03-17 12:59:54 --> CSRF token verified.
INFO - 2023-03-17 12:59:54 --> Session: Class initialized using 'CodeIgniter\Session\Handlers\FileHandler' driver.
CRITICAL - 2023-03-17 12:59:54 --> date(): Argument #2 ($timestamp) must be of type ?int, bool given
in SYSTEMPATH/ThirdParty/Kint/Zval/Representation/SplFileInfoRepresentation.php on line 185.
 1 SYSTEMPATH/ThirdParty/Kint/Zval/Representation/SplFileInfoRepresentation.php(185): date()
 2 SYSTEMPATH/ThirdParty/Kint/Zval/Representation/SplFileInfoRepresentation.php(151): Kint\Zval\Representation\SplFileInfoRepresentation->getMTime()
 3 SYSTEMPATH/ThirdParty/Kint/Parser/SplFileInfoPlugin.php(53): Kint\Zval\Representation\SplFileInfoRepresentation->__construct()
 4 SYSTEMPATH/ThirdParty/Kint/Parser/Parser.php(632): Kint\Parser\SplFileInfoPlugin->parse()
 5 SYSTEMPATH/ThirdParty/Kint/Parser/Parser.php(427): Kint\Parser\Parser->applyPlugins()
 6 SYSTEMPATH/ThirdParty/Kint/Parser/Parser.php(138): Kint\Parser\Parser->parseObject()
 7 SYSTEMPATH/ThirdParty/Kint/Parser/Parser.php(383): Kint\Parser\Parser->parse()
 8 SYSTEMPATH/ThirdParty/Kint/Parser/Parser.php(131): Kint\Parser\Parser->parseArray()
 9 SYSTEMPATH/ThirdParty/Kint/Parser/Parser.php(565): Kint\Parser\Parser->parse()
10 SYSTEMPATH/ThirdParty/Kint/Parser/Parser.php(138): Kint\Parser\Parser->parseObject()
11 SYSTEMPATH/ThirdParty/Kint/Parser/Parser.php(565): Kint\Parser\Parser->parse()
12 SYSTEMPATH/ThirdParty/Kint/Parser/Parser.php(138): Kint\Parser\Parser->parseObject()
13 SYSTEMPATH/ThirdParty/Kint/Parser/Parser.php(565): Kint\Parser\Parser->parse()
14 SYSTEMPATH/ThirdParty/Kint/Parser/Parser.php(138): Kint\Parser\Parser->parseObject()
15 SYSTEMPATH/ThirdParty/Kint/Parser/Parser.php(383): Kint\Parser\Parser->parse()
16 SYSTEMPATH/ThirdParty/Kint/Parser/Parser.php(131): Kint\Parser\Parser->parseArray()
17 SYSTEMPATH/ThirdParty/Kint/Parser/Parser.php(565): Kint\Parser\Parser->parse()
18 SYSTEMPATH/ThirdParty/Kint/Parser/Parser.php(138): Kint\Parser\Parser->parseObject()
19 SYSTEMPATH/ThirdParty/Kint/Kint.php(285): Kint\Parser\Parser->parse()
20 SYSTEMPATH/ThirdParty/Kint/Kint.php(268): Kint\Kint->dumpVar()
21 SYSTEMPATH/ThirdParty/Kint/Kint.php(575): Kint\Kint->dumpAll()
22 SYSTEMPATH/Debug/Toolbar.php(110): Kint\Kint::dump()
23 SYSTEMPATH/Debug/Toolbar.php(371): CodeIgniter\Debug\Toolbar->run()
24 SYSTEMPATH/Filters/DebugToolbar.php(40): CodeIgniter\Debug\Toolbar->prepare()
25 SYSTEMPATH/Filters/Filters.php(196): CodeIgniter\Filters\DebugToolbar->after()
26 SYSTEMPATH/CodeIgniter.php(519): CodeIgniter\Filters\Filters->run()
27 SYSTEMPATH/CodeIgniter.php(368): CodeIgniter\CodeIgniter->handleRequest()
28 FCPATH/index.php(67): CodeIgniter\CodeIgniter->run()
INFO - 2023-03-17 12:59:56 --> Session: Class initialized using 'CodeIgniter\Session\Handlers\FileHandler' driver.
INFO - 2023-03-17 12:59:59 --> CSRF token verified.
INFO - 2023-03-17 12:59:59 --> Session: Class initialized using 'CodeIgniter\Session\Handlers\FileHandler' driver.
CRITICAL - 2023-03-17 12:59:59 --> date(): Argument #2 ($timestamp) must be of type ?int, bool given
in SYSTEMPATH/ThirdParty/Kint/Zval/Representation/SplFileInfoRepresentation.php on line 185.
 1 SYSTEMPATH/ThirdParty/Kint/Zval/Representation/SplFileInfoRepresentation.php(185): date()
 2 SYSTEMPATH/ThirdParty/Kint/Zval/Representation/SplFileInfoRepresentation.php(151): Kint\Zval\Representation\SplFileInfoRepresentation->getMTime()
 3 SYSTEMPATH/ThirdParty/Kint/Parser/SplFileInfoPlugin.php(53): Kint\Zval\Representation\SplFileInfoRepresentation->__construct()
 4 SYSTEMPATH/ThirdParty/Kint/Parser/Parser.php(632): Kint\Parser\SplFileInfoPlugin->parse()
 5 SYSTEMPATH/ThirdParty/Kint/Parser/Parser.php(427): Kint\Parser\Parser->applyPlugins()
 6 SYSTEMPATH/ThirdParty/Kint/Parser/Parser.php(138): Kint\Parser\Parser->parseObject()
 7 SYSTEMPATH/ThirdParty/Kint/Parser/Parser.php(383): Kint\Parser\Parser->parse()
 8 SYSTEMPATH/ThirdParty/Kint/Parser/Parser.php(131): Kint\Parser\Parser->parseArray()
 9 SYSTEMPATH/ThirdParty/Kint/Parser/Parser.php(565): Kint\Parser\Parser->parse()
10 SYSTEMPATH/ThirdParty/Kint/Parser/Parser.php(138): Kint\Parser\Parser->parseObject()
11 SYSTEMPATH/ThirdParty/Kint/Parser/Parser.php(565): Kint\Parser\Parser->parse()
12 SYSTEMPATH/ThirdParty/Kint/Parser/Parser.php(138): Kint\Parser\Parser->parseObject()
13 SYSTEMPATH/ThirdParty/Kint/Parser/Parser.php(565): Kint\Parser\Parser->parse()
14 SYSTEMPATH/ThirdParty/Kint/Parser/Parser.php(138): Kint\Parser\Parser->parseObject()
15 SYSTEMPATH/ThirdParty/Kint/Parser/Parser.php(383): Kint\Parser\Parser->parse()
16 SYSTEMPATH/ThirdParty/Kint/Parser/Parser.php(131): Kint\Parser\Parser->parseArray()
17 SYSTEMPATH/ThirdParty/Kint/Parser/Parser.php(565): Kint\Parser\Parser->parse()
18 SYSTEMPATH/ThirdParty/Kint/Parser/Parser.php(138): Kint\Parser\Parser->parseObject()
19 SYSTEMPATH/ThirdParty/Kint/Kint.php(285): Kint\Parser\Parser->parse()
20 SYSTEMPATH/ThirdParty/Kint/Kint.php(268): Kint\Kint->dumpVar()
21 SYSTEMPATH/ThirdParty/Kint/Kint.php(575): Kint\Kint->dumpAll()
22 SYSTEMPATH/Debug/Toolbar.php(110): Kint\Kint::dump()
23 SYSTEMPATH/Debug/Toolbar.php(371): CodeIgniter\Debug\Toolbar->run()
24 SYSTEMPATH/Filters/DebugToolbar.php(40): CodeIgniter\Debug\Toolbar->prepare()
25 SYSTEMPATH/Filters/Filters.php(196): CodeIgniter\Filters\DebugToolbar->after()
26 SYSTEMPATH/CodeIgniter.php(519): CodeIgniter\Filters\Filters->run()
27 SYSTEMPATH/CodeIgniter.php(368): CodeIgniter\CodeIgniter->handleRequest()
28 FCPATH/index.php(67): CodeIgniter\CodeIgniter->run()
INFO - 2023-03-17 13:07:51 --> Session: Class initialized using 'CodeIgniter\Session\Handlers\FileHandler' driver.
INFO - 2023-03-17 13:10:51 --> Session: Class initialized using 'CodeIgniter\Session\Handlers\FileHandler' driver.
INFO - 2023-03-17 13:10:56 --> CSRF token verified.
INFO - 2023-03-17 13:10:56 --> Session: Class initialized using 'CodeIgniter\Session\Handlers\FileHandler' driver.
INFO - 2023-03-17 13:25:09 --> Session: Class initialized using 'CodeIgniter\Session\Handlers\FileHandler' driver.
INFO - 2023-03-17 13:25:13 --> Session: Class initialized using 'CodeIgniter\Session\Handlers\FileHandler' driver.
INFO - 2023-03-17 13:25:42 --> Session: Class initialized using 'CodeIgniter\Session\Handlers\FileHandler' driver.
INFO - 2023-03-17 13:25:47 --> Session: Class initialized using 'CodeIgniter\Session\Handlers\FileHandler' driver.
INFO - 2023-03-17 13:29:08 --> Session: Class initialized using 'CodeIgniter\Session\Handlers\FileHandler' driver.
INFO - 2023-03-17 13:29:44 --> Session: Class initialized using 'CodeIgniter\Session\Handlers\FileHandler' driver.
INFO - 2023-03-17 13:30:40 --> Session: Class initialized using 'CodeIgniter\Session\Handlers\FileHandler' driver.
INFO - 2023-03-17 13:31:56 --> Session: Class initialized using 'CodeIgniter\Session\Handlers\FileHandler' driver.
INFO - 2023-03-17 13:32:28 --> Session: Class initialized using 'CodeIgniter\Session\Handlers\FileHandler' driver.
INFO - 2023-03-17 13:34:28 --> Session: Class initialized using 'CodeIgniter\Session\Handlers\FileHandler' driver.
INFO - 2023-03-17 13:35:32 --> Session: Class initialized using 'CodeIgniter\Session\Handlers\FileHandler' driver.
INFO - 2023-03-17 13:36:35 --> Session: Class initialized using 'CodeIgniter\Session\Handlers\FileHandler' driver.
INFO - 2023-03-17 13:38:32 --> Session: Class initialized using 'CodeIgniter\Session\Handlers\FileHandler' driver.
INFO - 2023-03-17 13:39:11 --> Session: Class initialized using 'CodeIgniter\Session\Handlers\FileHandler' driver.
INFO - 2023-03-17 13:39:35 --> Session: Class initialized using 'CodeIgniter\Session\Handlers\FileHandler' driver.
INFO - 2023-03-17 13:40:24 --> Session: Class initialized using 'CodeIgniter\Session\Handlers\FileHandler' driver.
INFO - 2023-03-17 13:41:21 --> Session: Class initialized using 'CodeIgniter\Session\Handlers\FileHandler' driver.
INFO - 2023-03-17 13:43:13 --> Session: Class initialized using 'CodeIgniter\Session\Handlers\FileHandler' driver.
INFO - 2023-03-17 13:45:25 --> Session: Class initialized using 'CodeIgniter\Session\Handlers\FileHandler' driver.
INFO - 2023-03-17 13:45:27 --> Session: Class initialized using 'CodeIgniter\Session\Handlers\FileHandler' driver.
INFO - 2023-03-17 13:45:35 --> Session: Class initialized using 'CodeIgniter\Session\Handlers\FileHandler' driver.
INFO - 2023-03-17 13:46:00 --> Session: Class initialized using 'CodeIgniter\Session\Handlers\FileHandler' driver.
INFO - 2023-03-17 13:46:02 --> Session: Class initialized using 'CodeIgniter\Session\Handlers\FileHandler' driver.
INFO - 2023-03-17 13:46:04 --> Session: Class initialized using 'CodeIgniter\Session\Handlers\FileHandler' driver.
INFO - 2023-03-17 13:48:24 --> Session: Class initialized using 'CodeIgniter\Session\Handlers\FileHandler' driver.
INFO - 2023-03-17 13:50:54 --> Session: Class initialized using 'CodeIgniter\Session\Handlers\FileHandler' driver.
INFO - 2023-03-17 13:54:05 --> Session: Class initialized using 'CodeIgniter\Session\Handlers\FileHandler' driver.
INFO - 2023-03-17 13:54:13 --> Session: Class initialized using 'CodeIgniter\Session\Handlers\FileHandler' driver.
INFO - 2023-03-17 13:54:18 --> Session: Class initialized using 'CodeIgniter\Session\Handlers\FileHandler' driver.
INFO - 2023-03-17 14:01:00 --> Session: Class initialized using 'CodeIgniter\Session\Handlers\FileHandler' driver.
INFO - 2023-03-17 14:01:04 --> Session: Class initialized using 'CodeIgniter\Session\Handlers\FileHandler' driver.
INFO - 2023-03-17 14:01:08 --> CSRF token verified.
INFO - 2023-03-17 14:01:08 --> Session: Class initialized using 'CodeIgniter\Session\Handlers\FileHandler' driver.
CRITICAL - 2023-03-17 14:01:08 --> Undefined array key "avatar"
in APPPATH/Models/MembreModel.php on line 57.
 1 APPPATH/Models/MembreModel.php(57): CodeIgniter\Debug\Exceptions->errorHandler()
 2 APPPATH/Controllers/Membre.php(91): App\Models\MembreModel->modifierAvatar()
 3 SYSTEMPATH/CodeIgniter.php(934): App\Controllers\Membre->compteMembre()
 4 SYSTEMPATH/CodeIgniter.php(499): CodeIgniter\CodeIgniter->runController()
 5 SYSTEMPATH/CodeIgniter.php(368): CodeIgniter\CodeIgniter->handleRequest()
 6 FCPATH/index.php(67): CodeIgniter\CodeIgniter->run()
INFO - 2023-03-17 14:01:13 --> Session: Class initialized using 'CodeIgniter\Session\Handlers\FileHandler' driver.
INFO - 2023-03-17 14:01:33 --> Session: Class initialized using 'CodeIgniter\Session\Handlers\FileHandler' driver.
INFO - 2023-03-17 14:01:36 --> CSRF token verified.
INFO - 2023-03-17 14:01:36 --> Session: Class initialized using 'CodeIgniter\Session\Handlers\FileHandler' driver.
INFO - 2023-03-17 14:01:40 --> CSRF token verified.
INFO - 2023-03-17 14:01:40 --> Session: Class initialized using 'CodeIgniter\Session\Handlers\FileHandler' driver.
INFO - 2023-03-17 14:02:02 --> Session: Class initialized using 'CodeIgniter\Session\Handlers\FileHandler' driver.
INFO - 2023-03-17 14:02:06 --> CSRF token verified.
INFO - 2023-03-17 14:02:06 --> Session: Class initialized using 'CodeIgniter\Session\Handlers\FileHandler' driver.
CRITICAL - 2023-03-17 14:02:06 --> date(): Argument #2 ($timestamp) must be of type ?int, bool given
in SYSTEMPATH/ThirdParty/Kint/Zval/Representation/SplFileInfoRepresentation.php on line 185.
 1 SYSTEMPATH/ThirdParty/Kint/Zval/Representation/SplFileInfoRepresentation.php(185): date()
 2 SYSTEMPATH/ThirdParty/Kint/Zval/Representation/SplFileInfoRepresentation.php(151): Kint\Zval\Representation\SplFileInfoRepresentation->getMTime()
 3 SYSTEMPATH/ThirdParty/Kint/Parser/SplFileInfoPlugin.php(53): Kint\Zval\Representation\SplFileInfoRepresentation->__construct()
 4 SYSTEMPATH/ThirdParty/Kint/Parser/Parser.php(632): Kint\Parser\SplFileInfoPlugin->parse()
 5 SYSTEMPATH/ThirdParty/Kint/Parser/Parser.php(427): Kint\Parser\Parser->applyPlugins()
 6 SYSTEMPATH/ThirdParty/Kint/Parser/Parser.php(138): Kint\Parser\Parser->parseObject()
 7 SYSTEMPATH/ThirdParty/Kint/Parser/Parser.php(383): Kint\Parser\Parser->parse()
 8 SYSTEMPATH/ThirdParty/Kint/Parser/Parser.php(131): Kint\Parser\Parser->parseArray()
 9 SYSTEMPATH/ThirdParty/Kint/Parser/Parser.php(565): Kint\Parser\Parser->parse()
10 SYSTEMPATH/ThirdParty/Kint/Parser/Parser.php(138): Kint\Parser\Parser->parseObject()
11 SYSTEMPATH/ThirdParty/Kint/Parser/Parser.php(565): Kint\Parser\Parser->parse()
12 SYSTEMPATH/ThirdParty/Kint/Parser/Parser.php(138): Kint\Parser\Parser->parseObject()
13 SYSTEMPATH/ThirdParty/Kint/Parser/Parser.php(565): Kint\Parser\Parser->parse()
14 SYSTEMPATH/ThirdParty/Kint/Parser/Parser.php(138): Kint\Parser\Parser->parseObject()
15 SYSTEMPATH/ThirdParty/Kint/Parser/Parser.php(383): Kint\Parser\Parser->parse()
16 SYSTEMPATH/ThirdParty/Kint/Parser/Parser.php(131): Kint\Parser\Parser->parseArray()
17 SYSTEMPATH/ThirdParty/Kint/Parser/Parser.php(565): Kint\Parser\Parser->parse()
18 SYSTEMPATH/ThirdParty/Kint/Parser/Parser.php(138): Kint\Parser\Parser->parseObject()
19 SYSTEMPATH/ThirdParty/Kint/Kint.php(285): Kint\Parser\Parser->parse()
20 SYSTEMPATH/ThirdParty/Kint/Kint.php(268): Kint\Kint->dumpVar()
21 SYSTEMPATH/ThirdParty/Kint/Kint.php(575): Kint\Kint->dumpAll()
22 SYSTEMPATH/Debug/Toolbar.php(110): Kint\Kint::dump()
23 SYSTEMPATH/Debug/Toolbar.php(371): CodeIgniter\Debug\Toolbar->run()
24 SYSTEMPATH/Filters/DebugToolbar.php(40): CodeIgniter\Debug\Toolbar->prepare()
25 SYSTEMPATH/Filters/Filters.php(196): CodeIgniter\Filters\DebugToolbar->after()
26 SYSTEMPATH/CodeIgniter.php(519): CodeIgniter\Filters\Filters->run()
27 SYSTEMPATH/CodeIgniter.php(368): CodeIgniter\CodeIgniter->handleRequest()
28 FCPATH/index.php(67): CodeIgniter\CodeIgniter->run()
INFO - 2023-03-17 14:02:13 --> Session: Class initialized using 'CodeIgniter\Session\Handlers\FileHandler' driver.
INFO - 2023-03-17 14:02:15 --> Session: Class initialized using 'CodeIgniter\Session\Handlers\FileHandler' driver.
INFO - 2023-03-17 14:02:17 --> CSRF token verified.
INFO - 2023-03-17 14:02:17 --> Session: Class initialized using 'CodeIgniter\Session\Handlers\FileHandler' driver.
INFO - 2023-03-17 14:13:54 --> Session: Class initialized using 'CodeIgniter\Session\Handlers\FileHandler' driver.
INFO - 2023-03-17 14:15:06 --> Session: Class initialized using 'CodeIgniter\Session\Handlers\FileHandler' driver.
INFO - 2023-03-17 14:16:17 --> Session: Class initialized using 'CodeIgniter\Session\Handlers\FileHandler' driver.
INFO - 2023-03-17 14:17:36 --> Session: Class initialized using 'CodeIgniter\Session\Handlers\FileHandler' driver.
INFO - 2023-03-17 14:18:19 --> Session: Class initialized using 'CodeIgniter\Session\Handlers\FileHandler' driver.
INFO - 2023-03-17 14:21:50 --> Session: Class initialized using 'CodeIgniter\Session\Handlers\FileHandler' driver.
INFO - 2023-03-17 14:24:16 --> Session: Class initialized using 'CodeIgniter\Session\Handlers\FileHandler' driver.
INFO - 2023-03-17 14:24:17 --> Session: Class initialized using 'CodeIgniter\Session\Handlers\FileHandler' driver.
INFO - 2023-03-17 14:24:18 --> Session: Class initialized using 'CodeIgniter\Session\Handlers\FileHandler' driver.
INFO - 2023-03-17 14:24:41 --> Session: Class initialized using 'CodeIgniter\Session\Handlers\FileHandler' driver.
INFO - 2023-03-17 14:24:42 --> Session: Class initialized using 'CodeIgniter\Session\Handlers\FileHandler' driver.
INFO - 2023-03-17 14:26:27 --> Session: Class initialized using 'CodeIgniter\Session\Handlers\FileHandler' driver.
INFO - 2023-03-17 14:32:49 --> Session: Class initialized using 'CodeIgniter\Session\Handlers\FileHandler' driver.
INFO - 2023-03-17 14:37:51 --> Session: Class initialized using 'CodeIgniter\Session\Handlers\FileHandler' driver.
INFO - 2023-03-17 14:37:55 --> Session: Class initialized using 'CodeIgniter\Session\Handlers\FileHandler' driver.
INFO - 2023-03-17 14:38:01 --> Session: Class initialized using 'CodeIgniter\Session\Handlers\FileHandler' driver.
INFO - 2023-03-17 14:38:03 --> Session: Class initialized using 'CodeIgniter\Session\Handlers\FileHandler' driver.
INFO - 2023-03-17 14:38:06 --> Session: Class initialized using 'CodeIgniter\Session\Handlers\FileHandler' driver.
INFO - 2023-03-17 14:38:13 --> Session: Class initialized using 'CodeIgniter\Session\Handlers\FileHandler' driver.
INFO - 2023-03-17 14:40:39 --> Session: Class initialized using 'CodeIgniter\Session\Handlers\FileHandler' driver.
INFO - 2023-03-17 14:40:56 --> Session: Class initialized using 'CodeIgniter\Session\Handlers\FileHandler' driver.
INFO - 2023-03-17 15:09:05 --> Session: Class initialized using 'CodeIgniter\Session\Handlers\FileHandler' driver.
INFO - 2023-03-17 15:46:40 --> Session: Class initialized using 'CodeIgniter\Session\Handlers\FileHandler' driver.
INFO - 2023-03-17 15:57:14 --> Session: Class initialized using 'CodeIgniter\Session\Handlers\FileHandler' driver.
INFO - 2023-03-17 15:57:24 --> Session: Class initialized using 'CodeIgniter\Session\Handlers\FileHandler' driver.
INFO - 2023-03-17 15:57:47 --> Session: Class initialized using 'CodeIgniter\Session\Handlers\FileHandler' driver.
INFO - 2023-03-17 16:02:53 --> Session: Class initialized using 'CodeIgniter\Session\Handlers\FileHandler' driver.
INFO - 2023-03-17 16:03:09 --> Session: Class initialized using 'CodeIgniter\Session\Handlers\FileHandler' driver.
INFO - 2023-03-17 16:05:33 --> Session: Class initialized using 'CodeIgniter\Session\Handlers\FileHandler' driver.
INFO - 2023-03-17 16:10:24 --> Session: Class initialized using 'CodeIgniter\Session\Handlers\FileHandler' driver.
INFO - 2023-03-17 16:10:31 --> Session: Class initialized using 'CodeIgniter\Session\Handlers\FileHandler' driver.
INFO - 2023-03-17 16:10:35 --> CSRF token verified.
INFO - 2023-03-17 16:10:35 --> Session: Class initialized using 'CodeIgniter\Session\Handlers\FileHandler' driver.
CRITICAL - 2023-03-17 16:11:26 --> The action you requested is not allowed.
in SYSTEMPATH/Security/Security.php on line 306.
 1 SYSTEMPATH/Security/Security.php(306): CodeIgniter\Security\Exceptions\SecurityException::forDisallowedAction()
 2 SYSTEMPATH/Filters/CSRF.php(55): CodeIgniter\Security\Security->verify()
 3 SYSTEMPATH/Filters/Filters.php(173): CodeIgniter\Filters\CSRF->before()
 4 SYSTEMPATH/CodeIgniter.php(473): CodeIgniter\Filters\Filters->run()
 5 SYSTEMPATH/CodeIgniter.php(368): CodeIgniter\CodeIgniter->handleRequest()
 6 FCPATH/index.php(67): CodeIgniter\CodeIgniter->run()
INFO - 2023-03-17 16:11:28 --> Session: Class initialized using 'CodeIgniter\Session\Handlers\FileHandler' driver.
INFO - 2023-03-17 16:11:31 --> CSRF token verified.
INFO - 2023-03-17 16:11:31 --> Session: Class initialized using 'CodeIgniter\Session\Handlers\FileHandler' driver.
INFO - 2023-03-17 16:11:56 --> CSRF token verified.
INFO - 2023-03-17 16:11:56 --> Session: Class initialized using 'CodeIgniter\Session\Handlers\FileHandler' driver.
INFO - 2023-03-17 16:18:08 --> CSRF token verified.
INFO - 2023-03-17 16:18:08 --> Session: Class initialized using 'CodeIgniter\Session\Handlers\FileHandler' driver.
INFO - 2023-03-17 16:18:17 --> Session: Class initialized using 'CodeIgniter\Session\Handlers\FileHandler' driver.
INFO - 2023-03-17 16:18:48 --> CSRF token verified.
INFO - 2023-03-17 16:18:48 --> Session: Class initialized using 'CodeIgniter\Session\Handlers\FileHandler' driver.
INFO - 2023-03-17 16:22:01 --> Session: Class initialized using 'CodeIgniter\Session\Handlers\FileHandler' driver.
INFO - 2023-03-17 16:22:03 --> Session: Class initialized using 'CodeIgniter\Session\Handlers\FileHandler' driver.
INFO - 2023-03-17 16:22:06 --> CSRF token verified.
INFO - 2023-03-17 16:22:06 --> Session: Class initialized using 'CodeIgniter\Session\Handlers\FileHandler' driver.
INFO - 2023-03-17 16:22:19 --> CSRF token verified.
INFO - 2023-03-17 16:22:19 --> Session: Class initialized using 'CodeIgniter\Session\Handlers\FileHandler' driver.
INFO - 2023-03-17 16:23:48 --> Session: Class initialized using 'CodeIgniter\Session\Handlers\FileHandler' driver.
INFO - 2023-03-17 16:23:49 --> Session: Class initialized using 'CodeIgniter\Session\Handlers\FileHandler' driver.
INFO - 2023-03-17 16:23:52 --> CSRF token verified.
INFO - 2023-03-17 16:23:52 --> Session: Class initialized using 'CodeIgniter\Session\Handlers\FileHandler' driver.
INFO - 2023-03-17 16:23:59 --> CSRF token verified.
INFO - 2023-03-17 16:23:59 --> Session: Class initialized using 'CodeIgniter\Session\Handlers\FileHandler' driver.
INFO - 2023-03-17 16:23:59 --> Session: Class initialized using 'CodeIgniter\Session\Handlers\FileHandler' driver.
INFO - 2023-03-17 16:27:05 --> Session: Class initialized using 'CodeIgniter\Session\Handlers\FileHandler' driver.
CRITICAL - 2023-03-17 16:27:05 --> Undefined variable $erreurImage
in APPPATH/Views/template/formRecette.php on line 153.
 1 APPPATH/Views/template/formRecette.php(153): CodeIgniter\Debug\Exceptions->errorHandler()
 2 SYSTEMPATH/View/View.php(213): include('APPPATH/Views/template/formRecette.php')
 3 SYSTEMPATH/View/View.php(216): CodeIgniter\View\View->CodeIgniter\View\{closure}()
 4 SYSTEMPATH/Common.php(1177): CodeIgniter\View\View->render()
 5 APPPATH/Controllers/Session.php(259): view()
 6 SYSTEMPATH/CodeIgniter.php(934): App\Controllers\Session->ajoutRecette()
 7 SYSTEMPATH/CodeIgniter.php(499): CodeIgniter\CodeIgniter->runController()
 8 SYSTEMPATH/CodeIgniter.php(368): CodeIgniter\CodeIgniter->handleRequest()
 9 FCPATH/index.php(67): CodeIgniter\CodeIgniter->run()
INFO - 2023-03-17 16:27:28 --> Session: Class initialized using 'CodeIgniter\Session\Handlers\FileHandler' driver.
INFO - 2023-03-17 16:27:32 --> CSRF token verified.
INFO - 2023-03-17 16:27:32 --> Session: Class initialized using 'CodeIgniter\Session\Handlers\FileHandler' driver.
INFO - 2023-03-17 16:28:22 --> Session: Class initialized using 'CodeIgniter\Session\Handlers\FileHandler' driver.
INFO - 2023-03-17 16:32:35 --> Session: Class initialized using 'CodeIgniter\Session\Handlers\FileHandler' driver.
INFO - 2023-03-17 16:33:06 --> Session: Class initialized using 'CodeIgniter\Session\Handlers\FileHandler' driver.
INFO - 2023-03-17 16:33:19 --> CSRF token verified.
INFO - 2023-03-17 16:33:19 --> Session: Class initialized using 'CodeIgniter\Session\Handlers\FileHandler' driver.
INFO - 2023-03-17 16:33:24 --> CSRF token verified.
INFO - 2023-03-17 16:33:24 --> Session: Class initialized using 'CodeIgniter\Session\Handlers\FileHandler' driver.
INFO - 2023-03-17 16:34:07 --> Session: Class initialized using 'CodeIgniter\Session\Handlers\FileHandler' driver.
INFO - 2023-03-17 16:34:11 --> CSRF token verified.
INFO - 2023-03-17 16:34:11 --> Session: Class initialized using 'CodeIgniter\Session\Handlers\FileHandler' driver.
INFO - 2023-03-17 20:53:02 --> Session: Class initialized using 'CodeIgniter\Session\Handlers\FileHandler' driver.
INFO - 2023-03-17 20:53:16 --> Session: Class initialized using 'CodeIgniter\Session\Handlers\FileHandler' driver.
INFO - 2023-03-17 20:53:22 --> Session: Class initialized using 'CodeIgniter\Session\Handlers\FileHandler' driver.
INFO - 2023-03-17 20:53:22 --> Session: Class initialized using 'CodeIgniter\Session\Handlers\FileHandler' driver.
INFO - 2023-03-17 21:06:32 --> Session: Class initialized using 'CodeIgniter\Session\Handlers\FileHandler' driver.
INFO - 2023-03-17 21:06:44 --> CSRF token verified.
INFO - 2023-03-17 21:06:44 --> Session: Class initialized using 'CodeIgniter\Session\Handlers\FileHandler' driver.
INFO - 2023-03-17 21:06:44 --> Session: Class initialized using 'CodeIgniter\Session\Handlers\FileHandler' driver.
INFO - 2023-03-17 21:06:49 --> Session: Class initialized using 'CodeIgniter\Session\Handlers\FileHandler' driver.
INFO - 2023-03-17 21:07:22 --> Session: Class initialized using 'CodeIgniter\Session\Handlers\FileHandler' driver.
INFO - 2023-03-17 21:07:24 --> Session: Class initialized using 'CodeIgniter\Session\Handlers\FileHandler' driver.
INFO - 2023-03-17 21:07:25 --> Session: Class initialized using 'CodeIgniter\Session\Handlers\FileHandler' driver.
INFO - 2023-03-17 21:09:08 --> Session: Class initialized using 'CodeIgniter\Session\Handlers\FileHandler' driver.
INFO - 2023-03-17 21:36:43 --> Session: Class initialized using 'CodeIgniter\Session\Handlers\FileHandler' driver.
INFO - 2023-03-17 21:37:56 --> Session: Class initialized using 'CodeIgniter\Session\Handlers\FileHandler' driver.
INFO - 2023-03-17 21:51:08 --> Session: Class initialized using 'CodeIgniter\Session\Handlers\FileHandler' driver.
INFO - 2023-03-17 22:01:45 --> Session: Class initialized using 'CodeIgniter\Session\Handlers\FileHandler' driver.
INFO - 2023-03-17 22:02:41 --> Session: Class initialized using 'CodeIgniter\Session\Handlers\FileHandler' driver.
INFO - 2023-03-17 22:07:09 --> Session: Class initialized using 'CodeIgniter\Session\Handlers\FileHandler' driver.
INFO - 2023-03-17 22:08:13 --> Session: Class initialized using 'CodeIgniter\Session\Handlers\FileHandler' driver.
INFO - 2023-03-17 22:09:38 --> Session: Class initialized using 'CodeIgniter\Session\Handlers\FileHandler' driver.
INFO - 2023-03-17 22:10:28 --> Session: Class initialized using 'CodeIgniter\Session\Handlers\FileHandler' driver.
INFO - 2023-03-17 22:11:19 --> Session: Class initialized using 'CodeIgniter\Session\Handlers\FileHandler' driver.
INFO - 2023-03-17 22:13:24 --> Session: Class initialized using 'CodeIgniter\Session\Handlers\FileHandler' driver.
INFO - 2023-03-17 22:13:30 --> Session: Class initialized using 'CodeIgniter\Session\Handlers\FileHandler' driver.
INFO - 2023-03-17 22:14:47 --> Session: Class initialized using 'CodeIgniter\Session\Handlers\FileHandler' driver.
INFO - 2023-03-17 22:14:51 --> Session: Class initialized using 'CodeIgniter\Session\Handlers\FileHandler' driver.
INFO - 2023-03-17 22:15:40 --> Session: Class initialized using 'CodeIgniter\Session\Handlers\FileHandler' driver.
INFO - 2023-03-17 22:15:44 --> Session: Class initialized using 'CodeIgniter\Session\Handlers\FileHandler' driver.
INFO - 2023-03-17 22:16:19 --> Session: Class initialized using 'CodeIgniter\Session\Handlers\FileHandler' driver.
INFO - 2023-03-17 22:18:18 --> Session: Class initialized using 'CodeIgniter\Session\Handlers\FileHandler' driver.
INFO - 2023-03-17 22:18:52 --> Session: Class initialized using 'CodeIgniter\Session\Handlers\FileHandler' driver.
INFO - 2023-03-17 22:22:34 --> Session: Class initialized using 'CodeIgniter\Session\Handlers\FileHandler' driver.
INFO - 2023-03-17 22:23:47 --> Session: Class initialized using 'CodeIgniter\Session\Handlers\FileHandler' driver.
INFO - 2023-03-17 22:25:25 --> Session: Class initialized using 'CodeIgniter\Session\Handlers\FileHandler' driver.
INFO - 2023-03-17 22:26:51 --> Session: Class initialized using 'CodeIgniter\Session\Handlers\FileHandler' driver.
INFO - 2023-03-17 22:29:33 --> Session: Class initialized using 'CodeIgniter\Session\Handlers\FileHandler' driver.
INFO - 2023-03-17 22:30:36 --> Session: Class initialized using 'CodeIgniter\Session\Handlers\FileHandler' driver.
INFO - 2023-03-17 22:33:47 --> Session: Class initialized using 'CodeIgniter\Session\Handlers\FileHandler' driver.
INFO - 2023-03-17 22:34:53 --> Session: Class initialized using 'CodeIgniter\Session\Handlers\FileHandler' driver.
INFO - 2023-03-17 22:37:30 --> Session: Class initialized using 'CodeIgniter\Session\Handlers\FileHandler' driver.
INFO - 2023-03-17 22:39:29 --> Session: Class initialized using 'CodeIgniter\Session\Handlers\FileHandler' driver.
INFO - 2023-03-17 22:42:41 --> Session: Class initialized using 'CodeIgniter\Session\Handlers\FileHandler' driver.
INFO - 2023-03-17 22:45:58 --> Session: Class initialized using 'CodeIgniter\Session\Handlers\FileHandler' driver.
INFO - 2023-03-17 22:47:52 --> Session: Class initialized using 'CodeIgniter\Session\Handlers\FileHandler' driver.
INFO - 2023-03-17 22:49:17 --> Session: Class initialized using 'CodeIgniter\Session\Handlers\FileHandler' driver.
INFO - 2023-03-17 22:49:59 --> Session: Class initialized using 'CodeIgniter\Session\Handlers\FileHandler' driver.
INFO - 2023-03-17 22:50:39 --> Session: Class initialized using 'CodeIgniter\Session\Handlers\FileHandler' driver.
INFO - 2023-03-17 22:51:26 --> Session: Class initialized using 'CodeIgniter\Session\Handlers\FileHandler' driver.
INFO - 2023-03-17 22:55:18 --> Session: Class initialized using 'CodeIgniter\Session\Handlers\FileHandler' driver.
INFO - 2023-03-17 22:56:50 --> Session: Class initialized using 'CodeIgniter\Session\Handlers\FileHandler' driver.
INFO - 2023-03-17 22:58:42 --> Session: Class initialized using 'CodeIgniter\Session\Handlers\FileHandler' driver.
INFO - 2023-03-17 22:58:49 --> Session: Class initialized using 'CodeIgniter\Session\Handlers\FileHandler' driver.
INFO - 2023-03-17 22:59:33 --> Session: Class initialized using 'CodeIgniter\Session\Handlers\FileHandler' driver.
INFO - 2023-03-17 23:00:41 --> Session: Class initialized using 'CodeIgniter\Session\Handlers\FileHandler' driver.
INFO - 2023-03-17 23:00:47 --> Session: Class initialized using 'CodeIgniter\Session\Handlers\FileHandler' driver.
INFO - 2023-03-17 23:01:26 --> Session: Class initialized using 'CodeIgniter\Session\Handlers\FileHandler' driver.
INFO - 2023-03-17 23:02:06 --> Session: Class initialized using 'CodeIgniter\Session\Handlers\FileHandler' driver.
INFO - 2023-03-17 23:07:31 --> Session: Class initialized using 'CodeIgniter\Session\Handlers\FileHandler' driver.
INFO - 2023-03-17 23:07:37 --> Session: Class initialized using 'CodeIgniter\Session\Handlers\FileHandler' driver.
INFO - 2023-03-17 23:09:34 --> Session: Class initialized using 'CodeIgniter\Session\Handlers\FileHandler' driver.
INFO - 2023-03-17 23:13:23 --> Session: Class initialized using 'CodeIgniter\Session\Handlers\FileHandler' driver.
INFO - 2023-03-17 23:14:26 --> Session: Class initialized using 'CodeIgniter\Session\Handlers\FileHandler' driver.
INFO - 2023-03-17 23:16:26 --> Session: Class initialized using 'CodeIgniter\Session\Handlers\FileHandler' driver.
INFO - 2023-03-17 23:17:15 --> Session: Class initialized using 'CodeIgniter\Session\Handlers\FileHandler' driver.
INFO - 2023-03-17 23:19:54 --> Session: Class initialized using 'CodeIgniter\Session\Handlers\FileHandler' driver.
INFO - 2023-03-17 23:20:47 --> Session: Class initialized using 'CodeIgniter\Session\Handlers\FileHandler' driver.
INFO - 2023-03-17 23:21:09 --> Session: Class initialized using 'CodeIgniter\Session\Handlers\FileHandler' driver.
INFO - 2023-03-17 23:21:50 --> Session: Class initialized using 'CodeIgniter\Session\Handlers\FileHandler' driver.
INFO - 2023-03-17 23:22:40 --> Session: Class initialized using 'CodeIgniter\Session\Handlers\FileHandler' driver.
INFO - 2023-03-17 23:23:01 --> Session: Class initialized using 'CodeIgniter\Session\Handlers\FileHandler' driver.
INFO - 2023-03-17 23:26:16 --> Session: Class initialized using 'CodeIgniter\Session\Handlers\FileHandler' driver.
INFO - 2023-03-17 23:27:28 --> Session: Class initialized using 'CodeIgniter\Session\Handlers\FileHandler' driver.
INFO - 2023-03-17 23:29:38 --> Session: Class initialized using 'CodeIgniter\Session\Handlers\FileHandler' driver.
INFO - 2023-03-17 23:30:36 --> Session: Class initialized using 'CodeIgniter\Session\Handlers\FileHandler' driver.
INFO - 2023-03-17 23:31:03 --> Session: Class initialized using 'CodeIgniter\Session\Handlers\FileHandler' driver.
INFO - 2023-03-17 23:32:08 --> Session: Class initialized using 'CodeIgniter\Session\Handlers\FileHandler' driver.
INFO - 2023-03-17 23:37:01 --> Session: Class initialized using 'CodeIgniter\Session\Handlers\FileHandler' driver.
INFO - 2023-03-17 23:37:36 --> Session: Class initialized using 'CodeIgniter\Session\Handlers\FileHandler' driver.
INFO - 2023-03-17 23:39:11 --> Session: Class initialized using 'CodeIgniter\Session\Handlers\FileHandler' driver.
INFO - 2023-03-17 23:41:43 --> Session: Class initialized using 'CodeIgniter\Session\Handlers\FileHandler' driver.
INFO - 2023-03-17 23:50:01 --> Session: Class initialized using 'CodeIgniter\Session\Handlers\FileHandler' driver.
INFO - 2023-03-17 23:50:11 --> Session: Class initialized using 'CodeIgniter\Session\Handlers\FileHandler' driver.
INFO - 2023-03-17 23:53:46 --> Session: Class initialized using 'CodeIgniter\Session\Handlers\FileHandler' driver.
INFO - 2023-03-17 23:54:24 --> Session: Class initialized using 'CodeIgniter\Session\Handlers\FileHandler' driver.
INFO - 2023-03-17 23:55:13 --> Session: Class initialized using 'CodeIgniter\Session\Handlers\FileHandler' driver.
INFO - 2023-03-17 23:55:59 --> Session: Class initialized using 'CodeIgniter\Session\Handlers\FileHandler' driver.
INFO - 2023-03-17 23:55:59 --> Session: Class initialized using 'CodeIgniter\Session\Handlers\FileHandler' driver.
INFO - 2023-03-17 23:56:00 --> Session: Class initialized using 'CodeIgniter\Session\Handlers\FileHandler' driver.
INFO - 2023-03-17 23:56:09 --> CSRF token verified.
INFO - 2023-03-17 23:56:09 --> Session: Class initialized using 'CodeIgniter\Session\Handlers\FileHandler' driver.
INFO - 2023-03-17 23:56:09 --> Session: Class initialized using 'CodeIgniter\Session\Handlers\FileHandler' driver.
INFO - 2023-03-17 23:56:13 --> Session: Class initialized using 'CodeIgniter\Session\Handlers\FileHandler' driver.
INFO - 2023-03-17 23:58:22 --> Session: Class initialized using 'CodeIgniter\Session\Handlers\FileHandler' driver.
INFO - 2023-03-17 23:58:28 --> Session: Class initialized using 'CodeIgniter\Session\Handlers\FileHandler' driver.
INFO - 2023-03-17 23:59:56 --> Session: Class initialized using 'CodeIgniter\Session\Handlers\FileHandler' driver.
