CRITICAL - 2023-03-06 14:12:30 --> Invalid file: "agencement/planAccueil.php"
in SYSTEMPATH/Exceptions/FrameworkException.php on line 33.
 1 SYSTEMPATH/View/View.php(201): CodeIgniter\Exceptions\FrameworkException::forInvalidFile()
 2 SYSTEMPATH/View/View.php(229): CodeIgniter\View\View->render()
 3 SYSTEMPATH/Common.php(1177): CodeIgniter\View\View->render()
 4 APPPATH/Controllers/Landing.php(11): view()
 5 SYSTEMPATH/CodeIgniter.php(934): App\Controllers\Landing->accueil()
 6 SYSTEMPATH/CodeIgniter.php(499): CodeIgniter\CodeIgniter->runController()
 7 SYSTEMPATH/CodeIgniter.php(368): CodeIgniter\CodeIgniter->handleRequest()
 8 FCPATH/index.php(67): CodeIgniter\CodeIgniter->run()
CRITICAL - 2023-03-06 14:13:28 --> Invalid file: "agencement/planLanding.php"
in SYSTEMPATH/Exceptions/FrameworkException.php on line 33.
 1 SYSTEMPATH/View/View.php(201): CodeIgniter\Exceptions\FrameworkException::forInvalidFile()
 2 SYSTEMPATH/View/View.php(229): CodeIgniter\View\View->render()
 3 SYSTEMPATH/Common.php(1177): CodeIgniter\View\View->render()
 4 APPPATH/Controllers/Landing.php(11): view()
 5 SYSTEMPATH/CodeIgniter.php(934): App\Controllers\Landing->accueil()
 6 SYSTEMPATH/CodeIgniter.php(499): CodeIgniter\CodeIgniter->runController()
 7 SYSTEMPATH/CodeIgniter.php(368): CodeIgniter\CodeIgniter->handleRequest()
 8 FCPATH/index.php(67): CodeIgniter\CodeIgniter->run()
CRITICAL - 2023-03-06 14:14:02 --> Undefined variable $meta_title
in APPPATH/Views/layout/planLanding.php on line 6.
 1 APPPATH/Views/layout/planLanding.php(6): CodeIgniter\Debug\Exceptions->errorHandler()
 2 SYSTEMPATH/View/View.php(213): include('APPPATH/Views/layout/planLanding.php')
 3 SYSTEMPATH/View/View.php(216): CodeIgniter\View\View->CodeIgniter\View\{closure}()
 4 SYSTEMPATH/View/View.php(229): CodeIgniter\View\View->render()
 5 SYSTEMPATH/Common.php(1177): CodeIgniter\View\View->render()
 6 APPPATH/Controllers/Landing.php(11): view()
 7 SYSTEMPATH/CodeIgniter.php(934): App\Controllers\Landing->accueil()
 8 SYSTEMPATH/CodeIgniter.php(499): CodeIgniter\CodeIgniter->runController()
 9 SYSTEMPATH/CodeIgniter.php(368): CodeIgniter\CodeIgniter->handleRequest()
10 FCPATH/index.php(67): CodeIgniter\CodeIgniter->run()
CRITICAL - 2023-03-06 14:31:14 --> Invalid file: "partial/landingCard.php"
in SYSTEMPATH/Exceptions/FrameworkException.php on line 33.
 1 SYSTEMPATH/View/View.php(201): CodeIgniter\Exceptions\FrameworkException::forInvalidFile()
 2 SYSTEMPATH/View/View.php(431): CodeIgniter\View\View->render()
 3 APPPATH/Views/template/pageLanding.php(78): CodeIgniter\View\View->include()
 4 SYSTEMPATH/View/View.php(213): include('APPPATH/Views/template/pageLanding.php')
 5 SYSTEMPATH/View/View.php(216): CodeIgniter\View\View->CodeIgniter\View\{closure}()
 6 SYSTEMPATH/Common.php(1177): CodeIgniter\View\View->render()
 7 APPPATH/Controllers/Landing.php(16): view()
 8 SYSTEMPATH/CodeIgniter.php(934): App\Controllers\Landing->accueil()
 9 SYSTEMPATH/CodeIgniter.php(499): CodeIgniter\CodeIgniter->runController()
10 SYSTEMPATH/CodeIgniter.php(368): CodeIgniter\CodeIgniter->handleRequest()
11 FCPATH/index.php(67): CodeIgniter\CodeIgniter->run()
