INFO - 2023-03-07 13:49:19 --> CSRF token verified.
INFO - 2023-03-07 13:49:21 --> CSRF token verified.
CRITICAL - 2023-03-07 13:50:55 --> The action you requested is not allowed.
in SYSTEMPATH/Security/Security.php on line 306.
 1 SYSTEMPATH/Security/Security.php(306): CodeIgniter\Security\Exceptions\SecurityException::forDisallowedAction()
 2 SYSTEMPATH/Filters/CSRF.php(55): CodeIgniter\Security\Security->verify()
 3 SYSTEMPATH/Filters/Filters.php(173): CodeIgniter\Filters\CSRF->before()
 4 SYSTEMPATH/CodeIgniter.php(473): CodeIgniter\Filters\Filters->run()
 5 SYSTEMPATH/CodeIgniter.php(368): CodeIgniter\CodeIgniter->handleRequest()
 6 FCPATH/index.php(67): CodeIgniter\CodeIgniter->run()
CRITICAL - 2023-03-07 13:51:01 --> The action you requested is not allowed.
in SYSTEMPATH/Security/Security.php on line 306.
 1 SYSTEMPATH/Security/Security.php(306): CodeIgniter\Security\Exceptions\SecurityException::forDisallowedAction()
 2 SYSTEMPATH/Filters/CSRF.php(55): CodeIgniter\Security\Security->verify()
 3 SYSTEMPATH/Filters/Filters.php(173): CodeIgniter\Filters\CSRF->before()
 4 SYSTEMPATH/CodeIgniter.php(473): CodeIgniter\Filters\Filters->run()
 5 SYSTEMPATH/CodeIgniter.php(368): CodeIgniter\CodeIgniter->handleRequest()
 6 FCPATH/index.php(67): CodeIgniter\CodeIgniter->run()
INFO - 2023-03-07 14:09:20 --> CSRF token verified.
CRITICAL - 2023-03-07 14:09:20 --> Call to undefined function App\Controllers\valid_data()
in APPPATH/Controllers/Landing.php on line 46.
 1 SYSTEMPATH/CodeIgniter.php(934): App\Controllers\Landing->formInscription()
 2 SYSTEMPATH/CodeIgniter.php(499): CodeIgniter\CodeIgniter->runController()
 3 SYSTEMPATH/CodeIgniter.php(368): CodeIgniter\CodeIgniter->handleRequest()
 4 FCPATH/index.php(67): CodeIgniter\CodeIgniter->run()
INFO - 2023-03-07 14:29:18 --> CSRF token verified.
CRITICAL - 2023-03-07 14:29:18 --> Call to undefined function App\Controllers\valid_data()
in APPPATH/Controllers/Landing.php on line 46.
 1 SYSTEMPATH/CodeIgniter.php(934): App\Controllers\Landing->formInscription()
 2 SYSTEMPATH/CodeIgniter.php(499): CodeIgniter\CodeIgniter->runController()
 3 SYSTEMPATH/CodeIgniter.php(368): CodeIgniter\CodeIgniter->handleRequest()
 4 FCPATH/index.php(67): CodeIgniter\CodeIgniter->run()
INFO - 2023-03-07 14:30:05 --> CSRF token verified.
CRITICAL - 2023-03-07 14:30:05 --> Call to undefined function App\Controllers\valid_data()
in APPPATH/Controllers/Landing.php on line 46.
 1 SYSTEMPATH/CodeIgniter.php(934): App\Controllers\Landing->formInscription()
 2 SYSTEMPATH/CodeIgniter.php(499): CodeIgniter\CodeIgniter->runController()
 3 SYSTEMPATH/CodeIgniter.php(368): CodeIgniter\CodeIgniter->handleRequest()
 4 FCPATH/index.php(67): CodeIgniter\CodeIgniter->run()
INFO - 2023-03-07 14:40:41 --> CSRF token verified.
CRITICAL - 2023-03-07 14:40:41 --> "inscriptionRules" is not a validation rules group.
in SYSTEMPATH/Validation/Validation.php on line 521.
 1 SYSTEMPATH/Validation/Validation.php(521): CodeIgniter\Validation\Exceptions\ValidationException::forGroupNotFound()
 2 APPPATH/Controllers/Landing.php(55): CodeIgniter\Validation\Validation->getRuleGroup()
 3 SYSTEMPATH/CodeIgniter.php(934): App\Controllers\Landing->formInscription()
 4 SYSTEMPATH/CodeIgniter.php(499): CodeIgniter\CodeIgniter->runController()
 5 SYSTEMPATH/CodeIgniter.php(368): CodeIgniter\CodeIgniter->handleRequest()
 6 FCPATH/index.php(67): CodeIgniter\CodeIgniter->run()
CRITICAL - 2023-03-07 22:12:47 --> Call to undefined function form_open_multipart()
in APPPATH/Views/template/pageLanding.php on line 109.
 1 SYSTEMPATH/View/View.php(213): include()
 2 SYSTEMPATH/View/View.php(216): CodeIgniter\View\View->CodeIgniter\View\{closure}()
 3 SYSTEMPATH/Common.php(1177): CodeIgniter\View\View->render()
 4 APPPATH/Controllers/Landing.php(16): view()
 5 SYSTEMPATH/CodeIgniter.php(934): App\Controllers\Landing->accueil()
 6 SYSTEMPATH/CodeIgniter.php(499): CodeIgniter\CodeIgniter->runController()
 7 SYSTEMPATH/CodeIgniter.php(368): CodeIgniter\CodeIgniter->handleRequest()
 8 FCPATH/index.php(67): CodeIgniter\CodeIgniter->run()
