CRITICAL - 2023-03-08 14:56:42 --> Call to undefined function form_open_multipart()
in APPPATH/Views/template/pageLanding.php on line 109.
 1 SYSTEMPATH/View/View.php(213): include()
 2 SYSTEMPATH/View/View.php(216): CodeIgniter\View\View->CodeIgniter\View\{closure}()
 3 SYSTEMPATH/Common.php(1177): CodeIgniter\View\View->render()
 4 APPPATH/Controllers/Landing.php(17): view()
 5 SYSTEMPATH/CodeIgniter.php(934): App\Controllers\Landing->accueil()
 6 SYSTEMPATH/CodeIgniter.php(499): CodeIgniter\CodeIgniter->runController()
 7 SYSTEMPATH/CodeIgniter.php(368): CodeIgniter\CodeIgniter->handleRequest()
 8 FCPATH/index.php(67): CodeIgniter\CodeIgniter->run()
CRITICAL - 2023-03-08 14:56:49 --> Call to undefined function form_open_multipart()
in APPPATH/Views/template/pageLanding.php on line 109.
 1 SYSTEMPATH/View/View.php(213): include()
 2 SYSTEMPATH/View/View.php(216): CodeIgniter\View\View->CodeIgniter\View\{closure}()
 3 SYSTEMPATH/Common.php(1177): CodeIgniter\View\View->render()
 4 APPPATH/Controllers/Landing.php(17): view()
 5 SYSTEMPATH/CodeIgniter.php(934): App\Controllers\Landing->accueil()
 6 SYSTEMPATH/CodeIgniter.php(499): CodeIgniter\CodeIgniter->runController()
 7 SYSTEMPATH/CodeIgniter.php(368): CodeIgniter\CodeIgniter->handleRequest()
 8 FCPATH/index.php(67): CodeIgniter\CodeIgniter->run()
INFO - 2023-03-08 14:58:44 --> CSRF token verified.
CRITICAL - 2023-03-08 15:20:54 --> The action you requested is not allowed.
in SYSTEMPATH/Security/Security.php on line 306.
 1 SYSTEMPATH/Security/Security.php(306): CodeIgniter\Security\Exceptions\SecurityException::forDisallowedAction()
 2 SYSTEMPATH/Filters/CSRF.php(55): CodeIgniter\Security\Security->verify()
 3 SYSTEMPATH/Filters/Filters.php(173): CodeIgniter\Filters\CSRF->before()
 4 SYSTEMPATH/CodeIgniter.php(473): CodeIgniter\Filters\Filters->run()
 5 SYSTEMPATH/CodeIgniter.php(368): CodeIgniter\CodeIgniter->handleRequest()
 6 FCPATH/index.php(67): CodeIgniter\CodeIgniter->run()
INFO - 2023-03-08 15:21:05 --> CSRF token verified.
INFO - 2023-03-08 15:29:03 --> CSRF token verified.
CRITICAL - 2023-03-08 15:29:03 --> Call to undefined function form_open_multipart()
in APPPATH/Views/template/pageLanding.php on line 109.
 1 SYSTEMPATH/View/View.php(213): include()
 2 SYSTEMPATH/View/View.php(216): CodeIgniter\View\View->CodeIgniter\View\{closure}()
 3 SYSTEMPATH/Common.php(1177): CodeIgniter\View\View->render()
 4 APPPATH/Controllers/Landing.php(91): view()
 5 SYSTEMPATH/CodeIgniter.php(934): App\Controllers\Landing->formContact()
 6 SYSTEMPATH/CodeIgniter.php(499): CodeIgniter\CodeIgniter->runController()
 7 SYSTEMPATH/CodeIgniter.php(368): CodeIgniter\CodeIgniter->handleRequest()
 8 FCPATH/index.php(67): CodeIgniter\CodeIgniter->run()
INFO - 2023-03-08 15:29:17 --> CSRF token verified.
INFO - 2023-03-08 16:08:47 --> CSRF token verified.
ERROR - 2023-03-08 16:08:47 --> mysqli_sql_exception: Table 'Gloutonnade.utilisateur' doesn't exist in /srv/gloutonnade/system/Database/MySQLi/Connection.php:295
Stack trace:
#0 /srv/gloutonnade/system/Database/MySQLi/Connection.php(295): mysqli->query()
#1 /srv/gloutonnade/system/Database/BaseConnection.php(691): CodeIgniter\Database\MySQLi\Connection->execute()
#2 /srv/gloutonnade/system/Database/BaseConnection.php(605): CodeIgniter\Database\BaseConnection->simpleQuery()
#3 /srv/gloutonnade/system/Database/BaseBuilder.php(1602): CodeIgniter\Database\BaseConnection->query()
#4 /srv/gloutonnade/system/Validation/StrictRules/Rules.php(206): CodeIgniter\Database\BaseBuilder->get()
#5 /srv/gloutonnade/system/Validation/Validation.php(312): CodeIgniter\Validation\StrictRules\Rules->is_unique()
#6 /srv/gloutonnade/system/Validation/Validation.php(170): CodeIgniter\Validation\Validation->processRules()
#7 /srv/gloutonnade/system/Controller.php(140): CodeIgniter\Validation\Validation->run()
#8 /srv/gloutonnade/app/Controllers/Landing.php(59): CodeIgniter\Controller->validate()
#9 /srv/gloutonnade/system/CodeIgniter.php(934): App\Controllers\Landing->formInscription()
#10 /srv/gloutonnade/system/CodeIgniter.php(499): CodeIgniter\CodeIgniter->runController()
#11 /srv/gloutonnade/system/CodeIgniter.php(368): CodeIgniter\CodeIgniter->handleRequest()
#12 /srv/gloutonnade/public/index.php(67): CodeIgniter\CodeIgniter->run()
#13 {main}
CRITICAL - 2023-03-08 16:08:47 --> Table 'Gloutonnade.utilisateur' doesn't exist
in SYSTEMPATH/Database/BaseConnection.php on line 645.
 1 SYSTEMPATH/Database/BaseBuilder.php(1602): CodeIgniter\Database\BaseConnection->query()
 2 SYSTEMPATH/Validation/StrictRules/Rules.php(206): CodeIgniter\Database\BaseBuilder->get()
 3 SYSTEMPATH/Validation/Validation.php(312): CodeIgniter\Validation\StrictRules\Rules->is_unique()
 4 SYSTEMPATH/Validation/Validation.php(170): CodeIgniter\Validation\Validation->processRules()
 5 SYSTEMPATH/Controller.php(140): CodeIgniter\Validation\Validation->run()
 6 APPPATH/Controllers/Landing.php(59): CodeIgniter\Controller->validate()
 7 SYSTEMPATH/CodeIgniter.php(934): App\Controllers\Landing->formInscription()
 8 SYSTEMPATH/CodeIgniter.php(499): CodeIgniter\CodeIgniter->runController()
 9 SYSTEMPATH/CodeIgniter.php(368): CodeIgniter\CodeIgniter->handleRequest()
10 FCPATH/index.php(67): CodeIgniter\CodeIgniter->run()
INFO - 2023-03-08 16:13:48 --> CSRF token verified.
ERROR - 2023-03-08 16:13:48 --> mysqli_sql_exception: Unknown column 'mail' in 'where clause' in /srv/gloutonnade/system/Database/MySQLi/Connection.php:295
Stack trace:
#0 /srv/gloutonnade/system/Database/MySQLi/Connection.php(295): mysqli->query()
#1 /srv/gloutonnade/system/Database/BaseConnection.php(691): CodeIgniter\Database\MySQLi\Connection->execute()
#2 /srv/gloutonnade/system/Database/BaseConnection.php(605): CodeIgniter\Database\BaseConnection->simpleQuery()
#3 /srv/gloutonnade/system/Database/BaseBuilder.php(1602): CodeIgniter\Database\BaseConnection->query()
#4 /srv/gloutonnade/system/Validation/StrictRules/Rules.php(206): CodeIgniter\Database\BaseBuilder->get()
#5 /srv/gloutonnade/system/Validation/Validation.php(312): CodeIgniter\Validation\StrictRules\Rules->is_unique()
#6 /srv/gloutonnade/system/Validation/Validation.php(170): CodeIgniter\Validation\Validation->processRules()
#7 /srv/gloutonnade/system/Controller.php(140): CodeIgniter\Validation\Validation->run()
#8 /srv/gloutonnade/app/Controllers/Landing.php(59): CodeIgniter\Controller->validate()
#9 /srv/gloutonnade/system/CodeIgniter.php(934): App\Controllers\Landing->formInscription()
#10 /srv/gloutonnade/system/CodeIgniter.php(499): CodeIgniter\CodeIgniter->runController()
#11 /srv/gloutonnade/system/CodeIgniter.php(368): CodeIgniter\CodeIgniter->handleRequest()
#12 /srv/gloutonnade/public/index.php(67): CodeIgniter\CodeIgniter->run()
#13 {main}
CRITICAL - 2023-03-08 16:13:48 --> Unknown column 'mail' in 'where clause'
in SYSTEMPATH/Database/BaseConnection.php on line 645.
 1 SYSTEMPATH/Database/BaseBuilder.php(1602): CodeIgniter\Database\BaseConnection->query()
 2 SYSTEMPATH/Validation/StrictRules/Rules.php(206): CodeIgniter\Database\BaseBuilder->get()
 3 SYSTEMPATH/Validation/Validation.php(312): CodeIgniter\Validation\StrictRules\Rules->is_unique()
 4 SYSTEMPATH/Validation/Validation.php(170): CodeIgniter\Validation\Validation->processRules()
 5 SYSTEMPATH/Controller.php(140): CodeIgniter\Validation\Validation->run()
 6 APPPATH/Controllers/Landing.php(59): CodeIgniter\Controller->validate()
 7 SYSTEMPATH/CodeIgniter.php(934): App\Controllers\Landing->formInscription()
 8 SYSTEMPATH/CodeIgniter.php(499): CodeIgniter\CodeIgniter->runController()
 9 SYSTEMPATH/CodeIgniter.php(368): CodeIgniter\CodeIgniter->handleRequest()
10 FCPATH/index.php(67): CodeIgniter\CodeIgniter->run()
INFO - 2023-03-08 16:14:48 --> CSRF token verified.
ERROR - 2023-03-08 16:14:48 --> mysqli_sql_exception: Table 'Gloutonnade.utilisateur' doesn't exist in /srv/gloutonnade/system/Database/MySQLi/Connection.php:295
Stack trace:
#0 /srv/gloutonnade/system/Database/MySQLi/Connection.php(295): mysqli->query()
#1 /srv/gloutonnade/system/Database/BaseConnection.php(691): CodeIgniter\Database\MySQLi\Connection->execute()
#2 /srv/gloutonnade/system/Database/BaseConnection.php(605): CodeIgniter\Database\BaseConnection->simpleQuery()
#3 /srv/gloutonnade/system/Database/BaseBuilder.php(1602): CodeIgniter\Database\BaseConnection->query()
#4 /srv/gloutonnade/system/Validation/StrictRules/Rules.php(206): CodeIgniter\Database\BaseBuilder->get()
#5 /srv/gloutonnade/system/Validation/Validation.php(312): CodeIgniter\Validation\StrictRules\Rules->is_unique()
#6 /srv/gloutonnade/system/Validation/Validation.php(170): CodeIgniter\Validation\Validation->processRules()
#7 /srv/gloutonnade/system/Controller.php(140): CodeIgniter\Validation\Validation->run()
#8 /srv/gloutonnade/app/Controllers/Landing.php(59): CodeIgniter\Controller->validate()
#9 /srv/gloutonnade/system/CodeIgniter.php(934): App\Controllers\Landing->formInscription()
#10 /srv/gloutonnade/system/CodeIgniter.php(499): CodeIgniter\CodeIgniter->runController()
#11 /srv/gloutonnade/system/CodeIgniter.php(368): CodeIgniter\CodeIgniter->handleRequest()
#12 /srv/gloutonnade/public/index.php(67): CodeIgniter\CodeIgniter->run()
#13 {main}
CRITICAL - 2023-03-08 16:14:48 --> Table 'Gloutonnade.utilisateur' doesn't exist
in SYSTEMPATH/Database/BaseConnection.php on line 645.
 1 SYSTEMPATH/Database/BaseBuilder.php(1602): CodeIgniter\Database\BaseConnection->query()
 2 SYSTEMPATH/Validation/StrictRules/Rules.php(206): CodeIgniter\Database\BaseBuilder->get()
 3 SYSTEMPATH/Validation/Validation.php(312): CodeIgniter\Validation\StrictRules\Rules->is_unique()
 4 SYSTEMPATH/Validation/Validation.php(170): CodeIgniter\Validation\Validation->processRules()
 5 SYSTEMPATH/Controller.php(140): CodeIgniter\Validation\Validation->run()
 6 APPPATH/Controllers/Landing.php(59): CodeIgniter\Controller->validate()
 7 SYSTEMPATH/CodeIgniter.php(934): App\Controllers\Landing->formInscription()
 8 SYSTEMPATH/CodeIgniter.php(499): CodeIgniter\CodeIgniter->runController()
 9 SYSTEMPATH/CodeIgniter.php(368): CodeIgniter\CodeIgniter->handleRequest()
10 FCPATH/index.php(67): CodeIgniter\CodeIgniter->run()
INFO - 2023-03-08 16:17:09 --> CSRF token verified.
ERROR - 2023-03-08 16:17:09 --> mysqli_sql_exception: Cannot add or update a child row: a foreign key constraint fails (`Gloutonnade`.`membre`, CONSTRAINT `fk_membre_statut` FOREIGN KEY (`statut_id`) REFERENCES `statut` (`id`) ON DELETE NO ACTION ON UPDATE NO ACTION) in /srv/gloutonnade/system/Database/MySQLi/Connection.php:295
Stack trace:
#0 /srv/gloutonnade/system/Database/MySQLi/Connection.php(295): mysqli->query()
#1 /srv/gloutonnade/system/Database/BaseConnection.php(691): CodeIgniter\Database\MySQLi\Connection->execute()
#2 /srv/gloutonnade/system/Database/BaseConnection.php(605): CodeIgniter\Database\BaseConnection->simpleQuery()
#3 /srv/gloutonnade/system/Database/BaseBuilder.php(2295): CodeIgniter\Database\BaseConnection->query()
#4 /srv/gloutonnade/system/Model.php(329): CodeIgniter\Database\BaseBuilder->insert()
#5 /srv/gloutonnade/system/BaseModel.php(782): CodeIgniter\Model->doInsert()
#6 /srv/gloutonnade/system/Model.php(729): CodeIgniter\BaseModel->insert()
#7 /srv/gloutonnade/app/Models/MembreModel.php(35): CodeIgniter\Model->insert()
#8 /srv/gloutonnade/app/Controllers/Landing.php(65): App\Models\MembreModel->inscriptionMembre()
#9 /srv/gloutonnade/system/CodeIgniter.php(934): App\Controllers\Landing->formInscription()
#10 /srv/gloutonnade/system/CodeIgniter.php(499): CodeIgniter\CodeIgniter->runController()
#11 /srv/gloutonnade/system/CodeIgniter.php(368): CodeIgniter\CodeIgniter->handleRequest()
#12 /srv/gloutonnade/public/index.php(67): CodeIgniter\CodeIgniter->run()
#13 {main}
CRITICAL - 2023-03-08 16:17:09 --> Cannot add or update a child row: a foreign key constraint fails (`Gloutonnade`.`membre`, CONSTRAINT `fk_membre_statut` FOREIGN KEY (`statut_id`) REFERENCES `statut` (`id`) ON DELETE NO ACTION ON UPDATE NO ACTION)
in SYSTEMPATH/Database/BaseConnection.php on line 645.
 1 SYSTEMPATH/Database/BaseBuilder.php(2295): CodeIgniter\Database\BaseConnection->query()
 2 SYSTEMPATH/Model.php(329): CodeIgniter\Database\BaseBuilder->insert()
 3 SYSTEMPATH/BaseModel.php(782): CodeIgniter\Model->doInsert()
 4 SYSTEMPATH/Model.php(729): CodeIgniter\BaseModel->insert()
 5 APPPATH/Models/MembreModel.php(35): CodeIgniter\Model->insert()
 6 APPPATH/Controllers/Landing.php(65): App\Models\MembreModel->inscriptionMembre()
 7 SYSTEMPATH/CodeIgniter.php(934): App\Controllers\Landing->formInscription()
 8 SYSTEMPATH/CodeIgniter.php(499): CodeIgniter\CodeIgniter->runController()
 9 SYSTEMPATH/CodeIgniter.php(368): CodeIgniter\CodeIgniter->handleRequest()
10 FCPATH/index.php(67): CodeIgniter\CodeIgniter->run()
INFO - 2023-03-08 16:20:20 --> CSRF token verified.
INFO - 2023-03-08 16:25:22 --> CSRF token verified.
INFO - 2023-03-08 16:26:02 --> CSRF token verified.
INFO - 2023-03-08 16:26:34 --> CSRF token verified.
CRITICAL - 2023-03-08 16:28:40 --> The action you requested is not allowed.
in SYSTEMPATH/Security/Security.php on line 306.
 1 SYSTEMPATH/Security/Security.php(306): CodeIgniter\Security\Exceptions\SecurityException::forDisallowedAction()
 2 SYSTEMPATH/Filters/CSRF.php(55): CodeIgniter\Security\Security->verify()
 3 SYSTEMPATH/Filters/Filters.php(173): CodeIgniter\Filters\CSRF->before()
 4 SYSTEMPATH/CodeIgniter.php(473): CodeIgniter\Filters\Filters->run()
 5 SYSTEMPATH/CodeIgniter.php(368): CodeIgniter\CodeIgniter->handleRequest()
 6 FCPATH/index.php(67): CodeIgniter\CodeIgniter->run()
INFO - 2023-03-08 16:29:09 --> CSRF token verified.
CRITICAL - 2023-03-08 16:30:46 --> The action you requested is not allowed.
in SYSTEMPATH/Security/Security.php on line 306.
 1 SYSTEMPATH/Security/Security.php(306): CodeIgniter\Security\Exceptions\SecurityException::forDisallowedAction()
 2 SYSTEMPATH/Filters/CSRF.php(55): CodeIgniter\Security\Security->verify()
 3 SYSTEMPATH/Filters/Filters.php(173): CodeIgniter\Filters\CSRF->before()
 4 SYSTEMPATH/CodeIgniter.php(473): CodeIgniter\Filters\Filters->run()
 5 SYSTEMPATH/CodeIgniter.php(368): CodeIgniter\CodeIgniter->handleRequest()
 6 FCPATH/index.php(67): CodeIgniter\CodeIgniter->run()
INFO - 2023-03-08 16:31:00 --> CSRF token verified.
INFO - 2023-03-08 16:33:56 --> CSRF token verified.
INFO - 2023-03-08 16:35:37 --> CSRF token verified.
INFO - 2023-03-08 16:39:51 --> CSRF token verified.
INFO - 2023-03-08 16:40:28 --> CSRF token verified.
INFO - 2023-03-08 16:41:09 --> CSRF token verified.
INFO - 2023-03-08 16:43:07 --> CSRF token verified.
INFO - 2023-03-08 16:45:15 --> CSRF token verified.
INFO - 2023-03-08 16:48:19 --> CSRF token verified.
INFO - 2023-03-08 23:27:26 --> Session: Class initialized using 'CodeIgniter\Session\Handlers\FileHandler' driver.
INFO - 2023-03-08 23:28:52 --> CSRF token verified.
INFO - 2023-03-08 23:28:52 --> Session: Class initialized using 'CodeIgniter\Session\Handlers\FileHandler' driver.
INFO - 2023-03-08 23:28:52 --> Session: Class initialized using 'CodeIgniter\Session\Handlers\FileHandler' driver.
INFO - 2023-03-08 23:29:27 --> Session: Class initialized using 'CodeIgniter\Session\Handlers\FileHandler' driver.
INFO - 2023-03-08 23:36:35 --> Session: Class initialized using 'CodeIgniter\Session\Handlers\FileHandler' driver.
INFO - 2023-03-08 23:37:00 --> Session: Class initialized using 'CodeIgniter\Session\Handlers\FileHandler' driver.
INFO - 2023-03-08 23:37:43 --> Session: Class initialized using 'CodeIgniter\Session\Handlers\FileHandler' driver.
INFO - 2023-03-08 23:37:57 --> Session: Class initialized using 'CodeIgniter\Session\Handlers\FileHandler' driver.
INFO - 2023-03-08 23:37:59 --> Session: Class initialized using 'CodeIgniter\Session\Handlers\FileHandler' driver.
INFO - 2023-03-08 23:38:25 --> Session: Class initialized using 'CodeIgniter\Session\Handlers\FileHandler' driver.
INFO - 2023-03-08 23:38:56 --> Session: Class initialized using 'CodeIgniter\Session\Handlers\FileHandler' driver.
INFO - 2023-03-08 23:39:45 --> Session: Class initialized using 'CodeIgniter\Session\Handlers\FileHandler' driver.
INFO - 2023-03-08 23:40:00 --> Session: Class initialized using 'CodeIgniter\Session\Handlers\FileHandler' driver.
INFO - 2023-03-08 23:40:26 --> Session: Class initialized using 'CodeIgniter\Session\Handlers\FileHandler' driver.
INFO - 2023-03-08 23:41:12 --> Session: Class initialized using 'CodeIgniter\Session\Handlers\FileHandler' driver.
INFO - 2023-03-08 23:43:53 --> Session: Class initialized using 'CodeIgniter\Session\Handlers\FileHandler' driver.
INFO - 2023-03-08 23:44:18 --> Session: Class initialized using 'CodeIgniter\Session\Handlers\FileHandler' driver.
INFO - 2023-03-08 23:44:55 --> Session: Class initialized using 'CodeIgniter\Session\Handlers\FileHandler' driver.
INFO - 2023-03-08 23:45:05 --> Session: Class initialized using 'CodeIgniter\Session\Handlers\FileHandler' driver.
INFO - 2023-03-08 23:45:30 --> Session: Class initialized using 'CodeIgniter\Session\Handlers\FileHandler' driver.
INFO - 2023-03-08 23:46:15 --> Session: Class initialized using 'CodeIgniter\Session\Handlers\FileHandler' driver.
INFO - 2023-03-08 23:46:43 --> Session: Class initialized using 'CodeIgniter\Session\Handlers\FileHandler' driver.
INFO - 2023-03-08 23:47:12 --> Session: Class initialized using 'CodeIgniter\Session\Handlers\FileHandler' driver.
INFO - 2023-03-08 23:47:32 --> Session: Class initialized using 'CodeIgniter\Session\Handlers\FileHandler' driver.
INFO - 2023-03-08 23:47:41 --> Session: Class initialized using 'CodeIgniter\Session\Handlers\FileHandler' driver.
INFO - 2023-03-08 23:47:46 --> Session: Class initialized using 'CodeIgniter\Session\Handlers\FileHandler' driver.
INFO - 2023-03-08 23:47:50 --> Session: Class initialized using 'CodeIgniter\Session\Handlers\FileHandler' driver.
INFO - 2023-03-08 23:47:56 --> Session: Class initialized using 'CodeIgniter\Session\Handlers\FileHandler' driver.
INFO - 2023-03-08 23:50:08 --> Session: Class initialized using 'CodeIgniter\Session\Handlers\FileHandler' driver.
INFO - 2023-03-08 23:50:27 --> Session: Class initialized using 'CodeIgniter\Session\Handlers\FileHandler' driver.
INFO - 2023-03-08 23:50:39 --> Session: Class initialized using 'CodeIgniter\Session\Handlers\FileHandler' driver.
INFO - 2023-03-08 23:50:49 --> Session: Class initialized using 'CodeIgniter\Session\Handlers\FileHandler' driver.
INFO - 2023-03-08 23:51:32 --> Session: Class initialized using 'CodeIgniter\Session\Handlers\FileHandler' driver.
INFO - 2023-03-08 23:51:52 --> Session: Class initialized using 'CodeIgniter\Session\Handlers\FileHandler' driver.
INFO - 2023-03-08 23:52:42 --> Session: Class initialized using 'CodeIgniter\Session\Handlers\FileHandler' driver.
INFO - 2023-03-08 23:53:53 --> Session: Class initialized using 'CodeIgniter\Session\Handlers\FileHandler' driver.
INFO - 2023-03-08 23:59:57 --> Session: Class initialized using 'CodeIgniter\Session\Handlers\FileHandler' driver.
