INFO - 2023-03-11 00:03:32 --> Session: Class initialized using 'CodeIgniter\Session\Handlers\FileHandler' driver.
INFO - 2023-03-11 00:03:34 --> Session: Class initialized using 'CodeIgniter\Session\Handlers\FileHandler' driver.
INFO - 2023-03-11 00:04:09 --> CSRF token verified.
INFO - 2023-03-11 00:04:09 --> Session: Class initialized using 'CodeIgniter\Session\Handlers\FileHandler' driver.
INFO - 2023-03-11 00:04:09 --> Session: Class initialized using 'CodeIgniter\Session\Handlers\FileHandler' driver.
INFO - 2023-03-11 00:04:12 --> Session: Class initialized using 'CodeIgniter\Session\Handlers\FileHandler' driver.
INFO - 2023-03-11 00:04:15 --> CSRF token verified.
INFO - 2023-03-11 00:04:15 --> Session: Class initialized using 'CodeIgniter\Session\Handlers\FileHandler' driver.
CRITICAL - 2023-03-11 00:04:15 --> date(): Argument #2 ($timestamp) must be of type ?int, bool given
in SYSTEMPATH/ThirdParty/Kint/Zval/Representation/SplFileInfoRepresentation.php on line 185.
 1 SYSTEMPATH/ThirdParty/Kint/Zval/Representation/SplFileInfoRepresentation.php(185): date()
 2 SYSTEMPATH/ThirdParty/Kint/Zval/Representation/SplFileInfoRepresentation.php(151): Kint\Zval\Representation\SplFileInfoRepresentation->getMTime()
 3 SYSTEMPATH/ThirdParty/Kint/Parser/SplFileInfoPlugin.php(53): Kint\Zval\Representation\SplFileInfoRepresentation->__construct()
 4 SYSTEMPATH/ThirdParty/Kint/Parser/Parser.php(632): Kint\Parser\SplFileInfoPlugin->parse()
 5 SYSTEMPATH/ThirdParty/Kint/Parser/Parser.php(427): Kint\Parser\Parser->applyPlugins()
 6 SYSTEMPATH/ThirdParty/Kint/Parser/Parser.php(138): Kint\Parser\Parser->parseObject()
 7 SYSTEMPATH/ThirdParty/Kint/Parser/Parser.php(383): Kint\Parser\Parser->parse()
 8 SYSTEMPATH/ThirdParty/Kint/Parser/Parser.php(131): Kint\Parser\Parser->parseArray()
 9 SYSTEMPATH/ThirdParty/Kint/Parser/Parser.php(565): Kint\Parser\Parser->parse()
10 SYSTEMPATH/ThirdParty/Kint/Parser/Parser.php(138): Kint\Parser\Parser->parseObject()
11 SYSTEMPATH/ThirdParty/Kint/Parser/Parser.php(565): Kint\Parser\Parser->parse()
12 SYSTEMPATH/ThirdParty/Kint/Parser/Parser.php(138): Kint\Parser\Parser->parseObject()
13 SYSTEMPATH/ThirdParty/Kint/Parser/Parser.php(565): Kint\Parser\Parser->parse()
14 SYSTEMPATH/ThirdParty/Kint/Parser/Parser.php(138): Kint\Parser\Parser->parseObject()
15 SYSTEMPATH/ThirdParty/Kint/Parser/Parser.php(383): Kint\Parser\Parser->parse()
16 SYSTEMPATH/ThirdParty/Kint/Parser/Parser.php(131): Kint\Parser\Parser->parseArray()
17 SYSTEMPATH/ThirdParty/Kint/Parser/Parser.php(565): Kint\Parser\Parser->parse()
18 SYSTEMPATH/ThirdParty/Kint/Parser/Parser.php(138): Kint\Parser\Parser->parseObject()
19 SYSTEMPATH/ThirdParty/Kint/Kint.php(285): Kint\Parser\Parser->parse()
20 SYSTEMPATH/ThirdParty/Kint/Kint.php(268): Kint\Kint->dumpVar()
21 SYSTEMPATH/ThirdParty/Kint/Kint.php(575): Kint\Kint->dumpAll()
22 SYSTEMPATH/Debug/Toolbar.php(110): Kint\Kint::dump()
23 SYSTEMPATH/Debug/Toolbar.php(371): CodeIgniter\Debug\Toolbar->run()
24 SYSTEMPATH/Filters/DebugToolbar.php(40): CodeIgniter\Debug\Toolbar->prepare()
25 SYSTEMPATH/Filters/Filters.php(196): CodeIgniter\Filters\DebugToolbar->after()
26 SYSTEMPATH/CodeIgniter.php(519): CodeIgniter\Filters\Filters->run()
27 SYSTEMPATH/CodeIgniter.php(368): CodeIgniter\CodeIgniter->handleRequest()
28 FCPATH/index.php(67): CodeIgniter\CodeIgniter->run()
INFO - 2023-03-11 00:09:53 --> Session: Class initialized using 'CodeIgniter\Session\Handlers\FileHandler' driver.
INFO - 2023-03-11 00:10:09 --> CSRF token verified.
INFO - 2023-03-11 00:10:09 --> Session: Class initialized using 'CodeIgniter\Session\Handlers\FileHandler' driver.
CRITICAL - 2023-03-11 00:10:09 --> date(): Argument #2 ($timestamp) must be of type ?int, bool given
in SYSTEMPATH/ThirdParty/Kint/Zval/Representation/SplFileInfoRepresentation.php on line 185.
 1 SYSTEMPATH/ThirdParty/Kint/Zval/Representation/SplFileInfoRepresentation.php(185): date()
 2 SYSTEMPATH/ThirdParty/Kint/Zval/Representation/SplFileInfoRepresentation.php(151): Kint\Zval\Representation\SplFileInfoRepresentation->getMTime()
 3 SYSTEMPATH/ThirdParty/Kint/Parser/SplFileInfoPlugin.php(53): Kint\Zval\Representation\SplFileInfoRepresentation->__construct()
 4 SYSTEMPATH/ThirdParty/Kint/Parser/Parser.php(632): Kint\Parser\SplFileInfoPlugin->parse()
 5 SYSTEMPATH/ThirdParty/Kint/Parser/Parser.php(427): Kint\Parser\Parser->applyPlugins()
 6 SYSTEMPATH/ThirdParty/Kint/Parser/Parser.php(138): Kint\Parser\Parser->parseObject()
 7 SYSTEMPATH/ThirdParty/Kint/Parser/Parser.php(383): Kint\Parser\Parser->parse()
 8 SYSTEMPATH/ThirdParty/Kint/Parser/Parser.php(131): Kint\Parser\Parser->parseArray()
 9 SYSTEMPATH/ThirdParty/Kint/Parser/Parser.php(565): Kint\Parser\Parser->parse()
10 SYSTEMPATH/ThirdParty/Kint/Parser/Parser.php(138): Kint\Parser\Parser->parseObject()
11 SYSTEMPATH/ThirdParty/Kint/Parser/Parser.php(565): Kint\Parser\Parser->parse()
12 SYSTEMPATH/ThirdParty/Kint/Parser/Parser.php(138): Kint\Parser\Parser->parseObject()
13 SYSTEMPATH/ThirdParty/Kint/Parser/Parser.php(565): Kint\Parser\Parser->parse()
14 SYSTEMPATH/ThirdParty/Kint/Parser/Parser.php(138): Kint\Parser\Parser->parseObject()
15 SYSTEMPATH/ThirdParty/Kint/Parser/Parser.php(383): Kint\Parser\Parser->parse()
16 SYSTEMPATH/ThirdParty/Kint/Parser/Parser.php(131): Kint\Parser\Parser->parseArray()
17 SYSTEMPATH/ThirdParty/Kint/Parser/Parser.php(565): Kint\Parser\Parser->parse()
18 SYSTEMPATH/ThirdParty/Kint/Parser/Parser.php(138): Kint\Parser\Parser->parseObject()
19 SYSTEMPATH/ThirdParty/Kint/Kint.php(285): Kint\Parser\Parser->parse()
20 SYSTEMPATH/ThirdParty/Kint/Kint.php(268): Kint\Kint->dumpVar()
21 SYSTEMPATH/ThirdParty/Kint/Kint.php(575): Kint\Kint->dumpAll()
22 SYSTEMPATH/Debug/Toolbar.php(110): Kint\Kint::dump()
23 SYSTEMPATH/Debug/Toolbar.php(371): CodeIgniter\Debug\Toolbar->run()
24 SYSTEMPATH/Filters/DebugToolbar.php(40): CodeIgniter\Debug\Toolbar->prepare()
25 SYSTEMPATH/Filters/Filters.php(196): CodeIgniter\Filters\DebugToolbar->after()
26 SYSTEMPATH/CodeIgniter.php(519): CodeIgniter\Filters\Filters->run()
27 SYSTEMPATH/CodeIgniter.php(368): CodeIgniter\CodeIgniter->handleRequest()
28 FCPATH/index.php(67): CodeIgniter\CodeIgniter->run()
INFO - 2023-03-11 00:10:50 --> Session: Class initialized using 'CodeIgniter\Session\Handlers\FileHandler' driver.
INFO - 2023-03-11 00:11:01 --> Session: Class initialized using 'CodeIgniter\Session\Handlers\FileHandler' driver.
INFO - 2023-03-11 00:11:01 --> Session: Class initialized using 'CodeIgniter\Session\Handlers\FileHandler' driver.
INFO - 2023-03-11 00:11:05 --> Session: Class initialized using 'CodeIgniter\Session\Handlers\FileHandler' driver.
INFO - 2023-03-11 08:31:48 --> Session: Class initialized using 'CodeIgniter\Session\Handlers\FileHandler' driver.
INFO - 2023-03-11 08:31:54 --> Session: Class initialized using 'CodeIgniter\Session\Handlers\FileHandler' driver.
INFO - 2023-03-11 08:33:25 --> CSRF token verified.
INFO - 2023-03-11 08:33:25 --> Session: Class initialized using 'CodeIgniter\Session\Handlers\FileHandler' driver.
INFO - 2023-03-11 08:33:26 --> Session: Class initialized using 'CodeIgniter\Session\Handlers\FileHandler' driver.
INFO - 2023-03-11 08:33:34 --> Session: Class initialized using 'CodeIgniter\Session\Handlers\FileHandler' driver.
INFO - 2023-03-11 08:33:49 --> CSRF token verified.
INFO - 2023-03-11 08:33:49 --> Session: Class initialized using 'CodeIgniter\Session\Handlers\FileHandler' driver.
INFO - 2023-03-11 08:33:49 --> Session: Class initialized using 'CodeIgniter\Session\Handlers\FileHandler' driver.
INFO - 2023-03-11 08:33:54 --> Session: Class initialized using 'CodeIgniter\Session\Handlers\FileHandler' driver.
INFO - 2023-03-11 08:33:54 --> Session: Class initialized using 'CodeIgniter\Session\Handlers\FileHandler' driver.
INFO - 2023-03-11 08:33:59 --> Session: Class initialized using 'CodeIgniter\Session\Handlers\FileHandler' driver.
INFO - 2023-03-11 08:33:59 --> Session: Class initialized using 'CodeIgniter\Session\Handlers\FileHandler' driver.
INFO - 2023-03-11 08:35:35 --> Session: Class initialized using 'CodeIgniter\Session\Handlers\FileHandler' driver.
INFO - 2023-03-11 08:35:35 --> Session: Class initialized using 'CodeIgniter\Session\Handlers\FileHandler' driver.
INFO - 2023-03-11 08:35:40 --> Session: Class initialized using 'CodeIgniter\Session\Handlers\FileHandler' driver.
INFO - 2023-03-11 08:35:42 --> Session: Class initialized using 'CodeIgniter\Session\Handlers\FileHandler' driver.
INFO - 2023-03-11 08:35:55 --> CSRF token verified.
INFO - 2023-03-11 08:35:55 --> Session: Class initialized using 'CodeIgniter\Session\Handlers\FileHandler' driver.
INFO - 2023-03-11 08:35:55 --> Session: Class initialized using 'CodeIgniter\Session\Handlers\FileHandler' driver.
INFO - 2023-03-11 08:36:01 --> Session: Class initialized using 'CodeIgniter\Session\Handlers\FileHandler' driver.
INFO - 2023-03-11 08:36:01 --> Session: Class initialized using 'CodeIgniter\Session\Handlers\FileHandler' driver.
INFO - 2023-03-11 08:36:32 --> Session: Class initialized using 'CodeIgniter\Session\Handlers\FileHandler' driver.
INFO - 2023-03-11 08:36:37 --> Session: Class initialized using 'CodeIgniter\Session\Handlers\FileHandler' driver.
INFO - 2023-03-11 08:36:37 --> Session: Class initialized using 'CodeIgniter\Session\Handlers\FileHandler' driver.
INFO - 2023-03-11 08:36:39 --> Session: Class initialized using 'CodeIgniter\Session\Handlers\FileHandler' driver.
INFO - 2023-03-11 08:37:27 --> Session: Class initialized using 'CodeIgniter\Session\Handlers\FileHandler' driver.
INFO - 2023-03-11 08:37:39 --> CSRF token verified.
INFO - 2023-03-11 08:37:39 --> Session: Class initialized using 'CodeIgniter\Session\Handlers\FileHandler' driver.
INFO - 2023-03-11 08:37:39 --> Session: Class initialized using 'CodeIgniter\Session\Handlers\FileHandler' driver.
INFO - 2023-03-11 08:37:43 --> Session: Class initialized using 'CodeIgniter\Session\Handlers\FileHandler' driver.
INFO - 2023-03-11 08:37:43 --> Session: Class initialized using 'CodeIgniter\Session\Handlers\FileHandler' driver.
INFO - 2023-03-11 08:38:09 --> Session: Class initialized using 'CodeIgniter\Session\Handlers\FileHandler' driver.
INFO - 2023-03-11 08:38:28 --> CSRF token verified.
INFO - 2023-03-11 08:38:28 --> Session: Class initialized using 'CodeIgniter\Session\Handlers\FileHandler' driver.
INFO - 2023-03-11 08:38:50 --> CSRF token verified.
INFO - 2023-03-11 08:38:50 --> Session: Class initialized using 'CodeIgniter\Session\Handlers\FileHandler' driver.
INFO - 2023-03-11 08:38:50 --> Session: Class initialized using 'CodeIgniter\Session\Handlers\FileHandler' driver.
INFO - 2023-03-11 08:38:54 --> Session: Class initialized using 'CodeIgniter\Session\Handlers\FileHandler' driver.
INFO - 2023-03-11 08:38:57 --> CSRF token verified.
INFO - 2023-03-11 08:38:57 --> Session: Class initialized using 'CodeIgniter\Session\Handlers\FileHandler' driver.
CRITICAL - 2023-03-11 08:38:57 --> date(): Argument #2 ($timestamp) must be of type ?int, bool given
in SYSTEMPATH/ThirdParty/Kint/Zval/Representation/SplFileInfoRepresentation.php on line 185.
 1 SYSTEMPATH/ThirdParty/Kint/Zval/Representation/SplFileInfoRepresentation.php(185): date()
 2 SYSTEMPATH/ThirdParty/Kint/Zval/Representation/SplFileInfoRepresentation.php(151): Kint\Zval\Representation\SplFileInfoRepresentation->getMTime()
 3 SYSTEMPATH/ThirdParty/Kint/Parser/SplFileInfoPlugin.php(53): Kint\Zval\Representation\SplFileInfoRepresentation->__construct()
 4 SYSTEMPATH/ThirdParty/Kint/Parser/Parser.php(632): Kint\Parser\SplFileInfoPlugin->parse()
 5 SYSTEMPATH/ThirdParty/Kint/Parser/Parser.php(427): Kint\Parser\Parser->applyPlugins()
 6 SYSTEMPATH/ThirdParty/Kint/Parser/Parser.php(138): Kint\Parser\Parser->parseObject()
 7 SYSTEMPATH/ThirdParty/Kint/Parser/Parser.php(383): Kint\Parser\Parser->parse()
 8 SYSTEMPATH/ThirdParty/Kint/Parser/Parser.php(131): Kint\Parser\Parser->parseArray()
 9 SYSTEMPATH/ThirdParty/Kint/Parser/Parser.php(565): Kint\Parser\Parser->parse()
10 SYSTEMPATH/ThirdParty/Kint/Parser/Parser.php(138): Kint\Parser\Parser->parseObject()
11 SYSTEMPATH/ThirdParty/Kint/Parser/Parser.php(565): Kint\Parser\Parser->parse()
12 SYSTEMPATH/ThirdParty/Kint/Parser/Parser.php(138): Kint\Parser\Parser->parseObject()
13 SYSTEMPATH/ThirdParty/Kint/Parser/Parser.php(565): Kint\Parser\Parser->parse()
14 SYSTEMPATH/ThirdParty/Kint/Parser/Parser.php(138): Kint\Parser\Parser->parseObject()
15 SYSTEMPATH/ThirdParty/Kint/Parser/Parser.php(383): Kint\Parser\Parser->parse()
16 SYSTEMPATH/ThirdParty/Kint/Parser/Parser.php(131): Kint\Parser\Parser->parseArray()
17 SYSTEMPATH/ThirdParty/Kint/Parser/Parser.php(565): Kint\Parser\Parser->parse()
18 SYSTEMPATH/ThirdParty/Kint/Parser/Parser.php(138): Kint\Parser\Parser->parseObject()
19 SYSTEMPATH/ThirdParty/Kint/Kint.php(285): Kint\Parser\Parser->parse()
20 SYSTEMPATH/ThirdParty/Kint/Kint.php(268): Kint\Kint->dumpVar()
21 SYSTEMPATH/ThirdParty/Kint/Kint.php(575): Kint\Kint->dumpAll()
22 SYSTEMPATH/Debug/Toolbar.php(110): Kint\Kint::dump()
23 SYSTEMPATH/Debug/Toolbar.php(371): CodeIgniter\Debug\Toolbar->run()
24 SYSTEMPATH/Filters/DebugToolbar.php(40): CodeIgniter\Debug\Toolbar->prepare()
25 SYSTEMPATH/Filters/Filters.php(196): CodeIgniter\Filters\DebugToolbar->after()
26 SYSTEMPATH/CodeIgniter.php(519): CodeIgniter\Filters\Filters->run()
27 SYSTEMPATH/CodeIgniter.php(368): CodeIgniter\CodeIgniter->handleRequest()
28 FCPATH/index.php(67): CodeIgniter\CodeIgniter->run()
INFO - 2023-03-11 08:39:54 --> Session: Class initialized using 'CodeIgniter\Session\Handlers\FileHandler' driver.
INFO - 2023-03-11 08:41:44 --> CSRF token verified.
INFO - 2023-03-11 08:41:44 --> Session: Class initialized using 'CodeIgniter\Session\Handlers\FileHandler' driver.
CRITICAL - 2023-03-11 08:41:44 --> date(): Argument #2 ($timestamp) must be of type ?int, bool given
in SYSTEMPATH/ThirdParty/Kint/Zval/Representation/SplFileInfoRepresentation.php on line 185.
 1 SYSTEMPATH/ThirdParty/Kint/Zval/Representation/SplFileInfoRepresentation.php(185): date()
 2 SYSTEMPATH/ThirdParty/Kint/Zval/Representation/SplFileInfoRepresentation.php(151): Kint\Zval\Representation\SplFileInfoRepresentation->getMTime()
 3 SYSTEMPATH/ThirdParty/Kint/Parser/SplFileInfoPlugin.php(53): Kint\Zval\Representation\SplFileInfoRepresentation->__construct()
 4 SYSTEMPATH/ThirdParty/Kint/Parser/Parser.php(632): Kint\Parser\SplFileInfoPlugin->parse()
 5 SYSTEMPATH/ThirdParty/Kint/Parser/Parser.php(427): Kint\Parser\Parser->applyPlugins()
 6 SYSTEMPATH/ThirdParty/Kint/Parser/Parser.php(138): Kint\Parser\Parser->parseObject()
 7 SYSTEMPATH/ThirdParty/Kint/Parser/Parser.php(383): Kint\Parser\Parser->parse()
 8 SYSTEMPATH/ThirdParty/Kint/Parser/Parser.php(131): Kint\Parser\Parser->parseArray()
 9 SYSTEMPATH/ThirdParty/Kint/Parser/Parser.php(565): Kint\Parser\Parser->parse()
10 SYSTEMPATH/ThirdParty/Kint/Parser/Parser.php(138): Kint\Parser\Parser->parseObject()
11 SYSTEMPATH/ThirdParty/Kint/Parser/Parser.php(565): Kint\Parser\Parser->parse()
12 SYSTEMPATH/ThirdParty/Kint/Parser/Parser.php(138): Kint\Parser\Parser->parseObject()
13 SYSTEMPATH/ThirdParty/Kint/Parser/Parser.php(565): Kint\Parser\Parser->parse()
14 SYSTEMPATH/ThirdParty/Kint/Parser/Parser.php(138): Kint\Parser\Parser->parseObject()
15 SYSTEMPATH/ThirdParty/Kint/Parser/Parser.php(383): Kint\Parser\Parser->parse()
16 SYSTEMPATH/ThirdParty/Kint/Parser/Parser.php(131): Kint\Parser\Parser->parseArray()
17 SYSTEMPATH/ThirdParty/Kint/Parser/Parser.php(565): Kint\Parser\Parser->parse()
18 SYSTEMPATH/ThirdParty/Kint/Parser/Parser.php(138): Kint\Parser\Parser->parseObject()
19 SYSTEMPATH/ThirdParty/Kint/Kint.php(285): Kint\Parser\Parser->parse()
20 SYSTEMPATH/ThirdParty/Kint/Kint.php(268): Kint\Kint->dumpVar()
21 SYSTEMPATH/ThirdParty/Kint/Kint.php(575): Kint\Kint->dumpAll()
22 SYSTEMPATH/Debug/Toolbar.php(110): Kint\Kint::dump()
23 SYSTEMPATH/Debug/Toolbar.php(371): CodeIgniter\Debug\Toolbar->run()
24 SYSTEMPATH/Filters/DebugToolbar.php(40): CodeIgniter\Debug\Toolbar->prepare()
25 SYSTEMPATH/Filters/Filters.php(196): CodeIgniter\Filters\DebugToolbar->after()
26 SYSTEMPATH/CodeIgniter.php(519): CodeIgniter\Filters\Filters->run()
27 SYSTEMPATH/CodeIgniter.php(368): CodeIgniter\CodeIgniter->handleRequest()
28 FCPATH/index.php(67): CodeIgniter\CodeIgniter->run()
INFO - 2023-03-11 08:53:12 --> Session: Class initialized using 'CodeIgniter\Session\Handlers\FileHandler' driver.
INFO - 2023-03-11 08:53:14 --> Session: Class initialized using 'CodeIgniter\Session\Handlers\FileHandler' driver.
INFO - 2023-03-11 08:53:17 --> Session: Class initialized using 'CodeIgniter\Session\Handlers\FileHandler' driver.
INFO - 2023-03-11 08:53:19 --> Session: Class initialized using 'CodeIgniter\Session\Handlers\FileHandler' driver.
INFO - 2023-03-11 08:53:22 --> Session: Class initialized using 'CodeIgniter\Session\Handlers\FileHandler' driver.
INFO - 2023-03-11 08:53:25 --> Session: Class initialized using 'CodeIgniter\Session\Handlers\FileHandler' driver.
INFO - 2023-03-11 08:56:46 --> Session: Class initialized using 'CodeIgniter\Session\Handlers\FileHandler' driver.
INFO - 2023-03-11 08:56:50 --> Session: Class initialized using 'CodeIgniter\Session\Handlers\FileHandler' driver.
INFO - 2023-03-11 08:56:52 --> Session: Class initialized using 'CodeIgniter\Session\Handlers\FileHandler' driver.
INFO - 2023-03-11 08:56:57 --> Session: Class initialized using 'CodeIgniter\Session\Handlers\FileHandler' driver.
INFO - 2023-03-11 08:56:59 --> Session: Class initialized using 'CodeIgniter\Session\Handlers\FileHandler' driver.
INFO - 2023-03-11 08:57:02 --> Session: Class initialized using 'CodeIgniter\Session\Handlers\FileHandler' driver.
INFO - 2023-03-11 08:57:06 --> Session: Class initialized using 'CodeIgniter\Session\Handlers\FileHandler' driver.
INFO - 2023-03-11 08:57:06 --> Session: Class initialized using 'CodeIgniter\Session\Handlers\FileHandler' driver.
INFO - 2023-03-11 08:57:08 --> Session: Class initialized using 'CodeIgniter\Session\Handlers\FileHandler' driver.
INFO - 2023-03-11 08:57:12 --> Session: Class initialized using 'CodeIgniter\Session\Handlers\FileHandler' driver.
INFO - 2023-03-11 08:57:18 --> Session: Class initialized using 'CodeIgniter\Session\Handlers\FileHandler' driver.
INFO - 2023-03-11 08:57:20 --> Session: Class initialized using 'CodeIgniter\Session\Handlers\FileHandler' driver.
INFO - 2023-03-11 08:57:22 --> Session: Class initialized using 'CodeIgniter\Session\Handlers\FileHandler' driver.
INFO - 2023-03-11 08:57:32 --> CSRF token verified.
INFO - 2023-03-11 08:57:32 --> Session: Class initialized using 'CodeIgniter\Session\Handlers\FileHandler' driver.
INFO - 2023-03-11 08:57:32 --> Session: Class initialized using 'CodeIgniter\Session\Handlers\FileHandler' driver.
INFO - 2023-03-11 08:57:36 --> Session: Class initialized using 'CodeIgniter\Session\Handlers\FileHandler' driver.
INFO - 2023-03-11 08:57:40 --> Session: Class initialized using 'CodeIgniter\Session\Handlers\FileHandler' driver.
INFO - 2023-03-11 08:57:43 --> Session: Class initialized using 'CodeIgniter\Session\Handlers\FileHandler' driver.
INFO - 2023-03-11 08:58:51 --> Session: Class initialized using 'CodeIgniter\Session\Handlers\FileHandler' driver.
CRITICAL - 2023-03-11 08:58:51 --> Undefined variable $erreurSouscat
in APPPATH/Views/template/formRecette.php on line 54.
 1 APPPATH/Views/template/formRecette.php(54): CodeIgniter\Debug\Exceptions->errorHandler()
 2 SYSTEMPATH/View/View.php(213): include('APPPATH/Views/template/formRecette.php')
 3 SYSTEMPATH/View/View.php(216): CodeIgniter\View\View->CodeIgniter\View\{closure}()
 4 SYSTEMPATH/Common.php(1177): CodeIgniter\View\View->render()
 5 APPPATH/Controllers/Session.php(83): view()
 6 SYSTEMPATH/CodeIgniter.php(934): App\Controllers\Session->ajoutRecette()
 7 SYSTEMPATH/CodeIgniter.php(499): CodeIgniter\CodeIgniter->runController()
 8 SYSTEMPATH/CodeIgniter.php(368): CodeIgniter\CodeIgniter->handleRequest()
 9 FCPATH/index.php(67): CodeIgniter\CodeIgniter->run()
INFO - 2023-03-11 08:59:42 --> Session: Class initialized using 'CodeIgniter\Session\Handlers\FileHandler' driver.
INFO - 2023-03-11 08:59:46 --> CSRF token verified.
INFO - 2023-03-11 08:59:46 --> Session: Class initialized using 'CodeIgniter\Session\Handlers\FileHandler' driver.
CRITICAL - 2023-03-11 08:59:46 --> date(): Argument #2 ($timestamp) must be of type ?int, bool given
in SYSTEMPATH/ThirdParty/Kint/Zval/Representation/SplFileInfoRepresentation.php on line 185.
 1 SYSTEMPATH/ThirdParty/Kint/Zval/Representation/SplFileInfoRepresentation.php(185): date()
 2 SYSTEMPATH/ThirdParty/Kint/Zval/Representation/SplFileInfoRepresentation.php(151): Kint\Zval\Representation\SplFileInfoRepresentation->getMTime()
 3 SYSTEMPATH/ThirdParty/Kint/Parser/SplFileInfoPlugin.php(53): Kint\Zval\Representation\SplFileInfoRepresentation->__construct()
 4 SYSTEMPATH/ThirdParty/Kint/Parser/Parser.php(632): Kint\Parser\SplFileInfoPlugin->parse()
 5 SYSTEMPATH/ThirdParty/Kint/Parser/Parser.php(427): Kint\Parser\Parser->applyPlugins()
 6 SYSTEMPATH/ThirdParty/Kint/Parser/Parser.php(138): Kint\Parser\Parser->parseObject()
 7 SYSTEMPATH/ThirdParty/Kint/Parser/Parser.php(383): Kint\Parser\Parser->parse()
 8 SYSTEMPATH/ThirdParty/Kint/Parser/Parser.php(131): Kint\Parser\Parser->parseArray()
 9 SYSTEMPATH/ThirdParty/Kint/Parser/Parser.php(565): Kint\Parser\Parser->parse()
10 SYSTEMPATH/ThirdParty/Kint/Parser/Parser.php(138): Kint\Parser\Parser->parseObject()
11 SYSTEMPATH/ThirdParty/Kint/Parser/Parser.php(565): Kint\Parser\Parser->parse()
12 SYSTEMPATH/ThirdParty/Kint/Parser/Parser.php(138): Kint\Parser\Parser->parseObject()
13 SYSTEMPATH/ThirdParty/Kint/Parser/Parser.php(565): Kint\Parser\Parser->parse()
14 SYSTEMPATH/ThirdParty/Kint/Parser/Parser.php(138): Kint\Parser\Parser->parseObject()
15 SYSTEMPATH/ThirdParty/Kint/Parser/Parser.php(383): Kint\Parser\Parser->parse()
16 SYSTEMPATH/ThirdParty/Kint/Parser/Parser.php(131): Kint\Parser\Parser->parseArray()
17 SYSTEMPATH/ThirdParty/Kint/Parser/Parser.php(565): Kint\Parser\Parser->parse()
18 SYSTEMPATH/ThirdParty/Kint/Parser/Parser.php(138): Kint\Parser\Parser->parseObject()
19 SYSTEMPATH/ThirdParty/Kint/Kint.php(285): Kint\Parser\Parser->parse()
20 SYSTEMPATH/ThirdParty/Kint/Kint.php(268): Kint\Kint->dumpVar()
21 SYSTEMPATH/ThirdParty/Kint/Kint.php(575): Kint\Kint->dumpAll()
22 SYSTEMPATH/Debug/Toolbar.php(110): Kint\Kint::dump()
23 SYSTEMPATH/Debug/Toolbar.php(371): CodeIgniter\Debug\Toolbar->run()
24 SYSTEMPATH/Filters/DebugToolbar.php(40): CodeIgniter\Debug\Toolbar->prepare()
25 SYSTEMPATH/Filters/Filters.php(196): CodeIgniter\Filters\DebugToolbar->after()
26 SYSTEMPATH/CodeIgniter.php(519): CodeIgniter\Filters\Filters->run()
27 SYSTEMPATH/CodeIgniter.php(368): CodeIgniter\CodeIgniter->handleRequest()
28 FCPATH/index.php(67): CodeIgniter\CodeIgniter->run()
INFO - 2023-03-11 08:59:48 --> Session: Class initialized using 'CodeIgniter\Session\Handlers\FileHandler' driver.
INFO - 2023-03-11 09:03:16 --> Session: Class initialized using 'CodeIgniter\Session\Handlers\FileHandler' driver.
INFO - 2023-03-11 09:03:18 --> Session: Class initialized using 'CodeIgniter\Session\Handlers\FileHandler' driver.
INFO - 2023-03-11 09:03:22 --> Session: Class initialized using 'CodeIgniter\Session\Handlers\FileHandler' driver.
INFO - 2023-03-11 09:04:50 --> Session: Class initialized using 'CodeIgniter\Session\Handlers\FileHandler' driver.
INFO - 2023-03-11 09:04:55 --> Session: Class initialized using 'CodeIgniter\Session\Handlers\FileHandler' driver.
INFO - 2023-03-11 09:05:40 --> Session: Class initialized using 'CodeIgniter\Session\Handlers\FileHandler' driver.
INFO - 2023-03-11 09:05:44 --> Session: Class initialized using 'CodeIgniter\Session\Handlers\FileHandler' driver.
INFO - 2023-03-11 09:05:49 --> Session: Class initialized using 'CodeIgniter\Session\Handlers\FileHandler' driver.
INFO - 2023-03-11 09:05:55 --> CSRF token verified.
INFO - 2023-03-11 09:05:55 --> Session: Class initialized using 'CodeIgniter\Session\Handlers\FileHandler' driver.
INFO - 2023-03-11 09:13:39 --> Session: Class initialized using 'CodeIgniter\Session\Handlers\FileHandler' driver.
INFO - 2023-03-11 09:13:43 --> CSRF token verified.
INFO - 2023-03-11 09:13:43 --> Session: Class initialized using 'CodeIgniter\Session\Handlers\FileHandler' driver.
ERROR - 2023-03-11 09:13:43 --> mysqli_sql_exception: Cannot add or update a child row: a foreign key constraint fails (`Gloutonnade`.`recette`, CONSTRAINT `fk_recette_membre1` FOREIGN KEY (`membre_id`) REFERENCES `membre` (`id`) ON DELETE NO ACTION ON UPDATE NO ACTION) in /srv/gloutonnade/system/Database/MySQLi/Connection.php:295
Stack trace:
#0 /srv/gloutonnade/system/Database/MySQLi/Connection.php(295): mysqli->query()
#1 /srv/gloutonnade/system/Database/BaseConnection.php(691): CodeIgniter\Database\MySQLi\Connection->execute()
#2 /srv/gloutonnade/system/Database/BaseConnection.php(605): CodeIgniter\Database\BaseConnection->simpleQuery()
#3 /srv/gloutonnade/system/Database/BaseBuilder.php(2295): CodeIgniter\Database\BaseConnection->query()
#4 /srv/gloutonnade/system/Model.php(329): CodeIgniter\Database\BaseBuilder->insert()
#5 /srv/gloutonnade/system/BaseModel.php(782): CodeIgniter\Model->doInsert()
#6 /srv/gloutonnade/system/Model.php(729): CodeIgniter\BaseModel->insert()
#7 /srv/gloutonnade/app/Models/RecetteModel.php(32): CodeIgniter\Model->insert()
#8 /srv/gloutonnade/app/Controllers/Session.php(127): App\Models\RecetteModel->addRecette()
#9 /srv/gloutonnade/system/CodeIgniter.php(934): App\Controllers\Session->ajoutRecetteTest()
#10 /srv/gloutonnade/system/CodeIgniter.php(499): CodeIgniter\CodeIgniter->runController()
#11 /srv/gloutonnade/system/CodeIgniter.php(368): CodeIgniter\CodeIgniter->handleRequest()
#12 /srv/gloutonnade/public/index.php(67): CodeIgniter\CodeIgniter->run()
#13 {main}
CRITICAL - 2023-03-11 09:13:43 --> Cannot add or update a child row: a foreign key constraint fails (`Gloutonnade`.`recette`, CONSTRAINT `fk_recette_membre1` FOREIGN KEY (`membre_id`) REFERENCES `membre` (`id`) ON DELETE NO ACTION ON UPDATE NO ACTION)
in SYSTEMPATH/Database/BaseConnection.php on line 645.
 1 SYSTEMPATH/Database/BaseBuilder.php(2295): CodeIgniter\Database\BaseConnection->query()
 2 SYSTEMPATH/Model.php(329): CodeIgniter\Database\BaseBuilder->insert()
 3 SYSTEMPATH/BaseModel.php(782): CodeIgniter\Model->doInsert()
 4 SYSTEMPATH/Model.php(729): CodeIgniter\BaseModel->insert()
 5 APPPATH/Models/RecetteModel.php(32): CodeIgniter\Model->insert()
 6 APPPATH/Controllers/Session.php(127): App\Models\RecetteModel->addRecette()
 7 SYSTEMPATH/CodeIgniter.php(934): App\Controllers\Session->ajoutRecetteTest()
 8 SYSTEMPATH/CodeIgniter.php(499): CodeIgniter\CodeIgniter->runController()
 9 SYSTEMPATH/CodeIgniter.php(368): CodeIgniter\CodeIgniter->handleRequest()
10 FCPATH/index.php(67): CodeIgniter\CodeIgniter->run()
INFO - 2023-03-11 09:13:58 --> Session: Class initialized using 'CodeIgniter\Session\Handlers\FileHandler' driver.
INFO - 2023-03-11 09:19:19 --> CSRF token verified.
INFO - 2023-03-11 09:19:19 --> Session: Class initialized using 'CodeIgniter\Session\Handlers\FileHandler' driver.
ERROR - 2023-03-11 09:19:19 --> mysqli_sql_exception: Cannot add or update a child row: a foreign key constraint fails (`Gloutonnade`.`recette`, CONSTRAINT `fk_recette_membre1` FOREIGN KEY (`membre_id`) REFERENCES `membre` (`id`) ON DELETE NO ACTION ON UPDATE NO ACTION) in /srv/gloutonnade/system/Database/MySQLi/Connection.php:295
Stack trace:
#0 /srv/gloutonnade/system/Database/MySQLi/Connection.php(295): mysqli->query()
#1 /srv/gloutonnade/system/Database/BaseConnection.php(691): CodeIgniter\Database\MySQLi\Connection->execute()
#2 /srv/gloutonnade/system/Database/BaseConnection.php(605): CodeIgniter\Database\BaseConnection->simpleQuery()
#3 /srv/gloutonnade/system/Database/BaseBuilder.php(2295): CodeIgniter\Database\BaseConnection->query()
#4 /srv/gloutonnade/system/Model.php(329): CodeIgniter\Database\BaseBuilder->insert()
#5 /srv/gloutonnade/system/BaseModel.php(782): CodeIgniter\Model->doInsert()
#6 /srv/gloutonnade/system/Model.php(729): CodeIgniter\BaseModel->insert()
#7 /srv/gloutonnade/app/Models/RecetteModel.php(32): CodeIgniter\Model->insert()
#8 /srv/gloutonnade/app/Controllers/Session.php(127): App\Models\RecetteModel->addRecette()
#9 /srv/gloutonnade/system/CodeIgniter.php(934): App\Controllers\Session->ajoutRecetteTest()
#10 /srv/gloutonnade/system/CodeIgniter.php(499): CodeIgniter\CodeIgniter->runController()
#11 /srv/gloutonnade/system/CodeIgniter.php(368): CodeIgniter\CodeIgniter->handleRequest()
#12 /srv/gloutonnade/public/index.php(67): CodeIgniter\CodeIgniter->run()
#13 {main}
CRITICAL - 2023-03-11 09:19:19 --> Cannot add or update a child row: a foreign key constraint fails (`Gloutonnade`.`recette`, CONSTRAINT `fk_recette_membre1` FOREIGN KEY (`membre_id`) REFERENCES `membre` (`id`) ON DELETE NO ACTION ON UPDATE NO ACTION)
in SYSTEMPATH/Database/BaseConnection.php on line 645.
 1 SYSTEMPATH/Database/BaseBuilder.php(2295): CodeIgniter\Database\BaseConnection->query()
 2 SYSTEMPATH/Model.php(329): CodeIgniter\Database\BaseBuilder->insert()
 3 SYSTEMPATH/BaseModel.php(782): CodeIgniter\Model->doInsert()
 4 SYSTEMPATH/Model.php(729): CodeIgniter\BaseModel->insert()
 5 APPPATH/Models/RecetteModel.php(32): CodeIgniter\Model->insert()
 6 APPPATH/Controllers/Session.php(127): App\Models\RecetteModel->addRecette()
 7 SYSTEMPATH/CodeIgniter.php(934): App\Controllers\Session->ajoutRecetteTest()
 8 SYSTEMPATH/CodeIgniter.php(499): CodeIgniter\CodeIgniter->runController()
 9 SYSTEMPATH/CodeIgniter.php(368): CodeIgniter\CodeIgniter->handleRequest()
10 FCPATH/index.php(67): CodeIgniter\CodeIgniter->run()
INFO - 2023-03-11 09:25:37 --> CSRF token verified.
INFO - 2023-03-11 09:25:37 --> Session: Class initialized using 'CodeIgniter\Session\Handlers\FileHandler' driver.
INFO - 2023-03-11 09:34:22 --> Session: Class initialized using 'CodeIgniter\Session\Handlers\FileHandler' driver.
INFO - 2023-03-11 09:35:29 --> Session: Class initialized using 'CodeIgniter\Session\Handlers\FileHandler' driver.
INFO - 2023-03-11 09:35:46 --> Session: Class initialized using 'CodeIgniter\Session\Handlers\FileHandler' driver.
INFO - 2023-03-11 09:35:48 --> Session: Class initialized using 'CodeIgniter\Session\Handlers\FileHandler' driver.
CRITICAL - 2023-03-11 09:35:48 --> Undefined variable $membre
in APPPATH/Controllers/Session.php on line 14.
 1 APPPATH/Controllers/Session.php(14): CodeIgniter\Debug\Exceptions->errorHandler()
 2 SYSTEMPATH/CodeIgniter.php(934): App\Controllers\Session->sessionIndex()
 3 SYSTEMPATH/CodeIgniter.php(499): CodeIgniter\CodeIgniter->runController()
 4 SYSTEMPATH/CodeIgniter.php(368): CodeIgniter\CodeIgniter->handleRequest()
 5 FCPATH/index.php(67): CodeIgniter\CodeIgniter->run()
INFO - 2023-03-11 09:37:57 --> Session: Class initialized using 'CodeIgniter\Session\Handlers\FileHandler' driver.
INFO - 2023-03-11 09:38:01 --> Session: Class initialized using 'CodeIgniter\Session\Handlers\FileHandler' driver.
INFO - 2023-03-11 09:38:04 --> Session: Class initialized using 'CodeIgniter\Session\Handlers\FileHandler' driver.
INFO - 2023-03-11 09:38:15 --> CSRF token verified.
INFO - 2023-03-11 09:38:15 --> Session: Class initialized using 'CodeIgniter\Session\Handlers\FileHandler' driver.
INFO - 2023-03-11 09:40:26 --> CSRF token verified.
INFO - 2023-03-11 09:40:26 --> Session: Class initialized using 'CodeIgniter\Session\Handlers\FileHandler' driver.
INFO - 2023-03-11 09:41:28 --> CSRF token verified.
INFO - 2023-03-11 09:41:28 --> Session: Class initialized using 'CodeIgniter\Session\Handlers\FileHandler' driver.
INFO - 2023-03-11 09:41:31 --> CSRF token verified.
INFO - 2023-03-11 09:41:31 --> Session: Class initialized using 'CodeIgniter\Session\Handlers\FileHandler' driver.
INFO - 2023-03-11 09:41:45 --> CSRF token verified.
INFO - 2023-03-11 09:41:45 --> Session: Class initialized using 'CodeIgniter\Session\Handlers\FileHandler' driver.
INFO - 2023-03-11 09:41:45 --> Session: Class initialized using 'CodeIgniter\Session\Handlers\FileHandler' driver.
INFO - 2023-03-11 09:42:16 --> Session: Class initialized using 'CodeIgniter\Session\Handlers\FileHandler' driver.
INFO - 2023-03-11 09:42:26 --> CSRF token verified.
INFO - 2023-03-11 09:42:26 --> Session: Class initialized using 'CodeIgniter\Session\Handlers\FileHandler' driver.
ERROR - 2023-03-11 09:42:26 --> mysqli_sql_exception: Cannot add or update a child row: a foreign key constraint fails (`Gloutonnade`.`recette`, CONSTRAINT `fk_recette_membre1` FOREIGN KEY (`membre_id`) REFERENCES `membre` (`id`) ON DELETE NO ACTION ON UPDATE NO ACTION) in /srv/gloutonnade/system/Database/MySQLi/Connection.php:295
Stack trace:
#0 /srv/gloutonnade/system/Database/MySQLi/Connection.php(295): mysqli->query()
#1 /srv/gloutonnade/system/Database/BaseConnection.php(691): CodeIgniter\Database\MySQLi\Connection->execute()
#2 /srv/gloutonnade/system/Database/BaseConnection.php(605): CodeIgniter\Database\BaseConnection->simpleQuery()
#3 /srv/gloutonnade/system/Database/BaseBuilder.php(2295): CodeIgniter\Database\BaseConnection->query()
#4 /srv/gloutonnade/system/Model.php(329): CodeIgniter\Database\BaseBuilder->insert()
#5 /srv/gloutonnade/system/BaseModel.php(782): CodeIgniter\Model->doInsert()
#6 /srv/gloutonnade/system/Model.php(729): CodeIgniter\BaseModel->insert()
#7 /srv/gloutonnade/app/Models/RecetteModel.php(32): CodeIgniter\Model->insert()
#8 /srv/gloutonnade/app/Controllers/Session.php(129): App\Models\RecetteModel->addRecette()
#9 /srv/gloutonnade/system/CodeIgniter.php(934): App\Controllers\Session->ajoutRecetteTest()
#10 /srv/gloutonnade/system/CodeIgniter.php(499): CodeIgniter\CodeIgniter->runController()
#11 /srv/gloutonnade/system/CodeIgniter.php(368): CodeIgniter\CodeIgniter->handleRequest()
#12 /srv/gloutonnade/public/index.php(67): CodeIgniter\CodeIgniter->run()
#13 {main}
CRITICAL - 2023-03-11 09:42:26 --> Cannot add or update a child row: a foreign key constraint fails (`Gloutonnade`.`recette`, CONSTRAINT `fk_recette_membre1` FOREIGN KEY (`membre_id`) REFERENCES `membre` (`id`) ON DELETE NO ACTION ON UPDATE NO ACTION)
in SYSTEMPATH/Database/BaseConnection.php on line 645.
 1 SYSTEMPATH/Database/BaseBuilder.php(2295): CodeIgniter\Database\BaseConnection->query()
 2 SYSTEMPATH/Model.php(329): CodeIgniter\Database\BaseBuilder->insert()
 3 SYSTEMPATH/BaseModel.php(782): CodeIgniter\Model->doInsert()
 4 SYSTEMPATH/Model.php(729): CodeIgniter\BaseModel->insert()
 5 APPPATH/Models/RecetteModel.php(32): CodeIgniter\Model->insert()
 6 APPPATH/Controllers/Session.php(129): App\Models\RecetteModel->addRecette()
 7 SYSTEMPATH/CodeIgniter.php(934): App\Controllers\Session->ajoutRecetteTest()
 8 SYSTEMPATH/CodeIgniter.php(499): CodeIgniter\CodeIgniter->runController()
 9 SYSTEMPATH/CodeIgniter.php(368): CodeIgniter\CodeIgniter->handleRequest()
10 FCPATH/index.php(67): CodeIgniter\CodeIgniter->run()
INFO - 2023-03-11 09:42:58 --> CSRF token verified.
INFO - 2023-03-11 09:42:58 --> Session: Class initialized using 'CodeIgniter\Session\Handlers\FileHandler' driver.
INFO - 2023-03-11 09:47:48 --> CSRF token verified.
INFO - 2023-03-11 09:47:48 --> Session: Class initialized using 'CodeIgniter\Session\Handlers\FileHandler' driver.
INFO - 2023-03-11 09:47:54 --> CSRF token verified.
INFO - 2023-03-11 09:47:54 --> Session: Class initialized using 'CodeIgniter\Session\Handlers\FileHandler' driver.
INFO - 2023-03-11 09:48:22 --> CSRF token verified.
INFO - 2023-03-11 09:48:22 --> Session: Class initialized using 'CodeIgniter\Session\Handlers\FileHandler' driver.
INFO - 2023-03-11 09:48:26 --> Session: Class initialized using 'CodeIgniter\Session\Handlers\FileHandler' driver.
CRITICAL - 2023-03-11 09:48:26 --> Undefined property: CodeIgniter\View\View::$session
in APPPATH/Views/template/formRecette.php on line 231.
 1 APPPATH/Views/template/formRecette.php(231): CodeIgniter\Debug\Exceptions->errorHandler()
 2 SYSTEMPATH/View/View.php(213): include('APPPATH/Views/template/formRecette.php')
 3 SYSTEMPATH/View/View.php(216): CodeIgniter\View\View->CodeIgniter\View\{closure}()
 4 SYSTEMPATH/Common.php(1177): CodeIgniter\View\View->render()
 5 APPPATH/Controllers/Session.php(135): view()
 6 SYSTEMPATH/CodeIgniter.php(934): App\Controllers\Session->ajoutRecetteTest()
 7 SYSTEMPATH/CodeIgniter.php(499): CodeIgniter\CodeIgniter->runController()
 8 SYSTEMPATH/CodeIgniter.php(368): CodeIgniter\CodeIgniter->handleRequest()
 9 FCPATH/index.php(67): CodeIgniter\CodeIgniter->run()
INFO - 2023-03-11 09:48:58 --> Session: Class initialized using 'CodeIgniter\Session\Handlers\FileHandler' driver.
CRITICAL - 2023-03-11 09:48:58 --> Call to undefined method CodeIgniter\View\View::session()
in APPPATH/Views/template/formRecette.php on line 231.
 1 SYSTEMPATH/View/View.php(213): include()
 2 SYSTEMPATH/View/View.php(216): CodeIgniter\View\View->CodeIgniter\View\{closure}()
 3 SYSTEMPATH/Common.php(1177): CodeIgniter\View\View->render()
 4 APPPATH/Controllers/Session.php(135): view()
 5 SYSTEMPATH/CodeIgniter.php(934): App\Controllers\Session->ajoutRecetteTest()
 6 SYSTEMPATH/CodeIgniter.php(499): CodeIgniter\CodeIgniter->runController()
 7 SYSTEMPATH/CodeIgniter.php(368): CodeIgniter\CodeIgniter->handleRequest()
 8 FCPATH/index.php(67): CodeIgniter\CodeIgniter->run()
INFO - 2023-03-11 09:50:06 --> Session: Class initialized using 'CodeIgniter\Session\Handlers\FileHandler' driver.
INFO - 2023-03-11 09:50:19 --> CSRF token verified.
INFO - 2023-03-11 09:50:19 --> Session: Class initialized using 'CodeIgniter\Session\Handlers\FileHandler' driver.
INFO - 2023-03-11 09:51:03 --> CSRF token verified.
INFO - 2023-03-11 09:51:03 --> Session: Class initialized using 'CodeIgniter\Session\Handlers\FileHandler' driver.
INFO - 2023-03-11 09:51:07 --> Session: Class initialized using 'CodeIgniter\Session\Handlers\FileHandler' driver.
INFO - 2023-03-11 09:51:11 --> Session: Class initialized using 'CodeIgniter\Session\Handlers\FileHandler' driver.
INFO - 2023-03-11 09:51:42 --> Session: Class initialized using 'CodeIgniter\Session\Handlers\FileHandler' driver.
INFO - 2023-03-11 09:51:51 --> CSRF token verified.
INFO - 2023-03-11 09:51:51 --> Session: Class initialized using 'CodeIgniter\Session\Handlers\FileHandler' driver.
INFO - 2023-03-11 09:52:25 --> Session: Class initialized using 'CodeIgniter\Session\Handlers\FileHandler' driver.
INFO - 2023-03-11 09:52:35 --> CSRF token verified.
INFO - 2023-03-11 09:52:35 --> Session: Class initialized using 'CodeIgniter\Session\Handlers\FileHandler' driver.
INFO - 2023-03-11 09:52:35 --> Session: Class initialized using 'CodeIgniter\Session\Handlers\FileHandler' driver.
INFO - 2023-03-11 09:56:21 --> Session: Class initialized using 'CodeIgniter\Session\Handlers\FileHandler' driver.
INFO - 2023-03-11 09:56:29 --> CSRF token verified.
INFO - 2023-03-11 09:56:29 --> Session: Class initialized using 'CodeIgniter\Session\Handlers\FileHandler' driver.
INFO - 2023-03-11 10:05:28 --> Session: Class initialized using 'CodeIgniter\Session\Handlers\FileHandler' driver.
INFO - 2023-03-11 10:05:32 --> Session: Class initialized using 'CodeIgniter\Session\Handlers\FileHandler' driver.
INFO - 2023-03-11 10:06:10 --> Session: Class initialized using 'CodeIgniter\Session\Handlers\FileHandler' driver.
INFO - 2023-03-11 10:06:20 --> Session: Class initialized using 'CodeIgniter\Session\Handlers\FileHandler' driver.
INFO - 2023-03-11 10:06:20 --> Session: Class initialized using 'CodeIgniter\Session\Handlers\FileHandler' driver.
INFO - 2023-03-11 10:06:22 --> Session: Class initialized using 'CodeIgniter\Session\Handlers\FileHandler' driver.
INFO - 2023-03-11 10:06:46 --> CSRF token verified.
INFO - 2023-03-11 10:06:46 --> Session: Class initialized using 'CodeIgniter\Session\Handlers\FileHandler' driver.
INFO - 2023-03-11 10:06:46 --> Session: Class initialized using 'CodeIgniter\Session\Handlers\FileHandler' driver.
INFO - 2023-03-11 10:06:49 --> Session: Class initialized using 'CodeIgniter\Session\Handlers\FileHandler' driver.
INFO - 2023-03-11 10:06:52 --> CSRF token verified.
INFO - 2023-03-11 10:06:52 --> Session: Class initialized using 'CodeIgniter\Session\Handlers\FileHandler' driver.
CRITICAL - 2023-03-11 10:06:52 --> date(): Argument #2 ($timestamp) must be of type ?int, bool given
in SYSTEMPATH/ThirdParty/Kint/Zval/Representation/SplFileInfoRepresentation.php on line 185.
 1 SYSTEMPATH/ThirdParty/Kint/Zval/Representation/SplFileInfoRepresentation.php(185): date()
 2 SYSTEMPATH/ThirdParty/Kint/Zval/Representation/SplFileInfoRepresentation.php(151): Kint\Zval\Representation\SplFileInfoRepresentation->getMTime()
 3 SYSTEMPATH/ThirdParty/Kint/Parser/SplFileInfoPlugin.php(53): Kint\Zval\Representation\SplFileInfoRepresentation->__construct()
 4 SYSTEMPATH/ThirdParty/Kint/Parser/Parser.php(632): Kint\Parser\SplFileInfoPlugin->parse()
 5 SYSTEMPATH/ThirdParty/Kint/Parser/Parser.php(427): Kint\Parser\Parser->applyPlugins()
 6 SYSTEMPATH/ThirdParty/Kint/Parser/Parser.php(138): Kint\Parser\Parser->parseObject()
 7 SYSTEMPATH/ThirdParty/Kint/Parser/Parser.php(383): Kint\Parser\Parser->parse()
 8 SYSTEMPATH/ThirdParty/Kint/Parser/Parser.php(131): Kint\Parser\Parser->parseArray()
 9 SYSTEMPATH/ThirdParty/Kint/Parser/Parser.php(565): Kint\Parser\Parser->parse()
10 SYSTEMPATH/ThirdParty/Kint/Parser/Parser.php(138): Kint\Parser\Parser->parseObject()
11 SYSTEMPATH/ThirdParty/Kint/Parser/Parser.php(565): Kint\Parser\Parser->parse()
12 SYSTEMPATH/ThirdParty/Kint/Parser/Parser.php(138): Kint\Parser\Parser->parseObject()
13 SYSTEMPATH/ThirdParty/Kint/Parser/Parser.php(565): Kint\Parser\Parser->parse()
14 SYSTEMPATH/ThirdParty/Kint/Parser/Parser.php(138): Kint\Parser\Parser->parseObject()
15 SYSTEMPATH/ThirdParty/Kint/Parser/Parser.php(383): Kint\Parser\Parser->parse()
16 SYSTEMPATH/ThirdParty/Kint/Parser/Parser.php(131): Kint\Parser\Parser->parseArray()
17 SYSTEMPATH/ThirdParty/Kint/Parser/Parser.php(565): Kint\Parser\Parser->parse()
18 SYSTEMPATH/ThirdParty/Kint/Parser/Parser.php(138): Kint\Parser\Parser->parseObject()
19 SYSTEMPATH/ThirdParty/Kint/Kint.php(285): Kint\Parser\Parser->parse()
20 SYSTEMPATH/ThirdParty/Kint/Kint.php(268): Kint\Kint->dumpVar()
21 SYSTEMPATH/ThirdParty/Kint/Kint.php(575): Kint\Kint->dumpAll()
22 SYSTEMPATH/Debug/Toolbar.php(110): Kint\Kint::dump()
23 SYSTEMPATH/Debug/Toolbar.php(371): CodeIgniter\Debug\Toolbar->run()
24 SYSTEMPATH/Filters/DebugToolbar.php(40): CodeIgniter\Debug\Toolbar->prepare()
25 SYSTEMPATH/Filters/Filters.php(196): CodeIgniter\Filters\DebugToolbar->after()
26 SYSTEMPATH/CodeIgniter.php(519): CodeIgniter\Filters\Filters->run()
27 SYSTEMPATH/CodeIgniter.php(368): CodeIgniter\CodeIgniter->handleRequest()
28 FCPATH/index.php(67): CodeIgniter\CodeIgniter->run()
INFO - 2023-03-11 10:08:44 --> CSRF token verified.
INFO - 2023-03-11 10:08:44 --> Session: Class initialized using 'CodeIgniter\Session\Handlers\FileHandler' driver.
CRITICAL - 2023-03-11 10:08:44 --> date(): Argument #2 ($timestamp) must be of type ?int, bool given
in SYSTEMPATH/ThirdParty/Kint/Zval/Representation/SplFileInfoRepresentation.php on line 185.
 1 SYSTEMPATH/ThirdParty/Kint/Zval/Representation/SplFileInfoRepresentation.php(185): date()
 2 SYSTEMPATH/ThirdParty/Kint/Zval/Representation/SplFileInfoRepresentation.php(151): Kint\Zval\Representation\SplFileInfoRepresentation->getMTime()
 3 SYSTEMPATH/ThirdParty/Kint/Parser/SplFileInfoPlugin.php(53): Kint\Zval\Representation\SplFileInfoRepresentation->__construct()
 4 SYSTEMPATH/ThirdParty/Kint/Parser/Parser.php(632): Kint\Parser\SplFileInfoPlugin->parse()
 5 SYSTEMPATH/ThirdParty/Kint/Parser/Parser.php(427): Kint\Parser\Parser->applyPlugins()
 6 SYSTEMPATH/ThirdParty/Kint/Parser/Parser.php(138): Kint\Parser\Parser->parseObject()
 7 SYSTEMPATH/ThirdParty/Kint/Parser/Parser.php(383): Kint\Parser\Parser->parse()
 8 SYSTEMPATH/ThirdParty/Kint/Parser/Parser.php(131): Kint\Parser\Parser->parseArray()
 9 SYSTEMPATH/ThirdParty/Kint/Parser/Parser.php(565): Kint\Parser\Parser->parse()
10 SYSTEMPATH/ThirdParty/Kint/Parser/Parser.php(138): Kint\Parser\Parser->parseObject()
11 SYSTEMPATH/ThirdParty/Kint/Parser/Parser.php(565): Kint\Parser\Parser->parse()
12 SYSTEMPATH/ThirdParty/Kint/Parser/Parser.php(138): Kint\Parser\Parser->parseObject()
13 SYSTEMPATH/ThirdParty/Kint/Parser/Parser.php(565): Kint\Parser\Parser->parse()
14 SYSTEMPATH/ThirdParty/Kint/Parser/Parser.php(138): Kint\Parser\Parser->parseObject()
15 SYSTEMPATH/ThirdParty/Kint/Parser/Parser.php(383): Kint\Parser\Parser->parse()
16 SYSTEMPATH/ThirdParty/Kint/Parser/Parser.php(131): Kint\Parser\Parser->parseArray()
17 SYSTEMPATH/ThirdParty/Kint/Parser/Parser.php(565): Kint\Parser\Parser->parse()
18 SYSTEMPATH/ThirdParty/Kint/Parser/Parser.php(138): Kint\Parser\Parser->parseObject()
19 SYSTEMPATH/ThirdParty/Kint/Kint.php(285): Kint\Parser\Parser->parse()
20 SYSTEMPATH/ThirdParty/Kint/Kint.php(268): Kint\Kint->dumpVar()
21 SYSTEMPATH/ThirdParty/Kint/Kint.php(575): Kint\Kint->dumpAll()
22 SYSTEMPATH/Debug/Toolbar.php(110): Kint\Kint::dump()
23 SYSTEMPATH/Debug/Toolbar.php(371): CodeIgniter\Debug\Toolbar->run()
24 SYSTEMPATH/Filters/DebugToolbar.php(40): CodeIgniter\Debug\Toolbar->prepare()
25 SYSTEMPATH/Filters/Filters.php(196): CodeIgniter\Filters\DebugToolbar->after()
26 SYSTEMPATH/CodeIgniter.php(519): CodeIgniter\Filters\Filters->run()
27 SYSTEMPATH/CodeIgniter.php(368): CodeIgniter\CodeIgniter->handleRequest()
28 FCPATH/index.php(67): CodeIgniter\CodeIgniter->run()
INFO - 2023-03-11 10:08:46 --> Session: Class initialized using 'CodeIgniter\Session\Handlers\FileHandler' driver.
INFO - 2023-03-11 10:08:49 --> CSRF token verified.
INFO - 2023-03-11 10:08:49 --> Session: Class initialized using 'CodeIgniter\Session\Handlers\FileHandler' driver.
CRITICAL - 2023-03-11 10:08:49 --> date(): Argument #2 ($timestamp) must be of type ?int, bool given
in SYSTEMPATH/ThirdParty/Kint/Zval/Representation/SplFileInfoRepresentation.php on line 185.
 1 SYSTEMPATH/ThirdParty/Kint/Zval/Representation/SplFileInfoRepresentation.php(185): date()
 2 SYSTEMPATH/ThirdParty/Kint/Zval/Representation/SplFileInfoRepresentation.php(151): Kint\Zval\Representation\SplFileInfoRepresentation->getMTime()
 3 SYSTEMPATH/ThirdParty/Kint/Parser/SplFileInfoPlugin.php(53): Kint\Zval\Representation\SplFileInfoRepresentation->__construct()
 4 SYSTEMPATH/ThirdParty/Kint/Parser/Parser.php(632): Kint\Parser\SplFileInfoPlugin->parse()
 5 SYSTEMPATH/ThirdParty/Kint/Parser/Parser.php(427): Kint\Parser\Parser->applyPlugins()
 6 SYSTEMPATH/ThirdParty/Kint/Parser/Parser.php(138): Kint\Parser\Parser->parseObject()
 7 SYSTEMPATH/ThirdParty/Kint/Parser/Parser.php(383): Kint\Parser\Parser->parse()
 8 SYSTEMPATH/ThirdParty/Kint/Parser/Parser.php(131): Kint\Parser\Parser->parseArray()
 9 SYSTEMPATH/ThirdParty/Kint/Parser/Parser.php(565): Kint\Parser\Parser->parse()
10 SYSTEMPATH/ThirdParty/Kint/Parser/Parser.php(138): Kint\Parser\Parser->parseObject()
11 SYSTEMPATH/ThirdParty/Kint/Parser/Parser.php(565): Kint\Parser\Parser->parse()
12 SYSTEMPATH/ThirdParty/Kint/Parser/Parser.php(138): Kint\Parser\Parser->parseObject()
13 SYSTEMPATH/ThirdParty/Kint/Parser/Parser.php(565): Kint\Parser\Parser->parse()
14 SYSTEMPATH/ThirdParty/Kint/Parser/Parser.php(138): Kint\Parser\Parser->parseObject()
15 SYSTEMPATH/ThirdParty/Kint/Parser/Parser.php(383): Kint\Parser\Parser->parse()
16 SYSTEMPATH/ThirdParty/Kint/Parser/Parser.php(131): Kint\Parser\Parser->parseArray()
17 SYSTEMPATH/ThirdParty/Kint/Parser/Parser.php(565): Kint\Parser\Parser->parse()
18 SYSTEMPATH/ThirdParty/Kint/Parser/Parser.php(138): Kint\Parser\Parser->parseObject()
19 SYSTEMPATH/ThirdParty/Kint/Kint.php(285): Kint\Parser\Parser->parse()
20 SYSTEMPATH/ThirdParty/Kint/Kint.php(268): Kint\Kint->dumpVar()
21 SYSTEMPATH/ThirdParty/Kint/Kint.php(575): Kint\Kint->dumpAll()
22 SYSTEMPATH/Debug/Toolbar.php(110): Kint\Kint::dump()
23 SYSTEMPATH/Debug/Toolbar.php(371): CodeIgniter\Debug\Toolbar->run()
24 SYSTEMPATH/Filters/DebugToolbar.php(40): CodeIgniter\Debug\Toolbar->prepare()
25 SYSTEMPATH/Filters/Filters.php(196): CodeIgniter\Filters\DebugToolbar->after()
26 SYSTEMPATH/CodeIgniter.php(519): CodeIgniter\Filters\Filters->run()
27 SYSTEMPATH/CodeIgniter.php(368): CodeIgniter\CodeIgniter->handleRequest()
28 FCPATH/index.php(67): CodeIgniter\CodeIgniter->run()
INFO - 2023-03-11 10:15:53 --> Session: Class initialized using 'CodeIgniter\Session\Handlers\FileHandler' driver.
INFO - 2023-03-11 10:15:55 --> Session: Class initialized using 'CodeIgniter\Session\Handlers\FileHandler' driver.
INFO - 2023-03-11 10:16:15 --> Session: Class initialized using 'CodeIgniter\Session\Handlers\FileHandler' driver.
INFO - 2023-03-11 10:16:27 --> CSRF token verified.
INFO - 2023-03-11 10:16:27 --> Session: Class initialized using 'CodeIgniter\Session\Handlers\FileHandler' driver.
INFO - 2023-03-11 10:17:47 --> CSRF token verified.
INFO - 2023-03-11 10:17:47 --> Session: Class initialized using 'CodeIgniter\Session\Handlers\FileHandler' driver.
INFO - 2023-03-11 10:17:53 --> Session: Class initialized using 'CodeIgniter\Session\Handlers\FileHandler' driver.
INFO - 2023-03-11 10:17:55 --> CSRF token verified.
INFO - 2023-03-11 10:17:55 --> Session: Class initialized using 'CodeIgniter\Session\Handlers\FileHandler' driver.
INFO - 2023-03-11 10:18:06 --> Session: Class initialized using 'CodeIgniter\Session\Handlers\FileHandler' driver.
INFO - 2023-03-11 10:18:28 --> Session: Class initialized using 'CodeIgniter\Session\Handlers\FileHandler' driver.
INFO - 2023-03-11 10:18:38 --> CSRF token verified.
INFO - 2023-03-11 10:18:38 --> Session: Class initialized using 'CodeIgniter\Session\Handlers\FileHandler' driver.
INFO - 2023-03-11 10:19:16 --> Session: Class initialized using 'CodeIgniter\Session\Handlers\FileHandler' driver.
INFO - 2023-03-11 10:19:22 --> Session: Class initialized using 'CodeIgniter\Session\Handlers\FileHandler' driver.
INFO - 2023-03-11 10:19:36 --> CSRF token verified.
INFO - 2023-03-11 10:19:36 --> Session: Class initialized using 'CodeIgniter\Session\Handlers\FileHandler' driver.
INFO - 2023-03-11 11:07:24 --> Session: Class initialized using 'CodeIgniter\Session\Handlers\FileHandler' driver.
INFO - 2023-03-11 11:07:36 --> Session: Class initialized using 'CodeIgniter\Session\Handlers\FileHandler' driver.
INFO - 2023-03-11 11:07:36 --> Session: Class initialized using 'CodeIgniter\Session\Handlers\FileHandler' driver.
INFO - 2023-03-11 11:07:48 --> Session: Class initialized using 'CodeIgniter\Session\Handlers\FileHandler' driver.
INFO - 2023-03-11 11:07:49 --> Session: Class initialized using 'CodeIgniter\Session\Handlers\FileHandler' driver.
INFO - 2023-03-11 11:08:08 --> CSRF token verified.
INFO - 2023-03-11 11:08:08 --> Session: Class initialized using 'CodeIgniter\Session\Handlers\FileHandler' driver.
INFO - 2023-03-11 11:08:08 --> Session: Class initialized using 'CodeIgniter\Session\Handlers\FileHandler' driver.
INFO - 2023-03-11 11:08:13 --> Session: Class initialized using 'CodeIgniter\Session\Handlers\FileHandler' driver.
INFO - 2023-03-11 11:08:18 --> CSRF token verified.
INFO - 2023-03-11 11:08:18 --> Session: Class initialized using 'CodeIgniter\Session\Handlers\FileHandler' driver.
CRITICAL - 2023-03-11 11:08:18 --> date(): Argument #2 ($timestamp) must be of type ?int, bool given
in SYSTEMPATH/ThirdParty/Kint/Zval/Representation/SplFileInfoRepresentation.php on line 185.
 1 SYSTEMPATH/ThirdParty/Kint/Zval/Representation/SplFileInfoRepresentation.php(185): date()
 2 SYSTEMPATH/ThirdParty/Kint/Zval/Representation/SplFileInfoRepresentation.php(151): Kint\Zval\Representation\SplFileInfoRepresentation->getMTime()
 3 SYSTEMPATH/ThirdParty/Kint/Parser/SplFileInfoPlugin.php(53): Kint\Zval\Representation\SplFileInfoRepresentation->__construct()
 4 SYSTEMPATH/ThirdParty/Kint/Parser/Parser.php(632): Kint\Parser\SplFileInfoPlugin->parse()
 5 SYSTEMPATH/ThirdParty/Kint/Parser/Parser.php(427): Kint\Parser\Parser->applyPlugins()
 6 SYSTEMPATH/ThirdParty/Kint/Parser/Parser.php(138): Kint\Parser\Parser->parseObject()
 7 SYSTEMPATH/ThirdParty/Kint/Parser/Parser.php(383): Kint\Parser\Parser->parse()
 8 SYSTEMPATH/ThirdParty/Kint/Parser/Parser.php(131): Kint\Parser\Parser->parseArray()
 9 SYSTEMPATH/ThirdParty/Kint/Parser/Parser.php(565): Kint\Parser\Parser->parse()
10 SYSTEMPATH/ThirdParty/Kint/Parser/Parser.php(138): Kint\Parser\Parser->parseObject()
11 SYSTEMPATH/ThirdParty/Kint/Parser/Parser.php(565): Kint\Parser\Parser->parse()
12 SYSTEMPATH/ThirdParty/Kint/Parser/Parser.php(138): Kint\Parser\Parser->parseObject()
13 SYSTEMPATH/ThirdParty/Kint/Parser/Parser.php(565): Kint\Parser\Parser->parse()
14 SYSTEMPATH/ThirdParty/Kint/Parser/Parser.php(138): Kint\Parser\Parser->parseObject()
15 SYSTEMPATH/ThirdParty/Kint/Parser/Parser.php(383): Kint\Parser\Parser->parse()
16 SYSTEMPATH/ThirdParty/Kint/Parser/Parser.php(131): Kint\Parser\Parser->parseArray()
17 SYSTEMPATH/ThirdParty/Kint/Parser/Parser.php(565): Kint\Parser\Parser->parse()
18 SYSTEMPATH/ThirdParty/Kint/Parser/Parser.php(138): Kint\Parser\Parser->parseObject()
19 SYSTEMPATH/ThirdParty/Kint/Kint.php(285): Kint\Parser\Parser->parse()
20 SYSTEMPATH/ThirdParty/Kint/Kint.php(268): Kint\Kint->dumpVar()
21 SYSTEMPATH/ThirdParty/Kint/Kint.php(575): Kint\Kint->dumpAll()
22 SYSTEMPATH/Debug/Toolbar.php(110): Kint\Kint::dump()
23 SYSTEMPATH/Debug/Toolbar.php(371): CodeIgniter\Debug\Toolbar->run()
24 SYSTEMPATH/Filters/DebugToolbar.php(40): CodeIgniter\Debug\Toolbar->prepare()
25 SYSTEMPATH/Filters/Filters.php(196): CodeIgniter\Filters\DebugToolbar->after()
26 SYSTEMPATH/CodeIgniter.php(519): CodeIgniter\Filters\Filters->run()
27 SYSTEMPATH/CodeIgniter.php(368): CodeIgniter\CodeIgniter->handleRequest()
28 FCPATH/index.php(67): CodeIgniter\CodeIgniter->run()
INFO - 2023-03-11 11:10:15 --> Session: Class initialized using 'CodeIgniter\Session\Handlers\FileHandler' driver.
INFO - 2023-03-11 11:10:19 --> Session: Class initialized using 'CodeIgniter\Session\Handlers\FileHandler' driver.
INFO - 2023-03-11 11:10:24 --> Session: Class initialized using 'CodeIgniter\Session\Handlers\FileHandler' driver.
INFO - 2023-03-11 11:10:26 --> Session: Class initialized using 'CodeIgniter\Session\Handlers\FileHandler' driver.
INFO - 2023-03-11 11:10:30 --> Session: Class initialized using 'CodeIgniter\Session\Handlers\FileHandler' driver.
INFO - 2023-03-11 11:18:08 --> CSRF token verified.
INFO - 2023-03-11 11:18:08 --> Session: Class initialized using 'CodeIgniter\Session\Handlers\FileHandler' driver.
INFO - 2023-03-11 11:18:39 --> CSRF token verified.
INFO - 2023-03-11 11:18:39 --> Session: Class initialized using 'CodeIgniter\Session\Handlers\FileHandler' driver.
ERROR - 2023-03-11 11:18:39 --> mysqli_sql_exception: Cannot add or update a child row: a foreign key constraint fails (`Gloutonnade`.`recette_tag`, CONSTRAINT `fk_recette_tags_recette1` FOREIGN KEY (`id_tag`) REFERENCES `recette` (`id`) ON DELETE NO ACTION ON UPDATE NO ACTION) in /srv/gloutonnade/system/Database/MySQLi/Connection.php:295
Stack trace:
#0 /srv/gloutonnade/system/Database/MySQLi/Connection.php(295): mysqli->query()
#1 /srv/gloutonnade/system/Database/BaseConnection.php(691): CodeIgniter\Database\MySQLi\Connection->execute()
#2 /srv/gloutonnade/system/Database/BaseConnection.php(605): CodeIgniter\Database\BaseConnection->simpleQuery()
#3 /srv/gloutonnade/system/Database/BaseBuilder.php(2295): CodeIgniter\Database\BaseConnection->query()
#4 /srv/gloutonnade/app/Models/RecetteModel.php(42): CodeIgniter\Database\BaseBuilder->insert()
#5 /srv/gloutonnade/app/Controllers/Session.php(125): App\Models\RecetteModel->addRecette()
#6 /srv/gloutonnade/system/CodeIgniter.php(934): App\Controllers\Session->ajoutRecetteTest()
#7 /srv/gloutonnade/system/CodeIgniter.php(499): CodeIgniter\CodeIgniter->runController()
#8 /srv/gloutonnade/system/CodeIgniter.php(368): CodeIgniter\CodeIgniter->handleRequest()
#9 /srv/gloutonnade/public/index.php(67): CodeIgniter\CodeIgniter->run()
#10 {main}
CRITICAL - 2023-03-11 11:18:39 --> Cannot add or update a child row: a foreign key constraint fails (`Gloutonnade`.`recette_tag`, CONSTRAINT `fk_recette_tags_recette1` FOREIGN KEY (`id_tag`) REFERENCES `recette` (`id`) ON DELETE NO ACTION ON UPDATE NO ACTION)
in SYSTEMPATH/Database/BaseConnection.php on line 645.
 1 SYSTEMPATH/Database/BaseBuilder.php(2295): CodeIgniter\Database\BaseConnection->query()
 2 APPPATH/Models/RecetteModel.php(42): CodeIgniter\Database\BaseBuilder->insert()
 3 APPPATH/Controllers/Session.php(125): App\Models\RecetteModel->addRecette()
 4 SYSTEMPATH/CodeIgniter.php(934): App\Controllers\Session->ajoutRecetteTest()
 5 SYSTEMPATH/CodeIgniter.php(499): CodeIgniter\CodeIgniter->runController()
 6 SYSTEMPATH/CodeIgniter.php(368): CodeIgniter\CodeIgniter->handleRequest()
 7 FCPATH/index.php(67): CodeIgniter\CodeIgniter->run()
INFO - 2023-03-11 11:29:17 --> CSRF token verified.
INFO - 2023-03-11 11:29:17 --> Session: Class initialized using 'CodeIgniter\Session\Handlers\FileHandler' driver.
INFO - 2023-03-11 11:29:17 --> Session: Class initialized using 'CodeIgniter\Session\Handlers\FileHandler' driver.
INFO - 2023-03-11 11:32:10 --> Session: Class initialized using 'CodeIgniter\Session\Handlers\FileHandler' driver.
INFO - 2023-03-11 11:32:10 --> Session: Class initialized using 'CodeIgniter\Session\Handlers\FileHandler' driver.
INFO - 2023-03-11 11:32:12 --> Session: Class initialized using 'CodeIgniter\Session\Handlers\FileHandler' driver.
INFO - 2023-03-11 11:32:34 --> CSRF token verified.
INFO - 2023-03-11 11:32:34 --> Session: Class initialized using 'CodeIgniter\Session\Handlers\FileHandler' driver.
INFO - 2023-03-11 11:32:34 --> Session: Class initialized using 'CodeIgniter\Session\Handlers\FileHandler' driver.
INFO - 2023-03-11 11:32:37 --> Session: Class initialized using 'CodeIgniter\Session\Handlers\FileHandler' driver.
INFO - 2023-03-11 11:49:01 --> CSRF token verified.
INFO - 2023-03-11 11:49:01 --> Session: Class initialized using 'CodeIgniter\Session\Handlers\FileHandler' driver.
INFO - 2023-03-11 11:49:01 --> Session: Class initialized using 'CodeIgniter\Session\Handlers\FileHandler' driver.
INFO - 2023-03-11 11:50:13 --> Session: Class initialized using 'CodeIgniter\Session\Handlers\FileHandler' driver.
INFO - 2023-03-11 12:00:58 --> CSRF token verified.
INFO - 2023-03-11 12:00:58 --> Session: Class initialized using 'CodeIgniter\Session\Handlers\FileHandler' driver.
INFO - 2023-03-11 12:00:58 --> Session: Class initialized using 'CodeIgniter\Session\Handlers\FileHandler' driver.
INFO - 2023-03-11 12:01:04 --> Session: Class initialized using 'CodeIgniter\Session\Handlers\FileHandler' driver.
INFO - 2023-03-11 12:01:04 --> Session: Class initialized using 'CodeIgniter\Session\Handlers\FileHandler' driver.
INFO - 2023-03-11 12:03:49 --> Session: Class initialized using 'CodeIgniter\Session\Handlers\FileHandler' driver.
INFO - 2023-03-11 12:03:59 --> CSRF token verified.
INFO - 2023-03-11 12:03:59 --> Session: Class initialized using 'CodeIgniter\Session\Handlers\FileHandler' driver.
INFO - 2023-03-11 12:03:59 --> Session: Class initialized using 'CodeIgniter\Session\Handlers\FileHandler' driver.
INFO - 2023-03-11 12:04:05 --> Session: Class initialized using 'CodeIgniter\Session\Handlers\FileHandler' driver.
INFO - 2023-03-11 12:08:46 --> Session: Class initialized using 'CodeIgniter\Session\Handlers\FileHandler' driver.
INFO - 2023-03-11 12:15:06 --> CSRF token verified.
INFO - 2023-03-11 12:15:06 --> Session: Class initialized using 'CodeIgniter\Session\Handlers\FileHandler' driver.
INFO - 2023-03-11 12:15:06 --> Session: Class initialized using 'CodeIgniter\Session\Handlers\FileHandler' driver.
INFO - 2023-03-11 12:16:18 --> Session: Class initialized using 'CodeIgniter\Session\Handlers\FileHandler' driver.
INFO - 2023-03-11 12:17:22 --> CSRF token verified.
INFO - 2023-03-11 12:17:22 --> Session: Class initialized using 'CodeIgniter\Session\Handlers\FileHandler' driver.
INFO - 2023-03-11 12:17:22 --> Session: Class initialized using 'CodeIgniter\Session\Handlers\FileHandler' driver.
INFO - 2023-03-11 12:17:35 --> Session: Class initialized using 'CodeIgniter\Session\Handlers\FileHandler' driver.
INFO - 2023-03-11 12:21:28 --> CSRF token verified.
INFO - 2023-03-11 12:21:28 --> Session: Class initialized using 'CodeIgniter\Session\Handlers\FileHandler' driver.
INFO - 2023-03-11 12:21:28 --> Session: Class initialized using 'CodeIgniter\Session\Handlers\FileHandler' driver.
INFO - 2023-03-11 12:32:24 --> Session: Class initialized using 'CodeIgniter\Session\Handlers\FileHandler' driver.
INFO - 2023-03-11 12:38:04 --> CSRF token verified.
INFO - 2023-03-11 12:38:04 --> Session: Class initialized using 'CodeIgniter\Session\Handlers\FileHandler' driver.
INFO - 2023-03-11 12:38:04 --> Session: Class initialized using 'CodeIgniter\Session\Handlers\FileHandler' driver.
INFO - 2023-03-11 12:38:51 --> Session: Class initialized using 'CodeIgniter\Session\Handlers\FileHandler' driver.
INFO - 2023-03-11 12:38:51 --> Session: Class initialized using 'CodeIgniter\Session\Handlers\FileHandler' driver.
INFO - 2023-03-11 12:39:06 --> Session: Class initialized using 'CodeIgniter\Session\Handlers\FileHandler' driver.
